{"C:\\Users\\Windows\\Desktop\\UNIVERSAL\\ULibraryFrontEnd\\src\\Depositx.svelte": {"path":"C:\\Users\\Windows\\Desktop\\UNIVERSAL\\ULibraryFrontEnd\\src\\Depositx.svelte","statementMap":{"0":{"start":{"line":4,"column":375},"end":{"line":4,"column":401}},"1":{"start":{"line":5,"column":31},"end":{"line":5,"column":38}},"2":{"start":{"line":6,"column":38},"end":{"line":6,"column":60}},"3":{"start":{"line":7,"column":30},"end":{"line":7,"column":58}},"4":{"start":{"line":8,"column":26},"end":{"line":8,"column":46}},"5":{"start":{"line":9,"column":13},"end":{"line":9,"column":30}},"6":{"start":{"line":12,"column":1},"end":{"line":12,"column":15439}},"7":{"start":{"line":55,"column":31},"end":{"line":55,"column":45}},"8":{"start":{"line":59,"column":31},"end":{"line":59,"column":46}},"9":{"start":{"line":63,"column":28},"end":{"line":63,"column":43}},"10":{"start":{"line":66,"column":22},"end":{"line":66,"column":24}},"11":{"start":{"line":68,"column":1},"end":{"line":70,"column":2}},"12":{"start":{"line":69,"column":2},"end":{"line":69,"column":53}},"13":{"start":{"line":72,"column":1},"end":{"line":74,"column":2}},"14":{"start":{"line":73,"column":2},"end":{"line":73,"column":53}},"15":{"start":{"line":76,"column":1},"end":{"line":78,"column":2}},"16":{"start":{"line":77,"column":2},"end":{"line":77,"column":47}},"17":{"start":{"line":80,"column":1},"end":{"line":80,"column":68}},"18":{"start":{"line":81,"column":1},"end":{"line":81,"column":83}},"19":{"start":{"line":81,"column":30},"end":{"line":81,"column":81}},"20":{"start":{"line":82,"column":1},"end":{"line":82,"column":83}},"21":{"start":{"line":82,"column":30},"end":{"line":82,"column":81}},"22":{"start":{"line":83,"column":1},"end":{"line":83,"column":77}},"23":{"start":{"line":83,"column":30},"end":{"line":83,"column":75}},"24":{"start":{"line":85,"column":15},"end":{"line":261,"column":2}},"25":{"start":{"line":87,"column":3},"end":{"line":87,"column":42}},"26":{"start":{"line":88,"column":3},"end":{"line":88,"column":16}},"27":{"start":{"line":89,"column":3},"end":{"line":89,"column":25}},"28":{"start":{"line":90,"column":3},"end":{"line":90,"column":25}},"29":{"start":{"line":91,"column":3},"end":{"line":91,"column":25}},"30":{"start":{"line":92,"column":3},"end":{"line":92,"column":31}},"31":{"start":{"line":93,"column":3},"end":{"line":93,"column":32}},"32":{"start":{"line":94,"column":3},"end":{"line":94,"column":16}},"33":{"start":{"line":95,"column":3},"end":{"line":95,"column":25}},"34":{"start":{"line":96,"column":3},"end":{"line":96,"column":25}},"35":{"start":{"line":97,"column":3},"end":{"line":97,"column":21}},"36":{"start":{"line":98,"column":3},"end":{"line":98,"column":51}},"37":{"start":{"line":99,"column":3},"end":{"line":99,"column":16}},"38":{"start":{"line":100,"column":3},"end":{"line":100,"column":25}},"39":{"start":{"line":101,"column":3},"end":{"line":101,"column":28}},"40":{"start":{"line":102,"column":3},"end":{"line":102,"column":16}},"41":{"start":{"line":103,"column":3},"end":{"line":103,"column":31}},"42":{"start":{"line":104,"column":3},"end":{"line":104,"column":35}},"43":{"start":{"line":105,"column":3},"end":{"line":105,"column":16}},"44":{"start":{"line":106,"column":3},"end":{"line":106,"column":25}},"45":{"start":{"line":107,"column":3},"end":{"line":107,"column":21}},"46":{"start":{"line":108,"column":3},"end":{"line":108,"column":88}},"47":{"start":{"line":109,"column":3},"end":{"line":109,"column":16}},"48":{"start":{"line":110,"column":3},"end":{"line":110,"column":21}},"49":{"start":{"line":111,"column":3},"end":{"line":111,"column":139}},"50":{"start":{"line":112,"column":3},"end":{"line":112,"column":20}},"51":{"start":{"line":113,"column":3},"end":{"line":113,"column":44}},"52":{"start":{"line":114,"column":3},"end":{"line":114,"column":17}},"53":{"start":{"line":115,"column":3},"end":{"line":115,"column":25}},"54":{"start":{"line":116,"column":3},"end":{"line":116,"column":21}},"55":{"start":{"line":117,"column":3},"end":{"line":117,"column":33}},"56":{"start":{"line":118,"column":3},"end":{"line":118,"column":17}},"57":{"start":{"line":119,"column":3},"end":{"line":119,"column":21}},"58":{"start":{"line":120,"column":3},"end":{"line":120,"column":122}},"59":{"start":{"line":121,"column":3},"end":{"line":121,"column":17}},"60":{"start":{"line":122,"column":3},"end":{"line":122,"column":31}},"61":{"start":{"line":123,"column":3},"end":{"line":123,"column":29}},"62":{"start":{"line":125,"column":3},"end":{"line":127,"column":30}},"63":{"start":{"line":129,"column":3},"end":{"line":129,"column":45}},"64":{"start":{"line":130,"column":3},"end":{"line":130,"column":57}},"65":{"start":{"line":131,"column":3},"end":{"line":131,"column":41}},"66":{"start":{"line":132,"column":3},"end":{"line":132,"column":65}},"67":{"start":{"line":133,"column":3},"end":{"line":133,"column":40}},"68":{"start":{"line":134,"column":3},"end":{"line":134,"column":52}},"69":{"start":{"line":135,"column":3},"end":{"line":135,"column":68}},"70":{"start":{"line":136,"column":3},"end":{"line":136,"column":35}},"71":{"start":{"line":137,"column":3},"end":{"line":137,"column":55}},"72":{"start":{"line":138,"column":3},"end":{"line":138,"column":43}},"73":{"start":{"line":139,"column":3},"end":{"line":139,"column":68}},"74":{"start":{"line":140,"column":3},"end":{"line":140,"column":45}},"75":{"start":{"line":141,"column":3},"end":{"line":141,"column":42}},"76":{"start":{"line":142,"column":3},"end":{"line":142,"column":40}},"77":{"start":{"line":143,"column":3},"end":{"line":143,"column":73}},"78":{"start":{"line":144,"column":3},"end":{"line":144,"column":35}},"79":{"start":{"line":145,"column":3},"end":{"line":145,"column":32}},"80":{"start":{"line":146,"column":3},"end":{"line":146,"column":39}},"81":{"start":{"line":147,"column":3},"end":{"line":147,"column":40}},"82":{"start":{"line":148,"column":3},"end":{"line":148,"column":42}},"83":{"start":{"line":149,"column":3},"end":{"line":149,"column":66}},"84":{"start":{"line":150,"column":3},"end":{"line":150,"column":40}},"85":{"start":{"line":151,"column":3},"end":{"line":151,"column":40}},"86":{"start":{"line":152,"column":3},"end":{"line":152,"column":42}},"87":{"start":{"line":153,"column":3},"end":{"line":153,"column":61}},"88":{"start":{"line":154,"column":3},"end":{"line":154,"column":42}},"89":{"start":{"line":155,"column":3},"end":{"line":155,"column":62}},"90":{"start":{"line":156,"column":3},"end":{"line":156,"column":41}},"91":{"start":{"line":157,"column":3},"end":{"line":157,"column":58}},"92":{"start":{"line":158,"column":3},"end":{"line":158,"column":41}},"93":{"start":{"line":159,"column":3},"end":{"line":159,"column":56}},"94":{"start":{"line":160,"column":3},"end":{"line":160,"column":44}},"95":{"start":{"line":161,"column":3},"end":{"line":161,"column":61}},"96":{"start":{"line":162,"column":3},"end":{"line":162,"column":41}},"97":{"start":{"line":165,"column":3},"end":{"line":165,"column":114}},"98":{"start":{"line":168,"column":3},"end":{"line":168,"column":45}},"99":{"start":{"line":169,"column":3},"end":{"line":169,"column":34}},"100":{"start":{"line":170,"column":3},"end":{"line":170,"column":36}},"101":{"start":{"line":171,"column":3},"end":{"line":171,"column":26}},"102":{"start":{"line":172,"column":3},"end":{"line":172,"column":26}},"103":{"start":{"line":173,"column":3},"end":{"line":173,"column":29}},"104":{"start":{"line":174,"column":3},"end":{"line":174,"column":27}},"105":{"start":{"line":175,"column":3},"end":{"line":175,"column":24}},"106":{"start":{"line":176,"column":3},"end":{"line":176,"column":26}},"107":{"start":{"line":177,"column":3},"end":{"line":177,"column":26}},"108":{"start":{"line":178,"column":3},"end":{"line":178,"column":24}},"109":{"start":{"line":179,"column":3},"end":{"line":179,"column":24}},"110":{"start":{"line":180,"column":3},"end":{"line":180,"column":26}},"111":{"start":{"line":181,"column":3},"end":{"line":181,"column":27}},"112":{"start":{"line":182,"column":3},"end":{"line":182,"column":56}},"113":{"start":{"line":183,"column":3},"end":{"line":183,"column":24}},"114":{"start":{"line":184,"column":3},"end":{"line":184,"column":29}},"115":{"start":{"line":185,"column":3},"end":{"line":185,"column":24}},"116":{"start":{"line":186,"column":3},"end":{"line":186,"column":26}},"117":{"start":{"line":187,"column":3},"end":{"line":187,"column":24}},"118":{"start":{"line":188,"column":3},"end":{"line":188,"column":24}},"119":{"start":{"line":189,"column":3},"end":{"line":189,"column":24}},"120":{"start":{"line":190,"column":3},"end":{"line":190,"column":23}},"121":{"start":{"line":191,"column":3},"end":{"line":191,"column":21}},"122":{"start":{"line":192,"column":3},"end":{"line":192,"column":25}},"123":{"start":{"line":193,"column":3},"end":{"line":193,"column":26}},"124":{"start":{"line":194,"column":3},"end":{"line":194,"column":24}},"125":{"start":{"line":195,"column":3},"end":{"line":195,"column":25}},"126":{"start":{"line":196,"column":3},"end":{"line":196,"column":24}},"127":{"start":{"line":197,"column":3},"end":{"line":197,"column":25}},"128":{"start":{"line":198,"column":3},"end":{"line":198,"column":29}},"129":{"start":{"line":199,"column":3},"end":{"line":199,"column":18}},"130":{"start":{"line":201,"column":3},"end":{"line":210,"column":4}},"131":{"start":{"line":202,"column":4},"end":{"line":207,"column":6}},"132":{"start":{"line":209,"column":4},"end":{"line":209,"column":19}},"133":{"start":{"line":213,"column":28},"end":{"line":213,"column":30}},"134":{"start":{"line":215,"column":3},"end":{"line":219,"column":4}},"135":{"start":{"line":216,"column":4},"end":{"line":216,"column":28}},"136":{"start":{"line":217,"column":4},"end":{"line":217,"column":57}},"137":{"start":{"line":218,"column":4},"end":{"line":218,"column":55}},"138":{"start":{"line":218,"column":29},"end":{"line":218,"column":53}},"139":{"start":{"line":221,"column":3},"end":{"line":225,"column":4}},"140":{"start":{"line":222,"column":4},"end":{"line":222,"column":28}},"141":{"start":{"line":223,"column":4},"end":{"line":223,"column":57}},"142":{"start":{"line":224,"column":4},"end":{"line":224,"column":55}},"143":{"start":{"line":224,"column":29},"end":{"line":224,"column":53}},"144":{"start":{"line":227,"column":3},"end":{"line":231,"column":4}},"145":{"start":{"line":228,"column":4},"end":{"line":228,"column":25}},"146":{"start":{"line":229,"column":4},"end":{"line":229,"column":51}},"147":{"start":{"line":230,"column":4},"end":{"line":230,"column":52}},"148":{"start":{"line":230,"column":29},"end":{"line":230,"column":50}},"149":{"start":{"line":233,"column":3},"end":{"line":233,"column":35}},"150":{"start":{"line":235,"column":3},"end":{"line":239,"column":4}},"151":{"start":{"line":238,"column":4},"end":{"line":238,"column":52}},"152":{"start":{"line":241,"column":3},"end":{"line":243,"column":4}},"153":{"start":{"line":242,"column":4},"end":{"line":242,"column":57}},"154":{"start":{"line":246,"column":3},"end":{"line":246,"column":23}},"155":{"start":{"line":246,"column":16},"end":{"line":246,"column":23}},"156":{"start":{"line":247,"column":3},"end":{"line":247,"column":46}},"157":{"start":{"line":248,"column":3},"end":{"line":248,"column":18}},"158":{"start":{"line":251,"column":3},"end":{"line":251,"column":47}},"159":{"start":{"line":252,"column":3},"end":{"line":252,"column":19}},"160":{"start":{"line":255,"column":3},"end":{"line":255,"column":42}},"161":{"start":{"line":256,"column":3},"end":{"line":256,"column":33}},"162":{"start":{"line":256,"column":18},"end":{"line":256,"column":33}},"163":{"start":{"line":257,"column":3},"end":{"line":257,"column":35}},"164":{"start":{"line":257,"column":18},"end":{"line":257,"column":35}},"165":{"start":{"line":258,"column":3},"end":{"line":258,"column":19}},"166":{"start":{"line":259,"column":3},"end":{"line":259,"column":20}},"167":{"start":{"line":263,"column":1},"end":{"line":269,"column":4}},"168":{"start":{"line":271,"column":1},"end":{"line":271,"column":14}},"169":{"start":{"line":275,"column":40},"end":{"line":275,"column":47}},"170":{"start":{"line":276,"column":1},"end":{"line":276,"column":39}},"171":{"start":{"line":277,"column":16},"end":{"line":277,"column":23}},"172":{"start":{"line":278,"column":16},"end":{"line":278,"column":23}},"173":{"start":{"line":279,"column":16},"end":{"line":279,"column":23}},"174":{"start":{"line":280,"column":19},"end":{"line":280,"column":26}},"175":{"start":{"line":281,"column":25},"end":{"line":281,"column":27}},"176":{"start":{"line":282,"column":26},"end":{"line":282,"column":30}},"177":{"start":{"line":283,"column":14},"end":{"line":283,"column":16}},"178":{"start":{"line":285,"column":20},"end":{"line":287,"column":2}},"179":{"start":{"line":286,"column":2},"end":{"line":286,"column":32}},"180":{"start":{"line":289,"column":23},"end":{"line":311,"column":2}},"181":{"start":{"line":290,"column":2},"end":{"line":292,"column":3}},"182":{"start":{"line":291,"column":3},"end":{"line":291,"column":78}},"183":{"start":{"line":294,"column":2},"end":{"line":310,"column":3}},"184":{"start":{"line":295,"column":18},"end":{"line":295,"column":92}},"185":{"start":{"line":297,"column":3},"end":{"line":302,"column":21}},"186":{"start":{"line":298,"column":4},"end":{"line":298,"column":53}},"187":{"start":{"line":299,"column":4},"end":{"line":299,"column":15}},"188":{"start":{"line":300,"column":10},"end":{"line":302,"column":21}},"189":{"start":{"line":304,"column":3},"end":{"line":304,"column":27}},"190":{"start":{"line":309,"column":3},"end":{"line":309,"column":44}},"191":{"start":{"line":313,"column":1},"end":{"line":329,"column":4}},"192":{"start":{"line":314,"column":2},"end":{"line":316,"column":3}},"193":{"start":{"line":315,"column":3},"end":{"line":315,"column":73}},"194":{"start":{"line":318,"column":2},"end":{"line":320,"column":3}},"195":{"start":{"line":319,"column":3},"end":{"line":319,"column":73}},"196":{"start":{"line":322,"column":2},"end":{"line":324,"column":3}},"197":{"start":{"line":323,"column":3},"end":{"line":323,"column":73}},"198":{"start":{"line":326,"column":2},"end":{"line":328,"column":3}},"199":{"start":{"line":327,"column":3},"end":{"line":327,"column":76}},"200":{"start":{"line":331,"column":24},"end":{"line":331,"column":59}},"201":{"start":{"line":333,"column":1},"end":{"line":335,"column":4}},"202":{"start":{"line":334,"column":2},"end":{"line":334,"column":151}},"203":{"start":{"line":334,"column":83},"end":{"line":334,"column":151}},"204":{"start":{"line":338,"column":2},"end":{"line":341,"column":3}},"205":{"start":{"line":339,"column":3},"end":{"line":339,"column":26}},"206":{"start":{"line":340,"column":3},"end":{"line":340,"column":27}},"207":{"start":{"line":345,"column":2},"end":{"line":348,"column":3}},"208":{"start":{"line":346,"column":3},"end":{"line":346,"column":26}},"209":{"start":{"line":347,"column":3},"end":{"line":347,"column":27}},"210":{"start":{"line":352,"column":2},"end":{"line":355,"column":3}},"211":{"start":{"line":353,"column":3},"end":{"line":353,"column":23}},"212":{"start":{"line":354,"column":3},"end":{"line":354,"column":27}},"213":{"start":{"line":358,"column":23},"end":{"line":360,"column":2}},"214":{"start":{"line":359,"column":2},"end":{"line":359,"column":45}},"215":{"start":{"line":363,"column":2},"end":{"line":363,"column":33}},"216":{"start":{"line":364,"column":2},"end":{"line":364,"column":37}},"217":{"start":{"line":367,"column":1},"end":{"line":372,"column":3}},"218":{"start":{"line":368,"column":2},"end":{"line":368,"column":62}},"219":{"start":{"line":368,"column":25},"end":{"line":368,"column":62}},"220":{"start":{"line":369,"column":2},"end":{"line":369,"column":62}},"221":{"start":{"line":369,"column":25},"end":{"line":369,"column":62}},"222":{"start":{"line":370,"column":2},"end":{"line":370,"column":62}},"223":{"start":{"line":370,"column":25},"end":{"line":370,"column":62}},"224":{"start":{"line":371,"column":2},"end":{"line":371,"column":71}},"225":{"start":{"line":371,"column":28},"end":{"line":371,"column":71}},"226":{"start":{"line":374,"column":1},"end":{"line":387,"column":4}},"227":{"start":{"line":374,"column":32},"end":{"line":387,"column":2}},"228":{"start":{"line":389,"column":1},"end":{"line":397,"column":3}},"229":{"start":{"line":390,"column":2},"end":{"line":390,"column":62}},"230":{"start":{"line":390,"column":25},"end":{"line":390,"column":62}},"231":{"start":{"line":391,"column":2},"end":{"line":391,"column":62}},"232":{"start":{"line":391,"column":25},"end":{"line":391,"column":62}},"233":{"start":{"line":392,"column":2},"end":{"line":392,"column":62}},"234":{"start":{"line":392,"column":25},"end":{"line":392,"column":62}},"235":{"start":{"line":393,"column":2},"end":{"line":393,"column":71}},"236":{"start":{"line":393,"column":28},"end":{"line":393,"column":71}},"237":{"start":{"line":394,"column":2},"end":{"line":394,"column":101}},"238":{"start":{"line":394,"column":38},"end":{"line":394,"column":101}},"239":{"start":{"line":395,"column":2},"end":{"line":395,"column":104}},"240":{"start":{"line":395,"column":39},"end":{"line":395,"column":104}},"241":{"start":{"line":396,"column":2},"end":{"line":396,"column":68}},"242":{"start":{"line":396,"column":27},"end":{"line":396,"column":68}},"243":{"start":{"line":399,"column":1},"end":{"line":401,"column":2}},"244":{"start":{"line":400,"column":2},"end":{"line":400,"column":41}},"245":{"start":{"line":403,"column":1},"end":{"line":418,"column":3}},"246":{"start":{"line":423,"column":2},"end":{"line":423,"column":17}},"247":{"start":{"line":424,"column":2},"end":{"line":424,"column":117}},"248":{"start":{"line":426,"column":2},"end":{"line":431,"column":5}},"249":{"start":{"line":435,"column":2},"end":{"line":435,"column":24}},"250":{"start":{"line":439,"column":2},"end":{"line":439,"column":23}},"251":{"start":{"line":440,"column":2},"end":{"line":440,"column":10}},"252":{"start":{"line":444,"column":2},"end":{"line":444,"column":24}},"253":{"start":{"line":448,"column":2},"end":{"line":448,"column":23}},"254":{"start":{"line":449,"column":2},"end":{"line":449,"column":10}},"255":{"start":{"line":453,"column":2},"end":{"line":453,"column":24}},"256":{"start":{"line":457,"column":2},"end":{"line":457,"column":23}},"257":{"start":{"line":458,"column":2},"end":{"line":458,"column":10}},"258":{"start":{"line":462,"column":2},"end":{"line":462,"column":24}},"259":{"start":{"line":466,"column":2},"end":{"line":466,"column":26}},"260":{"start":{"line":467,"column":2},"end":{"line":467,"column":10}},"261":{"start":{"line":471,"column":0},"end":{"line":471,"column":27}},"262":{"start":{"line":471,"column":27},"end":{"line":471,"column":89}}},"fnMap":{"0":{"name":"add_css","decl":{"start":{"line":11,"column":9},"end":{"line":11,"column":16}},"loc":{"start":{"line":11,"column":25},"end":{"line":13,"column":1}},"line":11},"1":{"name":"create_fragment","decl":{"start":{"line":15,"column":9},"end":{"line":15,"column":24}},"loc":{"start":{"line":15,"column":30},"end":{"line":272,"column":1}},"line":15},"2":{"name":"notifier_display_binding","decl":{"start":{"line":54,"column":10},"end":{"line":54,"column":34}},"loc":{"start":{"line":54,"column":42},"end":{"line":56,"column":2}},"line":54},"3":{"name":"notifier_message_binding","decl":{"start":{"line":58,"column":10},"end":{"line":58,"column":34}},"loc":{"start":{"line":58,"column":42},"end":{"line":60,"column":2}},"line":58},"4":{"name":"notifier_type_binding","decl":{"start":{"line":62,"column":10},"end":{"line":62,"column":31}},"loc":{"start":{"line":62,"column":39},"end":{"line":64,"column":2}},"line":62},"5":{"name":"(anonymous_5)","decl":{"start":{"line":81,"column":24},"end":{"line":81,"column":25}},"loc":{"start":{"line":81,"column":30},"end":{"line":81,"column":81}},"line":81},"6":{"name":"(anonymous_6)","decl":{"start":{"line":82,"column":24},"end":{"line":82,"column":25}},"loc":{"start":{"line":82,"column":30},"end":{"line":82,"column":81}},"line":82},"7":{"name":"(anonymous_7)","decl":{"start":{"line":83,"column":24},"end":{"line":83,"column":25}},"loc":{"start":{"line":83,"column":30},"end":{"line":83,"column":75}},"line":83},"8":{"name":"create","decl":{"start":{"line":86,"column":14},"end":{"line":86,"column":20}},"loc":{"start":{"line":86,"column":23},"end":{"line":163,"column":3}},"line":86},"9":{"name":"claim","decl":{"start":{"line":164,"column":14},"end":{"line":164,"column":19}},"loc":{"start":{"line":164,"column":27},"end":{"line":166,"column":3}},"line":164},"10":{"name":"mount","decl":{"start":{"line":167,"column":14},"end":{"line":167,"column":19}},"loc":{"start":{"line":167,"column":36},"end":{"line":211,"column":3}},"line":167},"11":{"name":"update","decl":{"start":{"line":212,"column":14},"end":{"line":212,"column":20}},"loc":{"start":{"line":212,"column":35},"end":{"line":244,"column":3}},"line":212},"12":{"name":"(anonymous_12)","decl":{"start":{"line":218,"column":23},"end":{"line":218,"column":24}},"loc":{"start":{"line":218,"column":29},"end":{"line":218,"column":53}},"line":218},"13":{"name":"(anonymous_13)","decl":{"start":{"line":224,"column":23},"end":{"line":224,"column":24}},"loc":{"start":{"line":224,"column":29},"end":{"line":224,"column":53}},"line":224},"14":{"name":"(anonymous_14)","decl":{"start":{"line":230,"column":23},"end":{"line":230,"column":24}},"loc":{"start":{"line":230,"column":29},"end":{"line":230,"column":50}},"line":230},"15":{"name":"intro","decl":{"start":{"line":245,"column":14},"end":{"line":245,"column":19}},"loc":{"start":{"line":245,"column":27},"end":{"line":249,"column":3}},"line":245},"16":{"name":"outro","decl":{"start":{"line":250,"column":14},"end":{"line":250,"column":19}},"loc":{"start":{"line":250,"column":27},"end":{"line":253,"column":3}},"line":250},"17":{"name":"destroy","decl":{"start":{"line":254,"column":14},"end":{"line":254,"column":21}},"loc":{"start":{"line":254,"column":33},"end":{"line":260,"column":3}},"line":254},"18":{"name":"instance","decl":{"start":{"line":274,"column":9},"end":{"line":274,"column":17}},"loc":{"start":{"line":274,"column":49},"end":{"line":419,"column":1}},"line":274},"19":{"name":"(anonymous_19)","decl":{"start":{"line":285,"column":20},"end":{"line":285,"column":21}},"loc":{"start":{"line":285,"column":26},"end":{"line":287,"column":2}},"line":285},"20":{"name":"(anonymous_20)","decl":{"start":{"line":289,"column":23},"end":{"line":289,"column":24}},"loc":{"start":{"line":289,"column":35},"end":{"line":311,"column":2}},"line":289},"21":{"name":"(anonymous_21)","decl":{"start":{"line":313,"column":25},"end":{"line":313,"column":26}},"loc":{"start":{"line":313,"column":37},"end":{"line":329,"column":2}},"line":313},"22":{"name":"(anonymous_22)","decl":{"start":{"line":333,"column":30},"end":{"line":333,"column":31}},"loc":{"start":{"line":333,"column":37},"end":{"line":335,"column":2}},"line":333},"23":{"name":"notifier_display_binding","decl":{"start":{"line":337,"column":10},"end":{"line":337,"column":34}},"loc":{"start":{"line":337,"column":42},"end":{"line":342,"column":2}},"line":337},"24":{"name":"notifier_message_binding","decl":{"start":{"line":344,"column":10},"end":{"line":344,"column":34}},"loc":{"start":{"line":344,"column":42},"end":{"line":349,"column":2}},"line":344},"25":{"name":"notifier_type_binding","decl":{"start":{"line":351,"column":10},"end":{"line":351,"column":31}},"loc":{"start":{"line":351,"column":39},"end":{"line":356,"column":2}},"line":351},"26":{"name":"(anonymous_26)","decl":{"start":{"line":358,"column":23},"end":{"line":358,"column":24}},"loc":{"start":{"line":358,"column":29},"end":{"line":360,"column":2}},"line":358},"27":{"name":"input_input_handler","decl":{"start":{"line":362,"column":10},"end":{"line":362,"column":29}},"loc":{"start":{"line":362,"column":32},"end":{"line":365,"column":2}},"line":362},"28":{"name":"(anonymous_28)","decl":{"start":{"line":367,"column":16},"end":{"line":367,"column":17}},"loc":{"start":{"line":367,"column":27},"end":{"line":372,"column":2}},"line":367},"29":{"name":"(anonymous_29)","decl":{"start":{"line":374,"column":25},"end":{"line":374,"column":26}},"loc":{"start":{"line":374,"column":32},"end":{"line":387,"column":2}},"line":374},"30":{"name":"(anonymous_30)","decl":{"start":{"line":389,"column":24},"end":{"line":389,"column":25}},"loc":{"start":{"line":389,"column":35},"end":{"line":397,"column":2}},"line":389},"31":{"name":"(anonymous_31)","decl":{"start":{"line":422,"column":1},"end":{"line":422,"column":2}},"loc":{"start":{"line":422,"column":22},"end":{"line":432,"column":2}},"line":422},"32":{"name":"(anonymous_32)","decl":{"start":{"line":434,"column":1},"end":{"line":434,"column":2}},"loc":{"start":{"line":434,"column":12},"end":{"line":436,"column":2}},"line":434},"33":{"name":"(anonymous_33)","decl":{"start":{"line":438,"column":1},"end":{"line":438,"column":2}},"loc":{"start":{"line":438,"column":16},"end":{"line":441,"column":2}},"line":438},"34":{"name":"(anonymous_34)","decl":{"start":{"line":443,"column":1},"end":{"line":443,"column":2}},"loc":{"start":{"line":443,"column":12},"end":{"line":445,"column":2}},"line":443},"35":{"name":"(anonymous_35)","decl":{"start":{"line":447,"column":1},"end":{"line":447,"column":2}},"loc":{"start":{"line":447,"column":16},"end":{"line":450,"column":2}},"line":447},"36":{"name":"(anonymous_36)","decl":{"start":{"line":452,"column":1},"end":{"line":452,"column":2}},"loc":{"start":{"line":452,"column":12},"end":{"line":454,"column":2}},"line":452},"37":{"name":"(anonymous_37)","decl":{"start":{"line":456,"column":1},"end":{"line":456,"column":2}},"loc":{"start":{"line":456,"column":16},"end":{"line":459,"column":2}},"line":456},"38":{"name":"(anonymous_38)","decl":{"start":{"line":461,"column":1},"end":{"line":461,"column":2}},"loc":{"start":{"line":461,"column":15},"end":{"line":463,"column":2}},"line":461},"39":{"name":"(anonymous_39)","decl":{"start":{"line":465,"column":1},"end":{"line":465,"column":2}},"loc":{"start":{"line":465,"column":22},"end":{"line":468,"column":2}},"line":465}},"branchMap":{"0":{"loc":{"start":{"line":68,"column":1},"end":{"line":70,"column":2}},"type":"if","locations":[{"start":{"line":68,"column":1},"end":{"line":70,"column":2}},{"start":{},"end":{}}],"line":68},"1":{"loc":{"start":{"line":72,"column":1},"end":{"line":74,"column":2}},"type":"if","locations":[{"start":{"line":72,"column":1},"end":{"line":74,"column":2}},{"start":{},"end":{}}],"line":72},"2":{"loc":{"start":{"line":76,"column":1},"end":{"line":78,"column":2}},"type":"if","locations":[{"start":{"line":76,"column":1},"end":{"line":78,"column":2}},{"start":{},"end":{}}],"line":76},"3":{"loc":{"start":{"line":125,"column":93},"end":{"line":127,"column":7}},"type":"cond-expr","locations":[{"start":{"line":126,"column":5},"end":{"line":126,"column":20}},{"start":{"line":127,"column":5},"end":{"line":127,"column":7}}],"line":125},"4":{"loc":{"start":{"line":201,"column":3},"end":{"line":210,"column":4}},"type":"if","locations":[{"start":{"line":201,"column":3},"end":{"line":210,"column":4}},{"start":{},"end":{}}],"line":201},"5":{"loc":{"start":{"line":215,"column":3},"end":{"line":219,"column":4}},"type":"if","locations":[{"start":{"line":215,"column":3},"end":{"line":219,"column":4}},{"start":{},"end":{}}],"line":215},"6":{"loc":{"start":{"line":215,"column":7},"end":{"line":215,"column":48}},"type":"binary-expr","locations":[{"start":{"line":215,"column":7},"end":{"line":215,"column":24}},{"start":{"line":215,"column":28},"end":{"line":215,"column":48}}],"line":215},"7":{"loc":{"start":{"line":221,"column":3},"end":{"line":225,"column":4}},"type":"if","locations":[{"start":{"line":221,"column":3},"end":{"line":225,"column":4}},{"start":{},"end":{}}],"line":221},"8":{"loc":{"start":{"line":221,"column":7},"end":{"line":221,"column":48}},"type":"binary-expr","locations":[{"start":{"line":221,"column":7},"end":{"line":221,"column":24}},{"start":{"line":221,"column":28},"end":{"line":221,"column":48}}],"line":221},"9":{"loc":{"start":{"line":227,"column":3},"end":{"line":231,"column":4}},"type":"if","locations":[{"start":{"line":227,"column":3},"end":{"line":231,"column":4}},{"start":{},"end":{}}],"line":227},"10":{"loc":{"start":{"line":227,"column":7},"end":{"line":227,"column":45}},"type":"binary-expr","locations":[{"start":{"line":227,"column":7},"end":{"line":227,"column":21}},{"start":{"line":227,"column":25},"end":{"line":227,"column":45}}],"line":227},"11":{"loc":{"start":{"line":235,"column":3},"end":{"line":239,"column":4}},"type":"if","locations":[{"start":{"line":235,"column":3},"end":{"line":239,"column":4}},{"start":{},"end":{}}],"line":235},"12":{"loc":{"start":{"line":235,"column":7},"end":{"line":237,"column":29}},"type":"binary-expr","locations":[{"start":{"line":235,"column":7},"end":{"line":235,"column":15}},{"start":{"line":235,"column":19},"end":{"line":235,"column":51}},{"start":{"line":235,"column":55},"end":{"line":237,"column":29}}],"line":235},"13":{"loc":{"start":{"line":235,"column":143},"end":{"line":237,"column":7}},"type":"cond-expr","locations":[{"start":{"line":236,"column":5},"end":{"line":236,"column":20}},{"start":{"line":237,"column":5},"end":{"line":237,"column":7}}],"line":235},"14":{"loc":{"start":{"line":241,"column":3},"end":{"line":243,"column":4}},"type":"if","locations":[{"start":{"line":241,"column":3},"end":{"line":243,"column":4}},{"start":{},"end":{}}],"line":241},"15":{"loc":{"start":{"line":241,"column":7},"end":{"line":241,"column":86}},"type":"binary-expr","locations":[{"start":{"line":241,"column":7},"end":{"line":241,"column":38}},{"start":{"line":241,"column":42},"end":{"line":241,"column":86}}],"line":241},"16":{"loc":{"start":{"line":246,"column":3},"end":{"line":246,"column":23}},"type":"if","locations":[{"start":{"line":246,"column":3},"end":{"line":246,"column":23}},{"start":{},"end":{}}],"line":246},"17":{"loc":{"start":{"line":256,"column":3},"end":{"line":256,"column":33}},"type":"if","locations":[{"start":{"line":256,"column":3},"end":{"line":256,"column":33}},{"start":{},"end":{}}],"line":256},"18":{"loc":{"start":{"line":257,"column":3},"end":{"line":257,"column":35}},"type":"if","locations":[{"start":{"line":257,"column":3},"end":{"line":257,"column":35}},{"start":{},"end":{}}],"line":257},"19":{"loc":{"start":{"line":275,"column":16},"end":{"line":275,"column":26}},"type":"default-arg","locations":[{"start":{"line":275,"column":24},"end":{"line":275,"column":26}}],"line":275},"20":{"loc":{"start":{"line":290,"column":2},"end":{"line":292,"column":3}},"type":"if","locations":[{"start":{"line":290,"column":2},"end":{"line":292,"column":3}},{"start":{},"end":{}}],"line":290},"21":{"loc":{"start":{"line":297,"column":3},"end":{"line":302,"column":21}},"type":"if","locations":[{"start":{"line":297,"column":3},"end":{"line":302,"column":21}},{"start":{"line":300,"column":10},"end":{"line":302,"column":21}}],"line":297},"22":{"loc":{"start":{"line":300,"column":18},"end":{"line":302,"column":19}},"type":"cond-expr","locations":[{"start":{"line":301,"column":5},"end":{"line":301,"column":15}},{"start":{"line":302,"column":5},"end":{"line":302,"column":19}}],"line":300},"23":{"loc":{"start":{"line":314,"column":2},"end":{"line":316,"column":3}},"type":"if","locations":[{"start":{"line":314,"column":2},"end":{"line":316,"column":3}},{"start":{},"end":{}}],"line":314},"24":{"loc":{"start":{"line":314,"column":6},"end":{"line":314,"column":92}},"type":"binary-expr","locations":[{"start":{"line":314,"column":6},"end":{"line":314,"column":24}},{"start":{"line":314,"column":28},"end":{"line":314,"column":92}}],"line":314},"25":{"loc":{"start":{"line":314,"column":30},"end":{"line":314,"column":91}},"type":"binary-expr","locations":[{"start":{"line":314,"column":30},"end":{"line":314,"column":47}},{"start":{"line":314,"column":51},"end":{"line":314,"column":91}}],"line":314},"26":{"loc":{"start":{"line":318,"column":2},"end":{"line":320,"column":3}},"type":"if","locations":[{"start":{"line":318,"column":2},"end":{"line":320,"column":3}},{"start":{},"end":{}}],"line":318},"27":{"loc":{"start":{"line":318,"column":6},"end":{"line":318,"column":92}},"type":"binary-expr","locations":[{"start":{"line":318,"column":6},"end":{"line":318,"column":24}},{"start":{"line":318,"column":28},"end":{"line":318,"column":92}}],"line":318},"28":{"loc":{"start":{"line":318,"column":30},"end":{"line":318,"column":91}},"type":"binary-expr","locations":[{"start":{"line":318,"column":30},"end":{"line":318,"column":47}},{"start":{"line":318,"column":51},"end":{"line":318,"column":91}}],"line":318},"29":{"loc":{"start":{"line":322,"column":2},"end":{"line":324,"column":3}},"type":"if","locations":[{"start":{"line":322,"column":2},"end":{"line":324,"column":3}},{"start":{},"end":{}}],"line":322},"30":{"loc":{"start":{"line":322,"column":6},"end":{"line":322,"column":92}},"type":"binary-expr","locations":[{"start":{"line":322,"column":6},"end":{"line":322,"column":24}},{"start":{"line":322,"column":28},"end":{"line":322,"column":92}}],"line":322},"31":{"loc":{"start":{"line":322,"column":30},"end":{"line":322,"column":91}},"type":"binary-expr","locations":[{"start":{"line":322,"column":30},"end":{"line":322,"column":47}},{"start":{"line":322,"column":51},"end":{"line":322,"column":91}}],"line":322},"32":{"loc":{"start":{"line":326,"column":2},"end":{"line":328,"column":3}},"type":"if","locations":[{"start":{"line":326,"column":2},"end":{"line":328,"column":3}},{"start":{},"end":{}}],"line":326},"33":{"loc":{"start":{"line":326,"column":6},"end":{"line":326,"column":101}},"type":"binary-expr","locations":[{"start":{"line":326,"column":6},"end":{"line":326,"column":27}},{"start":{"line":326,"column":31},"end":{"line":326,"column":101}}],"line":326},"34":{"loc":{"start":{"line":326,"column":33},"end":{"line":326,"column":100}},"type":"binary-expr","locations":[{"start":{"line":326,"column":33},"end":{"line":326,"column":53}},{"start":{"line":326,"column":57},"end":{"line":326,"column":100}}],"line":326},"35":{"loc":{"start":{"line":334,"column":2},"end":{"line":334,"column":151}},"type":"if","locations":[{"start":{"line":334,"column":2},"end":{"line":334,"column":151}},{"start":{},"end":{}}],"line":334},"36":{"loc":{"start":{"line":334,"column":6},"end":{"line":334,"column":81}},"type":"binary-expr","locations":[{"start":{"line":334,"column":6},"end":{"line":334,"column":35}},{"start":{"line":334,"column":39},"end":{"line":334,"column":63}},{"start":{"line":334,"column":67},"end":{"line":334,"column":81}}],"line":334},"37":{"loc":{"start":{"line":338,"column":2},"end":{"line":341,"column":3}},"type":"if","locations":[{"start":{"line":338,"column":2},"end":{"line":341,"column":3}},{"start":{},"end":{}}],"line":338},"38":{"loc":{"start":{"line":345,"column":2},"end":{"line":348,"column":3}},"type":"if","locations":[{"start":{"line":345,"column":2},"end":{"line":348,"column":3}},{"start":{},"end":{}}],"line":345},"39":{"loc":{"start":{"line":352,"column":2},"end":{"line":355,"column":3}},"type":"if","locations":[{"start":{"line":352,"column":2},"end":{"line":355,"column":3}},{"start":{},"end":{}}],"line":352},"40":{"loc":{"start":{"line":368,"column":2},"end":{"line":368,"column":62}},"type":"if","locations":[{"start":{"line":368,"column":2},"end":{"line":368,"column":62}},{"start":{},"end":{}}],"line":368},"41":{"loc":{"start":{"line":369,"column":2},"end":{"line":369,"column":62}},"type":"if","locations":[{"start":{"line":369,"column":2},"end":{"line":369,"column":62}},{"start":{},"end":{}}],"line":369},"42":{"loc":{"start":{"line":370,"column":2},"end":{"line":370,"column":62}},"type":"if","locations":[{"start":{"line":370,"column":2},"end":{"line":370,"column":62}},{"start":{},"end":{}}],"line":370},"43":{"loc":{"start":{"line":371,"column":2},"end":{"line":371,"column":71}},"type":"if","locations":[{"start":{"line":371,"column":2},"end":{"line":371,"column":71}},{"start":{},"end":{}}],"line":371},"44":{"loc":{"start":{"line":390,"column":2},"end":{"line":390,"column":62}},"type":"if","locations":[{"start":{"line":390,"column":2},"end":{"line":390,"column":62}},{"start":{},"end":{}}],"line":390},"45":{"loc":{"start":{"line":391,"column":2},"end":{"line":391,"column":62}},"type":"if","locations":[{"start":{"line":391,"column":2},"end":{"line":391,"column":62}},{"start":{},"end":{}}],"line":391},"46":{"loc":{"start":{"line":392,"column":2},"end":{"line":392,"column":62}},"type":"if","locations":[{"start":{"line":392,"column":2},"end":{"line":392,"column":62}},{"start":{},"end":{}}],"line":392},"47":{"loc":{"start":{"line":393,"column":2},"end":{"line":393,"column":71}},"type":"if","locations":[{"start":{"line":393,"column":2},"end":{"line":393,"column":71}},{"start":{},"end":{}}],"line":393},"48":{"loc":{"start":{"line":394,"column":2},"end":{"line":394,"column":101}},"type":"if","locations":[{"start":{"line":394,"column":2},"end":{"line":394,"column":101}},{"start":{},"end":{}}],"line":394},"49":{"loc":{"start":{"line":395,"column":2},"end":{"line":395,"column":104}},"type":"if","locations":[{"start":{"line":395,"column":2},"end":{"line":395,"column":104}},{"start":{},"end":{}}],"line":395},"50":{"loc":{"start":{"line":396,"column":2},"end":{"line":396,"column":68}},"type":"if","locations":[{"start":{"line":396,"column":2},"end":{"line":396,"column":68}},{"start":{},"end":{}}],"line":396},"51":{"loc":{"start":{"line":399,"column":1},"end":{"line":401,"column":2}},"type":"if","locations":[{"start":{"line":399,"column":1},"end":{"line":401,"column":2}},{"start":{},"end":{}}],"line":399},"52":{"loc":{"start":{"line":399,"column":5},"end":{"line":399,"column":37}},"type":"binary-expr","locations":[{"start":{"line":399,"column":5},"end":{"line":399,"column":12}},{"start":{"line":399,"column":16},"end":{"line":399,"column":37}}],"line":399}},"s":{"0":1,"1":1,"2":1,"3":1,"4":1,"5":1,"6":3,"7":3,"8":3,"9":3,"10":3,"11":3,"12":0,"13":3,"14":0,"15":3,"16":0,"17":3,"18":3,"19":3,"20":3,"21":3,"22":3,"23":3,"24":3,"25":3,"26":3,"27":3,"28":3,"29":3,"30":3,"31":3,"32":3,"33":3,"34":3,"35":3,"36":3,"37":3,"38":3,"39":3,"40":3,"41":3,"42":3,"43":3,"44":3,"45":3,"46":3,"47":3,"48":3,"49":3,"50":3,"51":3,"52":3,"53":3,"54":3,"55":3,"56":3,"57":3,"58":3,"59":3,"60":3,"61":3,"62":3,"63":3,"64":3,"65":3,"66":3,"67":3,"68":3,"69":3,"70":3,"71":3,"72":3,"73":3,"74":3,"75":3,"76":3,"77":3,"78":3,"79":3,"80":3,"81":3,"82":3,"83":3,"84":3,"85":3,"86":3,"87":3,"88":3,"89":3,"90":3,"91":3,"92":3,"93":3,"94":3,"95":3,"96":3,"97":0,"98":3,"99":3,"100":3,"101":3,"102":3,"103":3,"104":3,"105":3,"106":3,"107":3,"108":3,"109":3,"110":3,"111":3,"112":3,"113":3,"114":3,"115":3,"116":3,"117":3,"118":3,"119":3,"120":3,"121":3,"122":3,"123":3,"124":3,"125":3,"126":3,"127":3,"128":3,"129":3,"130":3,"131":3,"132":3,"133":7,"134":7,"135":4,"136":4,"137":4,"138":4,"139":7,"140":4,"141":4,"142":4,"143":4,"144":7,"145":4,"146":4,"147":4,"148":4,"149":7,"150":7,"151":0,"152":7,"153":0,"154":0,"155":0,"156":0,"157":0,"158":0,"159":0,"160":3,"161":3,"162":3,"163":3,"164":3,"165":3,"166":3,"167":3,"168":3,"169":3,"170":3,"171":3,"172":3,"173":3,"174":3,"175":3,"176":3,"177":3,"178":3,"179":0,"180":3,"181":3,"182":1,"183":2,"184":2,"185":2,"186":1,"187":1,"188":1,"189":0,"190":0,"191":3,"192":3,"193":0,"194":3,"195":0,"196":3,"197":0,"198":3,"199":0,"200":3,"201":3,"202":12,"203":0,"204":3,"205":3,"206":3,"207":3,"208":3,"209":3,"210":3,"211":3,"212":3,"213":3,"214":0,"215":2,"216":2,"217":3,"218":0,"219":0,"220":0,"221":0,"222":0,"223":0,"224":0,"225":0,"226":3,"227":0,"228":3,"229":0,"230":0,"231":0,"232":0,"233":0,"234":0,"235":0,"236":0,"237":0,"238":0,"239":0,"240":0,"241":0,"242":0,"243":3,"244":0,"245":3,"246":3,"247":3,"248":3,"249":0,"250":0,"251":0,"252":0,"253":0,"254":0,"255":0,"256":0,"257":0,"258":0,"259":0,"260":0,"261":1,"262":1},"f":{"0":3,"1":3,"2":3,"3":3,"4":3,"5":3,"6":3,"7":3,"8":3,"9":0,"10":3,"11":7,"12":4,"13":4,"14":4,"15":0,"16":0,"17":3,"18":3,"19":0,"20":3,"21":3,"22":12,"23":3,"24":3,"25":3,"26":0,"27":2,"28":0,"29":0,"30":0,"31":3,"32":0,"33":0,"34":0,"35":0,"36":0,"37":0,"38":0,"39":0},"b":{"0":[0,3],"1":[0,3],"2":[0,3],"3":[3,0],"4":[3,0],"5":[4,3],"6":[7,7],"7":[4,3],"8":[7,7],"9":[4,3],"10":[7,7],"11":[0,7],"12":[7,7,0],"13":[0,0],"14":[0,7],"15":[7,2],"16":[0,0],"17":[3,0],"18":[3,0],"19":[3],"20":[1,2],"21":[1,1],"22":[0,1],"23":[0,3],"24":[3,0],"25":[0,0],"26":[0,3],"27":[3,0],"28":[0,0],"29":[0,3],"30":[3,0],"31":[0,0],"32":[0,3],"33":[3,0],"34":[0,0],"35":[0,12],"36":[12,0,0],"37":[3,0],"38":[3,0],"39":[3,0],"40":[0,0],"41":[0,0],"42":[0,0],"43":[0,0],"44":[0,0],"45":[0,0],"46":[0,0],"47":[0,0],"48":[0,0],"49":[0,0],"50":[0,0],"51":[0,3],"52":[3,3]},"inputSourceMap":{"0":"{","1":"\"","2":"v","3":"e","4":"r","5":"s","6":"i","7":"o","8":"n","9":"\"","10":":","11":"3","12":",","13":"\"","14":"n","15":"a","16":"m","17":"e","18":"s","19":"\"","20":":","21":"[","22":"]","23":",","24":"\"","25":"s","26":"o","27":"u","28":"r","29":"c","30":"e","31":"s","32":"\"","33":":","34":"[","35":"\"","36":"D","37":"e","38":"p","39":"o","40":"s","41":"i","42":"t","43":"x","44":".","45":"s","46":"v","47":"e","48":"l","49":"t","50":"e","51":"\"","52":"]","53":",","54":"\"","55":"s","56":"o","57":"u","58":"r","59":"c","60":"e","61":"s","62":"C","63":"o","64":"n","65":"t","66":"e","67":"n","68":"t","69":"\"","70":":","71":"[","72":"\"","73":"<","74":"s","75":"c","76":"r","77":"i","78":"p","79":"t","80":">","81":"\\","82":"r","83":"\\","84":"n","85":" ","86":" ","87":" ","88":" ","89":"i","90":"m","91":"p","92":"o","93":"r","94":"t","95":" ","96":"S","97":"e","98":"r","99":"v","100":"e","101":"r","102":"C","103":"o","104":"n","105":"n","106":"e","107":"c","108":"t","109":"i","110":"o","111":"n","112":" ","113":"f","114":"r","115":"o","116":"m","117":" ","118":"\\","119":"\"","120":".","121":"/","122":"j","123":"s","124":"/","125":"s","126":"e","127":"r","128":"v","129":"e","130":"r","131":"\\","132":"\"","133":";","134":"\\","135":"r","136":"\\","137":"n","138":" ","139":" ","140":" ","141":" ","142":"i","143":"m","144":"p","145":"o","146":"r","147":"t","148":" ","149":"N","150":"o","151":"t","152":"i","153":"f","154":"i","155":"e","156":"r","157":" ","158":"f","159":"r","160":"o","161":"m","162":" ","163":"\\","164":"\"","165":".","166":"/","167":"N","168":"o","169":"t","170":"i","171":"f","172":"i","173":"e","174":"r","175":".","176":"s","177":"v","178":"e","179":"l","180":"t","181":"e","182":"\\","183":"\"","184":";","185":"\\","186":"r","187":"\\","188":"n","189":" ","190":" ","191":" ","192":" ","193":"i","194":"m","195":"p","196":"o","197":"r","198":"t","199":" ","200":"u","201":"t","202":"i","203":"l","204":" ","205":"f","206":"r","207":"o","208":"m","209":" ","210":"\\","211":"\"","212":".","213":"/","214":"j","215":"s","216":"/","217":"u","218":"t","219":"i","220":"l","221":"\\","222":"\"","223":";","224":"\\","225":"r","226":"\\","227":"n","228":"\\","229":"r","230":"\\","231":"n","232":" ","233":" ","234":" ","235":" ","236":"e","237":"x","238":"p","239":"o","240":"r","241":"t","242":" ","243":"l","244":"e","245":"t","246":" ","247":"o","248":"p","249":"e","250":"n","251":";","252":"\\","253":"r","254":"\\","255":"n","256":" ","257":" ","258":" ","259":" ","260":"e","261":"x","262":"p","263":"o","264":"r","265":"t","266":" ","267":"l","268":"e","269":"t","270":" ","271":"u","272":"s","273":"e","274":"r","275":";","276":"\\","277":"r","278":"\\","279":"n","280":" ","281":" ","282":" ","283":" ","284":"e","285":"x","286":"p","287":"o","288":"r","289":"t","290":" ","291":"l","292":"e","293":"t","294":" ","295":"o","296":"n","297":"O","298":"k","299":";","300":"\\","301":"r","302":"\\","303":"n","304":" ","305":" ","306":" ","307":" ","308":"e","309":"x","310":"p","311":"o","312":"r","313":"t","314":" ","315":"l","316":"e","317":"t","318":" ","319":"o","320":"n","321":"E","322":"r","323":"r","324":"o","325":"r","326":";","327":"\\","328":"r","329":"\\","330":"n","331":"\\","332":"r","333":"\\","334":"n","335":" ","336":" ","337":" ","338":" ","339":"l","340":"e","341":"t","342":" ","343":"d","344":"e","345":"p","346":"o","347":"s","348":"i","349":"t","350":"R","351":"e","352":"t","353":"a","354":"i","355":"l","356":"C","357":"o","358":"d","359":"e","360":" ","361":"=","362":" ","363":"\\","364":"\"","365":"\\","366":"\"","367":";","368":"\\","369":"r","370":"\\","371":"n","372":" ","373":" ","374":" ","375":" ","376":"l","377":"e","378":"t","379":" ","380":"a","381":"c","382":"t","383":"i","384":"v","385":"e","386":"_","387":"t","388":"y","389":"p","390":"e","391":"_","392":"m","393":"e","394":"t","395":"h","396":"o","397":"d","398":" ","399":"=","400":" ","401":"\\","402":"\"","403":"T","404":"D","405":"\\","406":"\"","407":";","408":"\\","409":"r","410":"\\","411":"n","412":" ","413":" ","414":" ","415":" ","416":"l","417":"e","418":"t","419":" ","420":"n","421":"o","422":"t","423":"i","424":"f","425":"y","426":" ","427":"=","428":" ","429":"{","430":"}","431":";","432":"\\","433":"r","434":"\\","435":"n","436":"\\","437":"r","438":"\\","439":"n","440":" ","441":" ","442":" ","443":" ","444":"c","445":"o","446":"n","447":"s","448":"t","449":" ","450":"c","451":"l","452":"o","453":"s","454":"e","455":"M","456":"o","457":"d","458":"a","459":"l","460":" ","461":"=","462":" ","463":"(","464":")","465":" ","466":"=","467":">","468":" ","469":"{","470":" ","471":"o","472":"p","473":"e","474":"n","475":" ","476":"=","477":" ","478":"f","479":"a","480":"l","481":"s","482":"e","483":";","484":"}","485":"\\","486":"r","487":"\\","488":"n","489":"\\","490":"r","491":"\\","492":"n","493":"\\","494":"r","495":"\\","496":"n","497":"\\","498":"r","499":"\\","500":"n","501":" ","502":" ","503":" ","504":" ","505":"c","506":"o","507":"n","508":"s","509":"t","510":" ","511":"d","512":"e","513":"p","514":"o","515":"s","516":"i","517":"t","518":"R","519":"e","520":"t","521":"a","522":"i","523":"l","524":" ","525":"=","526":" ","527":"a","528":"s","529":"y","530":"n","531":"c","532":" ","533":"(","534":")","535":" ","536":"=","537":">","538":" ","539":"{","540":"\\","541":"r","542":"\\","543":"n","544":" ","545":" ","546":" ","547":" ","548":" ","549":" ","550":" ","551":" ","552":"i","553":"f","554":"(","555":"!","556":"d","557":"e","558":"p","559":"o","560":"s","561":"i","562":"t","563":"R","564":"e","565":"t","566":"a","567":"i","568":"l","569":"C","570":"o","571":"d","572":"e","573":")","574":" ","575":"{","576":"r","577":"e","578":"t","579":"u","580":"r","581":"n","582":" ","583":"n","584":"o","585":"t","586":"i","587":"f","588":"y","589":" ","590":"=","591":" ","592":"u","593":"t","594":"i","595":"l","596":".","597":"g","598":"e","599":"t","600":"N","601":"o","602":"t","603":"i","604":"f","605":"y","606":"(","607":"\\","608":"\"","609":"e","610":"r","611":"r","612":"o","613":"r","614":"\\","615":"\"","616":",","617":"\\","618":"\"","619":"I","620":"n","621":"g","622":"r","623":"e","624":"s","625":"e","626":" ","627":"c","628":"ó","629":"d","630":"i","631":"g","632":"o","633":"\\","634":"\"","635":")","636":"}","637":"\\","638":"r","639":"\\","640":"n","641":" ","642":" ","643":" ","644":" ","645":" ","646":" ","647":" ","648":" ","649":"t","650":"r","651":"y","652":" ","653":"{","654":"\\","655":"r","656":"\\","657":"n","658":" ","659":" ","660":" ","661":" ","662":" ","663":" ","664":" ","665":" ","666":" ","667":" ","668":" ","669":" ","670":"l","671":"e","672":"t","673":" ","674":"{","675":" ","676":"d","677":"a","678":"t","679":"a","680":" ","681":"}","682":" ","683":"=","684":" ","685":"a","686":"w","687":"a","688":"i","689":"t","690":" ","691":"S","692":"e","693":"r","694":"v","695":"e","696":"r","697":"C","698":"o","699":"n","700":"n","701":"e","702":"c","703":"t","704":"i","705":"o","706":"n","707":".","708":"w","709":"a","710":"l","711":"l","712":"e","713":"t","714":".","715":"d","716":"e","717":"p","718":"o","719":"s","720":"i","721":"t","722":"R","723":"e","724":"t","725":"a","726":"i","727":"l","728":"(","729":" ","730":"u","731":"s","732":"e","733":"r","734":".","735":"t","736":"o","737":"k","738":"e","739":"n","740":",","741":" ","742":"d","743":"e","744":"p","745":"o","746":"s","747":"i","748":"t","749":"R","750":"e","751":"t","752":"a","753":"i","754":"l","755":"C","756":"o","757":"d","758":"e","759":")","760":";","761":"\\","762":"r","763":"\\","764":"n","765":" ","766":" ","767":" ","768":" ","769":" ","770":" ","771":" ","772":" ","773":" ","774":" ","775":" ","776":" ","777":"i","778":"f","779":" ","780":"(","781":"d","782":"a","783":"t","784":"a","785":".","786":"r","787":"e","788":"s","789":"p","790":" ","791":"=","792":"=","793":" ","794":"\\","795":"\"","796":"o","797":"k","798":"\\","799":"\"","800":")","801":" ","802":"{","803":"\\","804":"r","805":"\\","806":"n","807":" ","808":" ","809":" ","810":" ","811":" ","812":" ","813":" ","814":" ","815":" ","816":" ","817":" ","818":" ","819":" ","820":" ","821":" ","822":" ","823":"u","824":"s","825":"e","826":"r","827":".","828":"b","829":"a","830":"l","831":"a","832":"n","833":"c","834":"e","835":" ","836":"=","837":" ","838":"d","839":"a","840":"t","841":"a","842":".","843":"s","844":"a","845":"l","846":"d","847":"o","848":";","849":"\\","850":"r","851":"\\","852":"n","853":" ","854":" ","855":" ","856":" ","857":" ","858":" ","859":" ","860":" ","861":" ","862":" ","863":" ","864":" ","865":" ","866":" ","867":" ","868":" ","869":"o","870":"n","871":"O","872":"k","873":"(","874":"d","875":"a","876":"t","877":"a","878":")","879":";","880":"\\","881":"r","882":"\\","883":"n","884":" ","885":" ","886":" ","887":" ","888":" ","889":" ","890":" ","891":" ","892":" ","893":" ","894":" ","895":" ","896":"}","897":" ","898":"e","899":"l","900":"s","901":"e","902":" ","903":"o","904":"n","905":"E","906":"r","907":"r","908":"o","909":"r","910":"(","911":" ","912":"d","913":"a","914":"t","915":"a","916":".","917":"t","918":"i","919":"p","920":"o","921":" ","922":"=","923":"=","924":" ","925":"\\","926":"\"","927":"T","928":"_","929":"N","930":"O","931":"_","932":"E","933":"N","934":"C","935":"O","936":"N","937":"T","938":"R","939":"A","940":"D","941":"A","942":"\\","943":"\"","944":"?","945":" ","946":"\\","947":"\"","948":"B","949":"A","950":"D","951":"_","952":"C","953":"O","954":"D","955":"E","956":"\\","957":"\"","958":":","959":" ","960":"\\","961":"\"","962":"U","963":"N","964":"K","965":"N","966":"O","967":"W","968":"_","969":"E","970":"R","971":"R","972":"O","973":"R","974":"\\","975":"\"","976":")","977":";","978":"\\","979":"r","980":"\\","981":"n","982":" ","983":" ","984":" ","985":" ","986":" ","987":" ","988":" ","989":" ","990":"}","991":" ","992":"c","993":"a","994":"t","995":"c","996":"h","997":" ","998":"(","999":"e","1000":")","1001":" ","1002":"{","1003":"\\","1004":"r","1005":"\\","1006":"n","1007":" ","1008":" ","1009":" ","1010":" ","1011":" ","1012":" ","1013":" ","1014":" ","1015":" ","1016":" ","1017":" ","1018":" ","1019":"c","1020":"o","1021":"n","1022":"s","1023":"o","1024":"l","1025":"e","1026":".","1027":"l","1028":"o","1029":"g","1030":"(","1031":"\\","1032":"\"","1033":"E","1034":"R","1035":"R","1036":"O","1037":"R","1038":"\\","1039":"\"","1040":",","1041":" ","1042":"e","1043":")","1044":";","1045":"\\","1046":"r","1047":"\\","1048":"n","1049":" ","1050":" ","1051":" ","1052":" ","1053":" ","1054":" ","1055":" ","1056":" ","1057":" ","1058":" ","1059":" ","1060":" ","1061":"/","1062":"/","1063":"e","1064":" ","1065":"e","1066":"s","1067":" ","1068":"u","1069":"n","1070":" ","1071":"J","1072":"S","1073":"O","1074":"N","1075":" ","1076":"q","1077":"u","1078":"e","1079":" ","1080":"t","1081":"i","1082":"e","1083":"n","1084":"e","1085":" ","1086":"e","1087":"l","1088":" ","1089":"m","1090":"e","1091":"n","1092":"s","1093":"a","1094":"j","1095":"e","1096":" ","1097":"d","1098":"e","1099":" ","1100":"p","1101":"o","1102":"r","1103":"q","1104":"u","1105":"e","1106":" ","1107":"n","1108":"o","1109":" ","1110":"s","1111":"e","1112":" ","1113":"p","1114":"u","1115":"d","1116":"o","1117":" ","1118":"p","1119":"r","1120":"o","1121":"c","1122":"e","1123":"s","1124":"a","1125":"r","1126":"\\","1127":"r","1128":"\\","1129":"n","1130":" ","1131":" ","1132":" ","1133":" ","1134":" ","1135":" ","1136":" ","1137":" ","1138":" ","1139":" ","1140":" ","1141":" ","1142":"/","1143":"/","1144":"p","1145":"u","1146":"e","1147":"d","1148":"e","1149":"s","1150":" ","1151":"h","1152":"a","1153":"c","1154":"e","1155":"r","1156":" ","1157":"u","1158":"n","1159":" ","1160":"I","1161":"F","1162":" ","1163":"p","1164":"a","1165":"r","1166":"a","1167":" ","1168":"m","1169":"o","1170":"s","1171":"t","1172":"r","1173":"a","1174":"r","1175":" ","1176":"e","1177":"l","1178":" ","1179":"e","1180":"r","1181":"r","1182":"o","1183":"r","1184":" ","1185":"d","1186":"e","1187":" ","1188":"q","1189":"u","1190":"e","1191":" ","1192":"s","1193":"e","1194":" ","1195":"t","1196":"r","1197":"a","1198":"t","1199":"a","1200":".","1201":"\\","1202":"r","1203":"\\","1204":"n","1205":" ","1206":" ","1207":" ","1208":" ","1209":" ","1210":" ","1211":" ","1212":" ","1213":" ","1214":" ","1215":" ","1216":" ","1217":"/","1218":"/","1219":" ","1220":"a","1221":"l","1222":"e","1223":"r","1224":"t","1225":"(","1226":"`","1227":"E","1228":"r","1229":"r","1230":"o","1231":"r","1232":" ","1233":"a","1234":"l","1235":" ","1236":"p","1237":"r","1238":"o","1239":"c","1240":"e","1241":"s","1242":"a","1243":"r","1244":" ","1245":"d","1246":"e","1247":"p","1248":"o","1249":"s","1250":"i","1251":"t","1252":"o","1253":"`","1254":")","1255":";","1256":"\\","1257":"r","1258":"\\","1259":"n","1260":" ","1261":" ","1262":" ","1263":" ","1264":" ","1265":" ","1266":" ","1267":" ","1268":" ","1269":" ","1270":" ","1271":" ","1272":"o","1273":"n","1274":"E","1275":"r","1276":"r","1277":"o","1278":"r","1279":"(","1280":"\\","1281":"\"","1282":"E","1283":"r","1284":"r","1285":"o","1286":"r","1287":" ","1288":"a","1289":"l","1290":" ","1291":"p","1292":"r","1293":"o","1294":"c","1295":"e","1296":"s","1297":"a","1298":"r","1299":" ","1300":"d","1301":"e","1302":"p","1303":"o","1304":"s","1305":"i","1306":"t","1307":"o","1308":"\\","1309":"\"","1310":",","1311":"e","1312":")","1313":";","1314":"\\","1315":"r","1316":"\\","1317":"n","1318":" ","1319":" ","1320":" ","1321":" ","1322":" ","1323":" ","1324":" ","1325":" ","1326":"}","1327":"\\","1328":"r","1329":"\\","1330":"n","1331":" ","1332":" ","1333":" ","1334":" ","1335":"}","1336":"\\","1337":"r","1338":"\\","1339":"n","1340":" ","1341":" ","1342":" ","1343":" ","1344":"/","1345":"/","1346":"g","1347":"e","1348":"t","1349":"P","1350":"a","1351":"y","1352":"M","1353":"e","1354":"t","1355":"h","1356":"o","1357":"d","1358":"s","1359":"(","1360":")","1361":";","1362":"\\","1363":"r","1364":"\\","1365":"n","1366":"<","1367":"/","1368":"s","1369":"c","1370":"r","1371":"i","1372":"p","1373":"t","1374":">","1375":"\\","1376":"r","1377":"\\","1378":"n","1379":"<","1380":"N","1381":"o","1382":"t","1383":"i","1384":"f","1385":"i","1386":"e","1387":"r","1388":"\\","1389":"r","1390":"\\","1391":"n","1392":" ","1393":" ","1394":" ","1395":" ","1396":"b","1397":"i","1398":"n","1399":"d","1400":":","1401":"d","1402":"i","1403":"s","1404":"p","1405":"l","1406":"a","1407":"y","1408":"=","1409":"{","1410":"n","1411":"o","1412":"t","1413":"i","1414":"f","1415":"y","1416":".","1417":"d","1418":"i","1419":"s","1420":"p","1421":"l","1422":"a","1423":"y","1424":"}","1425":"\\","1426":"r","1427":"\\","1428":"n","1429":" ","1430":" ","1431":" ","1432":" ","1433":"b","1434":"i","1435":"n","1436":"d","1437":":","1438":"m","1439":"e","1440":"s","1441":"s","1442":"a","1443":"g","1444":"e","1445":"=","1446":"{","1447":"n","1448":"o","1449":"t","1450":"i","1451":"f","1452":"y","1453":".","1454":"m","1455":"e","1456":"s","1457":"s","1458":"a","1459":"g","1460":"e","1461":"}","1462":"\\","1463":"r","1464":"\\","1465":"n","1466":" ","1467":" ","1468":" ","1469":" ","1470":"b","1471":"i","1472":"n","1473":"d","1474":":","1475":"t","1476":"y","1477":"p","1478":"e","1479":"=","1480":"{","1481":"n","1482":"o","1483":"t","1484":"i","1485":"f","1486":"y","1487":".","1488":"t","1489":"y","1490":"p","1491":"e","1492":"}","1493":"\\","1494":"r","1495":"\\","1496":"n","1497":"/","1498":">","1499":"\\","1500":"r","1501":"\\","1502":"n","1503":"<","1504":"d","1505":"i","1506":"v","1507":" ","1508":"c","1509":"l","1510":"a","1511":"s","1512":"s","1513":"=","1514":"\\","1515":"\"","1516":"u","1517":"-","1518":"m","1519":"a","1520":"i","1521":"n","1522":"-","1523":"p","1524":"a","1525":"y","1526":"m","1527":"e","1528":"n","1529":"t","1530":"s","1531":"\\","1532":"\"","1533":">","1534":"\\","1535":"r","1536":"\\","1537":"n","1538":" ","1539":" ","1540":" ","1541":" ","1542":"<","1543":"d","1544":"i","1545":"v","1546":" ","1547":"c","1548":"l","1549":"a","1550":"s","1551":"s","1552":"=","1553":"\\","1554":"\"","1555":"u","1556":"-","1557":"w","1558":"r","1559":"a","1560":"p","1561":"p","1562":"-","1563":"b","1564":"o","1565":"d","1566":"y","1567":"\\","1568":"\"","1569":">","1570":"\\","1571":"r","1572":"\\","1573":"n","1574":" ","1575":" ","1576":" ","1577":" ","1578":" ","1579":" ","1580":" ","1581":" ","1582":"<","1583":"d","1584":"i","1585":"v","1586":" ","1587":"c","1588":"l","1589":"a","1590":"s","1591":"s","1592":"=","1593":"\\","1594":"\"","1595":"u","1596":"-","1597":"h","1598":"e","1599":"a","1600":"d","1601":"b","1602":"o","1603":"a","1604":"r","1605":"d","1606":"\\","1607":"\"","1608":">","1609":"\\","1610":"r","1611":"\\","1612":"n","1613":" ","1614":" ","1615":" ","1616":" ","1617":" ","1618":" ","1619":" ","1620":" ","1621":" ","1622":" ","1623":" ","1624":" ","1625":"<","1626":"b","1627":"u","1628":"t","1629":"t","1630":"o","1631":"n","1632":" ","1633":"c","1634":"l","1635":"a","1636":"s","1637":"s","1638":"=","1639":"\\","1640":"\"","1641":"t","1642":"y","1643":"p","1644":"e","1645":"-","1646":"m","1647":"e","1648":"t","1649":"h","1650":"o","1651":"d","1652":" ","1653":"{","1654":"a","1655":"c","1656":"t","1657":"i","1658":"v","1659":"e","1660":"_","1661":"t","1662":"y","1663":"p","1664":"e","1665":"_","1666":"m","1667":"e","1668":"t","1669":"h","1670":"o","1671":"d","1672":" ","1673":"=","1674":"=","1675":" ","1676":"'","1677":"T","1678":"D","1679":"'","1680":"?","1681":" ","1682":"'","1683":"u","1684":"-","1685":"t","1686":"y","1687":"p","1688":"e","1689":"-","1690":"m","1691":"e","1692":"t","1693":"h","1694":"o","1695":"d","1696":"'","1697":":","1698":" ","1699":"'","1700":"'","1701":"}","1702":"\\","1703":"\"","1704":" ","1705":"o","1706":"n","1707":":","1708":"c","1709":"l","1710":"i","1711":"c","1712":"k","1713":"=","1714":"{","1715":"(","1716":")","1717":" ","1718":"=","1719":">","1720":" ","1721":"{","1722":" ","1723":"a","1724":"c","1725":"t","1726":"i","1727":"v","1728":"e","1729":"_","1730":"t","1731":"y","1732":"p","1733":"e","1734":"_","1735":"m","1736":"e","1737":"t","1738":"h","1739":"o","1740":"d","1741":" ","1742":"=","1743":" ","1744":"\\","1745":"\"","1746":"T","1747":"D","1748":"\\","1749":"\"","1750":";","1751":"}","1752":"}","1753":">","1754":"M","1755":"é","1756":"t","1757":"o","1758":"d","1759":"o","1760":"s","1761":" ","1762":"d","1763":"e","1764":" ","1765":"p","1766":"a","1767":"g","1768":"o","1769":"<","1770":"/","1771":"b","1772":"u","1773":"t","1774":"t","1775":"o","1776":"n","1777":">","1778":"\\","1779":"r","1780":"\\","1781":"n","1782":" ","1783":" ","1784":" ","1785":" ","1786":" ","1787":" ","1788":" ","1789":" ","1790":" ","1791":" ","1792":" ","1793":" ","1794":"<","1795":"!","1796":"-","1797":"-","1798":"b","1799":"u","1800":"t","1801":"t","1802":"o","1803":"n","1804":" ","1805":"c","1806":"l","1807":"a","1808":"s","1809":"s","1810":"=","1811":"\\","1812":"\"","1813":"t","1814":"y","1815":"p","1816":"e","1817":"-","1818":"m","1819":"e","1820":"t","1821":"h","1822":"o","1823":"d","1824":" ","1825":"{","1826":"a","1827":"c","1828":"t","1829":"i","1830":"v","1831":"e","1832":"_","1833":"t","1834":"y","1835":"p","1836":"e","1837":"_","1838":"m","1839":"e","1840":"t","1841":"h","1842":"o","1843":"d","1844":"=","1845":"=","1846":"'","1847":"T","1848":"B","1849":"'","1850":"?","1851":"'","1852":"u","1853":"-","1854":"t","1855":"y","1856":"p","1857":"e","1858":"-","1859":"m","1860":"e","1861":"t","1862":"h","1863":"o","1864":"d","1865":"'","1866":":","1867":"'","1868":"'","1869":"}","1870":"\\","1871":"\"","1872":" ","1873":"o","1874":"n","1875":":","1876":"c","1877":"l","1878":"i","1879":"c","1880":"k","1881":"=","1882":"{","1883":"(","1884":")","1885":"=","1886":">","1887":"{","1888":" ","1889":" ","1890":"a","1891":"c","1892":"t","1893":"i","1894":"v","1895":"e","1896":"_","1897":"t","1898":"y","1899":"p","1900":"e","1901":"_","1902":"m","1903":"e","1904":"t","1905":"h","1906":"o","1907":"d","1908":"=","1909":"\\","1910":"\"","1911":"T","1912":"B","1913":"\\","1914":"\"","1915":"}","1916":"}","1917":">","1918":"T","1919":"r","1920":"a","1921":"n","1922":"s","1923":"f","1924":"e","1925":"r","1926":"e","1927":"n","1928":"c","1929":"i","1930":"a","1931":"s","1932":" ","1933":"B","1934":"a","1935":"n","1936":"c","1937":"a","1938":"r","1939":"i","1940":"a","1941":"s","1942":"<","1943":"/","1944":"b","1945":"u","1946":"t","1947":"t","1948":"o","1949":"n","1950":"-","1951":"-","1952":">","1953":"\\","1954":"r","1955":"\\","1956":"n","1957":" ","1958":" ","1959":" ","1960":" ","1961":" ","1962":" ","1963":" ","1964":" ","1965":"<","1966":"/","1967":"d","1968":"i","1969":"v","1970":">","1971":"\\","1972":"r","1973":"\\","1974":"n","1975":"\\","1976":"r","1977":"\\","1978":"n","1979":" ","1980":" ","1981":" ","1982":" ","1983":" ","1984":" ","1985":" ","1986":" ","1987":"<","1988":"d","1989":"i","1990":"v","1991":" ","1992":"c","1993":"l","1994":"a","1995":"s","1996":"s","1997":"=","1998":"\\","1999":"\"","2000":"u","2001":"-","2002":"w","2003":"r","2004":"a","2005":"p","2006":"p","2007":"-","2008":"p","2009":"a","2010":"y","2011":"m","2012":"e","2013":"n","2014":"t","2015":"s","2016":"\\","2017":"\"","2018":">","2019":"\\","2020":"r","2021":"\\","2022":"n","2023":" ","2024":" ","2025":" ","2026":" ","2027":" ","2028":" ","2029":" ","2030":" ","2031":" ","2032":" ","2033":" ","2034":" ","2035":"<","2036":"d","2037":"i","2038":"v","2039":" ","2040":"c","2041":"l","2042":"a","2043":"s","2044":"s","2045":"=","2046":"\\","2047":"\"","2048":"u","2049":"-","2050":"w","2051":"r","2052":"a","2053":"p","2054":"p","2055":"-","2056":"d","2057":"e","2058":"p","2059":"o","2060":"s","2061":"i","2062":"t","2063":"\\","2064":"\"","2065":">","2066":"\\","2067":"r","2068":"\\","2069":"n","2070":" ","2071":" ","2072":" ","2073":" ","2074":" ","2075":" ","2076":" ","2077":" ","2078":" ","2079":" ","2080":" ","2081":" ","2082":" ","2083":" ","2084":" ","2085":" ","2086":"<","2087":"p","2088":" ","2089":"c","2090":"l","2091":"a","2092":"s","2093":"s","2094":"=","2095":"\\","2096":"\"","2097":"u","2098":"-","2099":"w","2100":"r","2101":"a","2102":"p","2103":"p","2104":"-","2105":"d","2106":"e","2107":"p","2108":"o","2109":"s","2110":"i","2111":"t","2112":"-","2113":"t","2114":"i","2115":"t","2116":"l","2117":"e","2118":"\\","2119":"\"","2120":">","2121":" ","2122":"I","2123":"n","2124":"g","2125":"r","2126":"e","2127":"s","2128":"e","2129":" ","2130":"e","2131":"l","2132":" ","2133":"c","2134":"ó","2135":"d","2136":"i","2137":"g","2138":"o","2139":" ","2140":"d","2141":"e","2142":" ","2143":"r","2144":"e","2145":"c","2146":"a","2147":"r","2148":"g","2149":"a","2150":"<","2151":"/","2152":"p","2153":">","2154":"\\","2155":"r","2156":"\\","2157":"n","2158":" ","2159":" ","2160":" ","2161":" ","2162":" ","2163":" ","2164":" ","2165":" ","2166":" ","2167":" ","2168":" ","2169":" ","2170":" ","2171":" ","2172":" ","2173":" ","2174":"<","2175":"d","2176":"i","2177":"v","2178":">","2179":"\\","2180":"r","2181":"\\","2182":"n","2183":" ","2184":" ","2185":" ","2186":" ","2187":" ","2188":" ","2189":" ","2190":" ","2191":" ","2192":" ","2193":" ","2194":" ","2195":" ","2196":" ","2197":" ","2198":" ","2199":" ","2200":" ","2201":" ","2202":" ","2203":"<","2204":"i","2205":"n","2206":"p","2207":"u","2208":"t","2209":" ","2210":"a","2211":"r","2212":"i","2213":"a","2214":"-","2215":"l","2216":"a","2217":"b","2218":"e","2219":"l","2220":"=","2221":"\\","2222":"\"","2223":"c","2224":"h","2225":"a","2226":"r","2227":"g","2228":"e","2229":"-","2230":"c","2231":"o","2232":"d","2233":"e","2234":"-","2235":"t","2236":"x","2237":"t","2238":"\\","2239":"\"","2240":" ","2241":"c","2242":"l","2243":"a","2244":"s","2245":"s","2246":"=","2247":"\\","2248":"\"","2249":"u","2250":"-","2251":"w","2252":"r","2253":"a","2254":"p","2255":"p","2256":"-","2257":"d","2258":"e","2259":"p","2260":"o","2261":"s","2262":"i","2263":"t","2264":"-","2265":"i","2266":"n","2267":"p","2268":"u","2269":"t","2270":"\\","2271":"\"","2272":" ","2273":"t","2274":"y","2275":"p","2276":"e","2277":"=","2278":"\\","2279":"\"","2280":"t","2281":"e","2282":"x","2283":"t","2284":"\\","2285":"\"","2286":" ","2287":"p","2288":"l","2289":"a","2290":"c","2291":"e","2292":"h","2293":"o","2294":"l","2295":"d","2296":"e","2297":"r","2298":"=","2299":"\\","2300":"\"","2301":"C","2302":"ó","2303":"d","2304":"i","2305":"g","2306":"o","2307":" ","2308":"d","2309":"e","2310":" ","2311":"r","2312":"e","2313":"c","2314":"a","2315":"r","2316":"g","2317":"a","2318":"\\","2319":"\"","2320":" ","2321":"b","2322":"i","2323":"n","2324":"d","2325":":","2326":"v","2327":"a","2328":"l","2329":"u","2330":"e","2331":"=","2332":"{","2333":"d","2334":"e","2335":"p","2336":"o","2337":"s","2338":"i","2339":"t","2340":"R","2341":"e","2342":"t","2343":"a","2344":"i","2345":"l","2346":"C","2347":"o","2348":"d","2349":"e","2350":"}","2351":"/","2352":">","2353":"\\","2354":"r","2355":"\\","2356":"n","2357":" ","2358":" ","2359":" ","2360":" ","2361":" ","2362":" ","2363":" ","2364":" ","2365":" ","2366":" ","2367":" ","2368":" ","2369":" ","2370":" ","2371":" ","2372":" ","2373":" ","2374":" ","2375":" ","2376":" ","2377":"<","2378":"b","2379":"u","2380":"t","2381":"t","2382":"o","2383":"n","2384":" ","2385":"c","2386":"l","2387":"a","2388":"s","2389":"s","2390":"=","2391":"\\","2392":"\"","2393":"u","2394":"-","2395":"w","2396":"r","2397":"a","2398":"p","2399":"p","2400":"-","2401":"d","2402":"e","2403":"p","2404":"o","2405":"s","2406":"i","2407":"t","2408":"-","2409":"b","2410":"t","2411":"n","2412":"\\","2413":"\"","2414":" ","2415":"o","2416":"n","2417":":","2418":"c","2419":"l","2420":"i","2421":"c","2422":"k","2423":"=","2424":"{","2425":"d","2426":"e","2427":"p","2428":"o","2429":"s","2430":"i","2431":"t","2432":"R","2433":"e","2434":"t","2435":"a","2436":"i","2437":"l","2438":"}","2439":">","2440":" ","2441":"A","2442":"c","2443":"t","2444":"i","2445":"v","2446":"a","2447":"r","2448":"<","2449":"/","2450":"b","2451":"u","2452":"t","2453":"t","2454":"o","2455":"n","2456":">","2457":"\\","2458":"r","2459":"\\","2460":"n","2461":" ","2462":" ","2463":" ","2464":" ","2465":" ","2466":" ","2467":" ","2468":" ","2469":" ","2470":" ","2471":" ","2472":" ","2473":" ","2474":" ","2475":" ","2476":" ","2477":"<","2478":"/","2479":"d","2480":"i","2481":"v","2482":">","2483":"\\","2484":"r","2485":"\\","2486":"n","2487":" ","2488":" ","2489":" ","2490":" ","2491":" ","2492":" ","2493":" ","2494":" ","2495":" ","2496":" ","2497":" ","2498":" ","2499":" ","2500":" ","2501":" ","2502":" ","2503":"<","2504":"d","2505":"i","2506":"v","2507":">","2508":"\\","2509":"r","2510":"\\","2511":"n","2512":" ","2513":" ","2514":" ","2515":" ","2516":" ","2517":" ","2518":" ","2519":" ","2520":" ","2521":" ","2522":" ","2523":" ","2524":" ","2525":" ","2526":" ","2527":" ","2528":" ","2529":" ","2530":" ","2531":" ","2532":"<","2533":"p","2534":">","2535":" ","2536":"T","2537":"o","2538":"d","2539":"o","2540":"s","2541":" ","2542":"l","2543":"o","2544":"s","2545":" ","2546":"d","2547":"e","2548":"p","2549":"ó","2550":"s","2551":"i","2552":"t","2553":"o","2554":"s","2555":" ","2556":"s","2557":"e","2558":"r","2559":"á","2560":"n","2561":" ","2562":"a","2563":"c","2564":"r","2565":"e","2566":"d","2567":"i","2568":"t","2569":"a","2570":"d","2571":"o","2572":" ","2573":"a","2574":" ","2575":"s","2576":"u","2577":" ","2578":"c","2579":"u","2580":"e","2581":"n","2582":"t","2583":"a","2584":" ","2585":"e","2586":"n","2587":" ","2588":"m","2589":"o","2590":"n","2591":"e","2592":"d","2593":"a","2594":" ","2595":"l","2596":"o","2597":"c","2598":"a","2599":"l","2600":".","2601":"<","2602":"/","2603":"p","2604":">","2605":"\\","2606":"r","2607":"\\","2608":"n","2609":" ","2610":" ","2611":" ","2612":" ","2613":" ","2614":" ","2615":" ","2616":" ","2617":" ","2618":" ","2619":" ","2620":" ","2621":" ","2622":" ","2623":" ","2624":" ","2625":" ","2626":" ","2627":" ","2628":" ","2629":"<","2630":"p","2631":">","2632":"\\","2633":"r","2634":"\\","2635":"n","2636":" ","2637":" ","2638":" ","2639":" ","2640":" ","2641":" ","2642":" ","2643":" ","2644":" ","2645":" ","2646":" ","2647":" ","2648":" ","2649":" ","2650":" ","2651":" ","2652":" ","2653":" ","2654":" ","2655":" ","2656":" ","2657":" ","2658":" ","2659":" ","2660":"A","2661":"l","2662":" ","2663":"d","2664":"e","2665":"p","2666":"o","2667":"s","2668":"i","2669":"t","2670":"a","2671":"r","2672":" ","2673":"d","2674":"i","2675":"n","2676":"e","2677":"r","2678":"o","2679":" ","2680":"a","2681":" ","2682":"s","2683":"u","2684":" ","2685":"c","2686":"u","2687":"e","2688":"n","2689":"t","2690":"a","2691":",","2692":" ","2693":"u","2694":"s","2695":"t","2696":"e","2697":"d","2698":" ","2699":"a","2700":"c","2701":"e","2702":"p","2703":"t","2704":"a","2705":" ","2706":"a","2707":"u","2708":"t","2709":"o","2710":"m","2711":"á","2712":"t","2713":"i","2714":"c","2715":"a","2716":"m","2717":"e","2718":"n","2719":"t","2720":"e","2721":" ","2722":"l","2723":"a","2724":" ","2725":"v","2726":"e","2727":"r","2728":"s","2729":"i","2730":"ó","2731":"n","2732":" ","2733":"m","2734":"a","2735":"s","2736":" ","2737":"r","2738":"e","2739":"c","2740":"i","2741":"e","2742":"n","2743":"t","2744":"e","2745":" ","2746":"d","2747":"e","2748":" ","2749":"l","2750":"o","2751":"s","2752":" ","2753":"\\","2754":"r","2755":"\\","2756":"n","2757":" ","2758":" ","2759":" ","2760":" ","2761":" ","2762":" ","2763":" ","2764":" ","2765":" ","2766":" ","2767":" ","2768":" ","2769":" ","2770":" ","2771":" ","2772":" ","2773":" ","2774":" ","2775":" ","2776":" ","2777":" ","2778":" ","2779":" ","2780":" ","2781":"<","2782":"a","2783":" ","2784":"h","2785":"r","2786":"e","2787":"f","2788":"=","2789":"\\","2790":"\"","2791":"h","2792":"t","2793":"t","2794":"p","2795":"s","2796":":","2797":"/","2798":"/","2799":"a","2800":"s","2801":"s","2802":"e","2803":"t","2804":"s","2805":".","2806":"a","2807":"p","2808":"i","2809":"u","2810":"s","2811":"o","2812":"f","2813":"t","2814":".","2815":"c","2816":"o","2817":"m","2818":"/","2819":"3","2820":"6","2821":"5","2822":"f","2823":"o","2824":"r","2825":"t","2826":"u","2827":"n","2828":"a","2829":"/","2830":"t","2831":"&","2832":"c","2833":".","2834":"p","2835":"d","2836":"f","2837":"\\","2838":"\"","2839":" ","2840":"t","2841":"a","2842":"r","2843":"g","2844":"e","2845":"t","2846":"=","2847":"\\","2848":"\"","2849":"_","2850":"b","2851":"l","2852":"a","2853":"n","2854":"k","2855":"\\","2856":"\"","2857":" ","2858":"s","2859":"t","2860":"y","2861":"l","2862":"e","2863":"=","2864":"\\","2865":"\"","2866":"c","2867":"o","2868":"l","2869":"o","2870":"r","2871":":","2872":"r","2873":"e","2874":"d","2875":";","2876":"\\","2877":"\"","2878":">","2879":"t","2880":"é","2881":"r","2882":"m","2883":"i","2884":"n","2885":"o","2886":"s","2887":" ","2888":"y","2889":" ","2890":"c","2891":"o","2892":"n","2893":"d","2894":"i","2895":"c","2896":"i","2897":"o","2898":"n","2899":"e","2900":"s","2901":"<","2902":"/","2903":"a","2904":">","2905":"\\","2906":"r","2907":"\\","2908":"n","2909":" ","2910":" ","2911":" ","2912":" ","2913":" ","2914":" ","2915":" ","2916":" ","2917":" ","2918":" ","2919":" ","2920":" ","2921":" ","2922":" ","2923":" ","2924":" ","2925":" ","2926":" ","2927":" ","2928":" ","2929":"<","2930":"/","2931":"p","2932":">","2933":"\\","2934":"r","2935":"\\","2936":"n","2937":" ","2938":" ","2939":" ","2940":" ","2941":" ","2942":" ","2943":" ","2944":" ","2945":" ","2946":" ","2947":" ","2948":" ","2949":" ","2950":" ","2951":" ","2952":" ","2953":"<","2954":"/","2955":"d","2956":"i","2957":"v","2958":">","2959":"\\","2960":"r","2961":"\\","2962":"n","2963":" ","2964":" ","2965":" ","2966":" ","2967":" ","2968":" ","2969":" ","2970":" ","2971":" ","2972":" ","2973":" ","2974":" ","2975":" ","2976":" ","2977":" ","2978":" ","2979":"<","2980":"d","2981":"i","2982":"v","2983":">","2984":"\\","2985":"r","2986":"\\","2987":"n","2988":" ","2989":" ","2990":" ","2991":" ","2992":" ","2993":" ","2994":" ","2995":" ","2996":" ","2997":" ","2998":" ","2999":" ","3000":" ","3001":" ","3002":" ","3003":" ","3004":" ","3005":" ","3006":" ","3007":" ","3008":"<","3009":"p","3010":" ","3011":"c","3012":"l","3013":"a","3014":"s","3015":"s","3016":"=","3017":"\\","3018":"\"","3019":"u","3020":"-","3021":"w","3022":"r","3023":"a","3024":"p","3025":"p","3026":"-","3027":"d","3028":"e","3029":"p","3030":"o","3031":"s","3032":"i","3033":"t","3034":"-","3035":"t","3036":"i","3037":"t","3038":"l","3039":"e","3040":"2","3041":"\\","3042":"\"","3043":">","3044":"I","3045":"M","3046":"P","3047":"O","3048":"R","3049":"T","3050":"A","3051":"N","3052":"T","3053":"E","3054":"<","3055":"/","3056":"p","3057":">","3058":"\\","3059":"r","3060":"\\","3061":"n","3062":" ","3063":" ","3064":" ","3065":" ","3066":" ","3067":" ","3068":" ","3069":" ","3070":" ","3071":" ","3072":" ","3073":" ","3074":" ","3075":" ","3076":" ","3077":" ","3078":" ","3079":" ","3080":" ","3081":" ","3082":"<","3083":"p","3084":">","3085":" ","3086":"A","3087":"c","3088":"e","3089":"p","3090":"t","3091":"o","3092":" ","3093":"q","3094":"u","3095":"e","3096":" ","3097":"a","3098":"l","3099":" ","3100":"e","3101":"n","3102":"v","3103":"i","3104":"a","3105":"r","3106":" ","3107":"e","3108":"l","3109":" ","3110":"f","3111":"o","3112":"r","3113":"m","3114":"u","3115":"l","3116":"a","3117":"r","3118":"i","3119":"o","3120":" ","3121":"e","3122":"s","3123":"t","3124":"o","3125":"y","3126":" ","3127":"d","3128":"e","3129":" ","3130":"a","3131":"c","3132":"u","3133":"e","3134":"r","3135":"d","3136":"o","3137":" ","3138":"c","3139":"o","3140":"n","3141":" ","3142":"l","3143":"o","3144":"s","3145":" ","3146":"t","3147":"é","3148":"r","3149":"m","3150":"i","3151":"n","3152":"o","3153":"s","3154":" ","3155":"y","3156":" ","3157":"c","3158":"o","3159":"n","3160":"d","3161":"i","3162":"c","3163":"i","3164":"o","3165":"n","3166":"e","3167":"s","3168":" ","3169":"d","3170":"e","3171":" ","3172":"l","3173":"a","3174":" ","3175":"P","3176":"á","3177":"g","3178":"i","3179":"n","3180":"a","3181":" ","3182":"w","3183":"e","3184":"b","3185":"<","3186":"/","3187":"p","3188":">","3189":"\\","3190":"r","3191":"\\","3192":"n","3193":" ","3194":" ","3195":" ","3196":" ","3197":" ","3198":" ","3199":" ","3200":" ","3201":" ","3202":" ","3203":" ","3204":" ","3205":" ","3206":" ","3207":" ","3208":" ","3209":"<","3210":"/","3211":"d","3212":"i","3213":"v","3214":">","3215":"\\","3216":"r","3217":"\\","3218":"n","3219":" ","3220":" ","3221":" ","3222":" ","3223":" ","3224":" ","3225":" ","3226":" ","3227":" ","3228":" ","3229":" ","3230":" ","3231":"<","3232":"/","3233":"d","3234":"i","3235":"v","3236":">","3237":"\\","3238":"r","3239":"\\","3240":"n","3241":" ","3242":" ","3243":" ","3244":" ","3245":" ","3246":" ","3247":" ","3248":" ","3249":"<","3250":"/","3251":"d","3252":"i","3253":"v","3254":">","3255":"\\","3256":"r","3257":"\\","3258":"n","3259":" ","3260":" ","3261":" ","3262":" ","3263":" ","3264":" ","3265":" ","3266":" ","3267":"<","3268":"!","3269":"-","3270":"-","3271":"b","3272":"u","3273":"t","3274":"t","3275":"o","3276":"n","3277":" ","3278":"c","3279":"l","3280":"a","3281":"s","3282":"s","3283":"=","3284":"\\","3285":"\"","3286":"u","3287":"-","3288":"b","3289":"u","3290":"t","3291":"t","3292":"o","3293":"n","3294":"-","3295":"p","3296":"a","3297":"y","3298":"\\","3299":"\"","3300":" ","3301":"o","3302":"n","3303":":","3304":"c","3305":"l","3306":"i","3307":"c","3308":"k","3309":"=","3310":"{","3311":"v","3312":"a","3313":"l","3314":"i","3315":"d","3316":"a","3317":"t","3318":"e","3319":"D","3320":"a","3321":"t","3322":"a","3323":"}","3324":">","3325":"D","3326":"E","3327":"P","3328":"O","3329":"S","3330":"I","3331":"T","3332":"A","3333":"R","3334":"<","3335":"/","3336":"b","3337":"u","3338":"t","3339":"t","3340":"o","3341":"n","3342":"-","3343":"-","3344":">","3345":"\\","3346":"r","3347":"\\","3348":"n","3349":" ","3350":" ","3351":" ","3352":" ","3353":"<","3354":"/","3355":"d","3356":"i","3357":"v","3358":">","3359":"\\","3360":"r","3361":"\\","3362":"n","3363":" ","3364":" ","3365":" ","3366":" ","3367":"<","3368":"b","3369":"u","3370":"t","3371":"t","3372":"o","3373":"n","3374":" ","3375":"c","3376":"l","3377":"a","3378":"s","3379":"s","3380":"=","3381":"\\","3382":"\"","3383":"u","3384":"-","3385":"c","3386":"l","3387":"o","3388":"s","3389":"e","3390":"\\","3391":"\"","3392":" ","3393":"o","3394":"n","3395":":","3396":"c","3397":"l","3398":"i","3399":"c","3400":"k","3401":"=","3402":"{","3403":"c","3404":"l","3405":"o","3406":"s","3407":"e","3408":"M","3409":"o","3410":"d","3411":"a","3412":"l","3413":"}","3414":">","3415":"X","3416":"<","3417":"/","3418":"b","3419":"u","3420":"t","3421":"t","3422":"o","3423":"n","3424":">","3425":"\\","3426":"r","3427":"\\","3428":"n","3429":"<","3430":"/","3431":"d","3432":"i","3433":"v","3434":">","3435":"\\","3436":"r","3437":"\\","3438":"n","3439":"\\","3440":"r","3441":"\\","3442":"n","3443":"<","3444":"s","3445":"t","3446":"y","3447":"l","3448":"e","3449":">","3450":"\\","3451":"r","3452":"\\","3453":"n","3454":" ","3455":" ","3456":" ","3457":" ","3458":"b","3459":"u","3460":"t","3461":"t","3462":"o","3463":"n","3464":" ","3465":"{","3466":"\\","3467":"r","3468":"\\","3469":"n","3470":" ","3471":" ","3472":" ","3473":" ","3474":" ","3475":" ","3476":" ","3477":" ","3478":"c","3479":"u","3480":"r","3481":"s","3482":"o","3483":"r","3484":":","3485":" ","3486":"p","3487":"o","3488":"i","3489":"n","3490":"t","3491":"e","3492":"r","3493":";","3494":"\\","3495":"r","3496":"\\","3497":"n","3498":" ","3499":" ","3500":" ","3501":" ","3502":"}","3503":"\\","3504":"r","3505":"\\","3506":"n","3507":" ","3508":" ","3509":" ","3510":" ","3511":".","3512":"u","3513":"-","3514":"w","3515":"r","3516":"a","3517":"p","3518":"p","3519":"-","3520":"d","3521":"e","3522":"p","3523":"o","3524":"s","3525":"i","3526":"t","3527":" ","3528":"{","3529":"\\","3530":"r","3531":"\\","3532":"n","3533":" ","3534":" ","3535":" ","3536":" ","3537":" ","3538":" ","3539":" ","3540":" ","3541":"p","3542":"a","3543":"d","3544":"d","3545":"i","3546":"n","3547":"g","3548":":","3549":" ","3550":"0","3551":".","3552":"5","3553":"r","3554":"e","3555":"m","3556":";","3557":"\\","3558":"r","3559":"\\","3560":"n","3561":" ","3562":" ","3563":" ","3564":" ","3565":"}","3566":"\\","3567":"r","3568":"\\","3569":"n","3570":" ","3571":" ","3572":" ","3573":" ","3574":".","3575":"u","3576":"-","3577":"w","3578":"r","3579":"a","3580":"p","3581":"p","3582":"-","3583":"d","3584":"e","3585":"p","3586":"o","3587":"s","3588":"i","3589":"t","3590":"-","3591":"t","3592":"i","3593":"t","3594":"l","3595":"e","3596":" ","3597":"{","3598":"\\","3599":"r","3600":"\\","3601":"n","3602":" ","3603":" ","3604":" ","3605":" ","3606":" ","3607":" ","3608":" ","3609":" ","3610":"f","3611":"o","3612":"n","3613":"t","3614":"-","3615":"w","3616":"e","3617":"i","3618":"g","3619":"h","3620":"t","3621":":","3622":" ","3623":"6","3624":"0","3625":"0","3626":";","3627":"\\","3628":"r","3629":"\\","3630":"n","3631":" ","3632":" ","3633":" ","3634":" ","3635":" ","3636":" ","3637":" ","3638":" ","3639":"f","3640":"o","3641":"n","3642":"
[...]
:"A","2946":"I","2947":",","2948":"G","2949":"A","2950":"A","2951":"G","2952":",","2953":"K","2954":"A","2955":"A","2956":"K","2957":",","2958":"C","2959":"A","2960":"A","2961":"C","2962":",","2963":"I","2964":"A","2965":"A","2966":"I","2967":",","2968":"I","2969":"A","2970":"A","2971":"E","2972":",","2973":"S","2974":"A","2975":"A","2976":"S","2977":";","2978":"k","2979":"B","2980":"A","2981":"C","2982":"5","2983":"B","2984":",","2985":"O","2986":"A","2987":"A","2988":"O","2989":",","2990":"G","2991":"A","2992":"A","2993":"G","2994":",","2995":"I","2996":"A","2997":"A","2998":"I","2999":";","3000":";","3001":"E","3002":"A","3003":"C","3004":"d","3005":",","3006":"U","3007":"A","3008":"A","3009":"U","3010":";","3011":";","3012":"o","3013":"B","3014":"A","3015":"A","3016":"Q","3017":",","3018":"O","3019":"A","3020":"A","3021":"O","3022":",","3023":"G","3024":"A","3025":"A","3026":"C","3027":",","3028":"K","3029":"A","3030":"A","3031":"K","3032":";","3033":";","3034":"G","3035":"A","3036":"A","3037":"G","3038":",","3039":"I","3040":"A","3041":"A","3042":"I","3043":";","3044":";","3045":";","3046":";","3047":"U","3048":"A","3049":"I","3050":"j","3051":"C","3052":",","3053":"a","3054":"A","3055":"A","3056":"a","3057":";","3058":"k","3059":"B","3060":"A","3061":"C","3062":"l","3063":"B","3064":",","3065":"O","3066":"A","3067":"A","3068":"O","3069":",","3070":"G","3071":"A","3072":"A","3073":"G","3074":",","3075":"K","3076":"A","3077":"A","3078":"K","3079":";","3080":";","3081":";","3082":";","3083":";","3084":";","3085":";","3086":";","3087":";","3088":";","3089":";","3090":";","3091":";","3092":";","3093":";","3094":";","3095":";","3096":";","3097":";","3098":";","3099":";","3100":";","3101":";","3102":";","3103":";","3104":";","3105":";","3106":";","3107":";","3108":";","3109":";","3110":";","3111":";","3112":";","3113":";","3114":";","3115":";","3116":";","3117":";","3118":";","3119":";","3120":";","3121":";","3122":";","3123":";","3124":";","3125":";","3126":";","3127":";","3128":";","3129":";","3130":";","3131":";","3132":";","3133":";","3134":";","3135":";","3136":";","3137":";","3138":";","3139":";","3140":";","3141":";","3142":";","3143":";","3144":";","3145":";","3146":";","3147":";","3148":";","3149":";","3150":";","3151":";","3152":";","3153":";","3154":";","3155":";","3156":";","3157":";","3158":";","3159":";","3160":";","3161":";","3162":";","3163":";","3164":";","3165":";","3166":";","3167":";","3168":";","3169":";","3170":";","3171":";","3172":";","3173":";","3174":";","3175":";","3176":";","3177":";","3178":";","3179":";","3180":";","3181":"\"","3182":"}"},"_coverageSchema":"1a1c01bbd47fc00a2c39e90264f33305004495a9","hash":"1d558519c0422bee205678abb0cb21f840fdabc3"}
,"C:\\Users\\Windows\\Desktop\\UNIVERSAL\\ULibraryFrontEnd\\src\\js\\server.js": {"path":"C:\\Users\\Windows\\Desktop\\UNIVERSAL\\ULibraryFrontEnd\\src\\js\\server.js","statementMap":{"0":{"start":{"line":5,"column":14},"end":{"line":5,"column":16}},"1":{"start":{"line":7,"column":25},"end":{"line":79,"column":4}},"2":{"start":{"line":9,"column":20},"end":{"line":12,"column":5}},"3":{"start":{"line":10,"column":8},"end":{"line":10,"column":22}},"4":{"start":{"line":11,"column":8},"end":{"line":11,"column":125}},"5":{"start":{"line":14,"column":19},"end":{"line":49,"column":5}},"6":{"start":{"line":16,"column":20},"end":{"line":16,"column":62}},"7":{"start":{"line":17,"column":12},"end":{"line":17,"column":50}},"8":{"start":{"line":20,"column":20},"end":{"line":20,"column":48}},"9":{"start":{"line":21,"column":26},"end":{"line":21,"column":41}},"10":{"start":{"line":22,"column":12},"end":{"line":22,"column":61}},"11":{"start":{"line":25,"column":20},"end":{"line":25,"column":52}},"12":{"start":{"line":26,"column":26},"end":{"line":26,"column":38}},"13":{"start":{"line":27,"column":12},"end":{"line":27,"column":55}},"14":{"start":{"line":30,"column":26},"end":{"line":30,"column":62}},"15":{"start":{"line":31,"column":22},"end":{"line":31,"column":44}},"16":{"start":{"line":32,"column":12},"end":{"line":32,"column":61}},"17":{"start":{"line":35,"column":26},"end":{"line":35,"column":49}},"18":{"start":{"line":36,"column":22},"end":{"line":36,"column":52}},"19":{"start":{"line":37,"column":12},"end":{"line":37,"column":61}},"20":{"start":{"line":40,"column":22},"end":{"line":40,"column":55}},"21":{"start":{"line":41,"column":12},"end":{"line":41,"column":50}},"22":{"start":{"line":44,"column":22},"end":{"line":44,"column":45}},"23":{"start":{"line":45,"column":12},"end":{"line":45,"column":75}},"24":{"start":{"line":50,"column":17},"end":{"line":68,"column":5}},"25":{"start":{"line":52,"column":22},"end":{"line":52,"column":54}},"26":{"start":{"line":53,"column":12},"end":{"line":53,"column":45}},"27":{"start":{"line":56,"column":20},"end":{"line":56,"column":48}},"28":{"start":{"line":57,"column":12},"end":{"line":57,"column":48}},"29":{"start":{"line":57,"column":26},"end":{"line":57,"column":48}},"30":{"start":{"line":58,"column":26},"end":{"line":58,"column":72}},"31":{"start":{"line":59,"column":12},"end":{"line":59,"column":55}},"32":{"start":{"line":62,"column":12},"end":{"line":62,"column":53}},"33":{"start":{"line":62,"column":26},"end":{"line":62,"column":53}},"34":{"start":{"line":63,"column":12},"end":{"line":63,"column":54}},"35":{"start":{"line":63,"column":29},"end":{"line":63,"column":54}},"36":{"start":{"line":64,"column":20},"end":{"line":64,"column":36}},"37":{"start":{"line":65,"column":26},"end":{"line":65,"column":211}},"38":{"start":{"line":66,"column":12},"end":{"line":66,"column":55}},"39":{"start":{"line":69,"column":17},"end":{"line":76,"column":5}},"40":{"start":{"line":71,"column":23},"end":{"line":71,"column":49}},"41":{"start":{"line":72,"column":20},"end":{"line":72,"column":48}},"42":{"start":{"line":73,"column":12},"end":{"line":73,"column":58}},"43":{"start":{"line":74,"column":12},"end":{"line":74,"column":45}},"44":{"start":{"line":77,"column":4},"end":{"line":77,"column":41}}},"fnMap":{"0":{"name":"(anonymous_0)","decl":{"start":{"line":7,"column":26},"end":{"line":7,"column":27}},"loc":{"start":{"line":7,"column":32},"end":{"line":79,"column":1}},"line":7},"1":{"name":"(anonymous_1)","decl":{"start":{"line":9,"column":20},"end":{"line":9,"column":21}},"loc":{"start":{"line":9,"column":30},"end":{"line":12,"column":5}},"line":9},"2":{"name":"(anonymous_2)","decl":{"start":{"line":15,"column":31},"end":{"line":15,"column":32}},"loc":{"start":{"line":15,"column":45},"end":{"line":18,"column":9}},"line":15},"3":{"name":"(anonymous_3)","decl":{"start":{"line":19,"column":25},"end":{"line":19,"column":26}},"loc":{"start":{"line":19,"column":47},"end":{"line":23,"column":9}},"line":19},"4":{"name":"(anonymous_4)","decl":{"start":{"line":24,"column":22},"end":{"line":24,"column":23}},"loc":{"start":{"line":24,"column":41},"end":{"line":28,"column":9}},"line":24},"5":{"name":"(anonymous_5)","decl":{"start":{"line":29,"column":22},"end":{"line":29,"column":23}},"loc":{"start":{"line":29,"column":65},"end":{"line":33,"column":9}},"line":29},"6":{"name":"(anonymous_6)","decl":{"start":{"line":34,"column":20},"end":{"line":34,"column":21}},"loc":{"start":{"line":34,"column":48},"end":{"line":38,"column":9}},"line":34},"7":{"name":"(anonymous_7)","decl":{"start":{"line":39,"column":22},"end":{"line":39,"column":23}},"loc":{"start":{"line":39,"column":41},"end":{"line":42,"column":9}},"line":39},"8":{"name":"(anonymous_8)","decl":{"start":{"line":43,"column":19},"end":{"line":43,"column":20}},"loc":{"start":{"line":43,"column":48},"end":{"line":47,"column":9}},"line":43},"9":{"name":"(anonymous_9)","decl":{"start":{"line":51,"column":19},"end":{"line":51,"column":20}},"loc":{"start":{"line":51,"column":32},"end":{"line":54,"column":9}},"line":51},"10":{"name":"(anonymous_10)","decl":{"start":{"line":55,"column":20},"end":{"line":55,"column":21}},"loc":{"start":{"line":55,"column":56},"end":{"line":60,"column":9}},"line":55},"11":{"name":"(anonymous_11)","decl":{"start":{"line":61,"column":18},"end":{"line":61,"column":19}},"loc":{"start":{"line":61,"column":137},"end":{"line":67,"column":9}},"line":61},"12":{"name":"(anonymous_12)","decl":{"start":{"line":70,"column":21},"end":{"line":70,"column":22}},"loc":{"start":{"line":70,"column":33},"end":{"line":75,"column":9}},"line":70}},"branchMap":{"0":{"loc":{"start":{"line":57,"column":12},"end":{"line":57,"column":48}},"type":"if","locations":[{"start":{"line":57,"column":12},"end":{"line":57,"column":48}},{"start":{},"end":{}}],"line":57},"1":{"loc":{"start":{"line":61,"column":112},"end":{"line":61,"column":134}},"type":"default-arg","locations":[{"start":{"line":61,"column":121},"end":{"line":61,"column":134}}],"line":61},"2":{"loc":{"start":{"line":62,"column":12},"end":{"line":62,"column":53}},"type":"if","locations":[{"start":{"line":62,"column":12},"end":{"line":62,"column":53}},{"start":{},"end":{}}],"line":62},"3":{"loc":{"start":{"line":63,"column":12},"end":{"line":63,"column":54}},"type":"if","locations":[{"start":{"line":63,"column":12},"end":{"line":63,"column":54}},{"start":{},"end":{}}],"line":63},"4":{"loc":{"start":{"line":71,"column":23},"end":{"line":71,"column":49}},"type":"cond-expr","locations":[{"start":{"line":71,"column":40},"end":{"line":71,"column":44}},{"start":{"line":71,"column":45},"end":{"line":71,"column":49}}],"line":71},"5":{"loc":{"start":{"line":73,"column":19},"end":{"line":73,"column":58}},"type":"cond-expr","locations":[{"start":{"line":73,"column":39},"end":{"line":73,"column":53}},{"start":{"line":73,"column":56},"end":{"line":73,"column":58}}],"line":73}},"s":{"0":1,"1":1,"2":1,"3":1,"4":1,"5":1,"6":0,"7":0,"8":0,"9":0,"10":0,"11":2,"12":2,"13":2,"14":0,"15":0,"16":0,"17":0,"18":0,"19":0,"20":0,"21":0,"22":0,"23":0,"24":1,"25":0,"26":0,"27":0,"28":0,"29":0,"30":0,"31":0,"32":0,"33":0,"34":0,"35":0,"36":0,"37":0,"38":0,"39":1,"40":0,"41":0,"42":0,"43":0,"44":1},"f":{"0":1,"1":1,"2":0,"3":0,"4":2,"5":0,"6":0,"7":0,"8":0,"9":0,"10":0,"11":0,"12":0},"b":{"0":[0,0],"1":[0],"2":[0,0],"3":[0,0],"4":[0,0],"5":[0,0]},"_coverageSchema":"1a1c01bbd47fc00a2c39e90264f33305004495a9","hash":"ae899930f80f38bf9aa80d3d2891445ba58108ed"}
,"C:\\Users\\Windows\\Desktop\\UNIVERSAL\\ULibraryFrontEnd\\src\\js\\util.js": {"path":"C:\\Users\\Windows\\Desktop\\UNIVERSAL\\ULibraryFrontEnd\\src\\js\\util.js","statementMap":{"0":{"start":{"line":1,"column":14},"end":{"line":79,"column":4}},"1":{"start":{"line":2,"column":20},"end":{"line":8,"column":3}},"2":{"start":{"line":3,"column":17},"end":{"line":3,"column":49}},"3":{"start":{"line":4,"column":4},"end":{"line":6,"column":13}},"4":{"start":{"line":5,"column":6},"end":{"line":5,"column":29}},"5":{"start":{"line":7,"column":4},"end":{"line":7,"column":17}},"6":{"start":{"line":9,"column":16},"end":{"line":11,"column":5}},"7":{"start":{"line":10,"column":6},"end":{"line":10,"column":86}},"8":{"start":{"line":10,"column":38},"end":{"line":10,"column":82}},"9":{"start":{"line":10,"column":56},"end":{"line":10,"column":64}},"10":{"start":{"line":12,"column":24},"end":{"line":16,"column":5}},"11":{"start":{"line":13,"column":6},"end":{"line":13,"column":41}},"12":{"start":{"line":13,"column":32},"end":{"line":13,"column":41}},"13":{"start":{"line":14,"column":17},"end":{"line":14,"column":38}},"14":{"start":{"line":14,"column":33},"end":{"line":14,"column":37}},"15":{"start":{"line":15,"column":6},"end":{"line":15,"column":64}},"16":{"start":{"line":15,"column":27},"end":{"line":15,"column":62}},"17":{"start":{"line":17,"column":20},"end":{"line":19,"column":5}},"18":{"start":{"line":18,"column":6},"end":{"line":18,"column":109}},"19":{"start":{"line":20,"column":29},"end":{"line":22,"column":5}},"20":{"start":{"line":21,"column":6},"end":{"line":21,"column":56}},"21":{"start":{"line":23,"column":21},"end":{"line":26,"column":5}},"22":{"start":{"line":24,"column":18},"end":{"line":24,"column":135}},"23":{"start":{"line":25,"column":8},"end":{"line":25,"column":19}},"24":{"start":{"line":27,"column":20},"end":{"line":41,"column":7}},"25":{"start":{"line":28,"column":20},"end":{"line":28,"column":25}},"26":{"start":{"line":29,"column":8},"end":{"line":39,"column":68}},"27":{"start":{"line":30,"column":10},"end":{"line":38,"column":25}},"28":{"start":{"line":38,"column":12},"end":{"line":38,"column":25}},"29":{"start":{"line":40,"column":8},"end":{"line":40,"column":21}},"30":{"start":{"line":43,"column":26},"end":{"line":50,"column":7}},"31":{"start":{"line":44,"column":28},"end":{"line":44,"column":47}},"32":{"start":{"line":46,"column":21},"end":{"line":46,"column":73}},"33":{"start":{"line":47,"column":21},"end":{"line":47,"column":73}},"34":{"start":{"line":49,"column":8},"end":{"line":49,"column":55}},"35":{"start":{"line":52,"column":17},"end":{"line":61,"column":5}},"36":{"start":{"line":53,"column":20},"end":{"line":53,"column":30}},"37":{"start":{"line":54,"column":24},"end":{"line":54,"column":44}},"38":{"start":{"line":55,"column":18},"end":{"line":55,"column":63}},"39":{"start":{"line":56,"column":16},"end":{"line":56,"column":55}},"40":{"start":{"line":57,"column":8},"end":{"line":59,"column":9}},"41":{"start":{"line":58,"column":12},"end":{"line":58,"column":18}},"42":{"start":{"line":60,"column":8},"end":{"line":60,"column":19}},"43":{"start":{"line":63,"column":17},"end":{"line":70,"column":3}},"44":{"start":{"line":64,"column":6},"end":{"line":68,"column":7}},"45":{"start":{"line":65,"column":10},"end":{"line":65,"column":26}},"46":{"start":{"line":67,"column":10},"end":{"line":67,"column":23}},"47":{"start":{"line":69,"column":6},"end":{"line":69,"column":18}},"48":{"start":{"line":71,"column":21},"end":{"line":73,"column":5}},"49":{"start":{"line":72,"column":6},"end":{"line":72,"column":50}},"50":{"start":{"line":74,"column":32},"end":{"line":76,"column":5}},"51":{"start":{"line":75,"column":6},"end":{"line":75,"column":82}},"52":{"start":{"line":78,"column":4},"end":{"line":78,"column":156}}},"fnMap":{"0":{"name":"(anonymous_0)","decl":{"start":{"line":1,"column":15},"end":{"line":1,"column":16}},"loc":{"start":{"line":1,"column":21},"end":{"line":79,"column":1}},"line":1},"1":{"name":"(anonymous_1)","decl":{"start":{"line":2,"column":20},"end":{"line":2,"column":21}},"loc":{"start":{"line":2,"column":49},"end":{"line":8,"column":3}},"line":2},"2":{"name":"(anonymous_2)","decl":{"start":{"line":4,"column":15},"end":{"line":4,"column":16}},"loc":{"start":{"line":4,"column":21},"end":{"line":6,"column":5}},"line":4},"3":{"name":"(anonymous_3)","decl":{"start":{"line":9,"column":16},"end":{"line":9,"column":17}},"loc":{"start":{"line":9,"column":27},"end":{"line":11,"column":5}},"line":9},"4":{"name":"(anonymous_4)","decl":{"start":{"line":10,"column":26},"end":{"line":10,"column":27}},"loc":{"start":{"line":10,"column":36},"end":{"line":10,"column":84}},"line":10},"5":{"name":"(anonymous_5)","decl":{"start":{"line":10,"column":50},"end":{"line":10,"column":51}},"loc":{"start":{"line":10,"column":54},"end":{"line":10,"column":67}},"line":10},"6":{"name":"(anonymous_6)","decl":{"start":{"line":12,"column":24},"end":{"line":12,"column":25}},"loc":{"start":{"line":12,"column":43},"end":{"line":16,"column":5}},"line":12},"7":{"name":"(anonymous_7)","decl":{"start":{"line":14,"column":30},"end":{"line":14,"column":31}},"loc":{"start":{"line":14,"column":33},"end":{"line":14,"column":37}},"line":14},"8":{"name":"(anonymous_8)","decl":{"start":{"line":15,"column":23},"end":{"line":15,"column":24}},"loc":{"start":{"line":15,"column":27},"end":{"line":15,"column":62}},"line":15},"9":{"name":"(anonymous_9)","decl":{"start":{"line":17,"column":20},"end":{"line":17,"column":21}},"loc":{"start":{"line":17,"column":36},"end":{"line":19,"column":5}},"line":17},"10":{"name":"(anonymous_10)","decl":{"start":{"line":20,"column":29},"end":{"line":20,"column":30}},"loc":{"start":{"line":20,"column":46},"end":{"line":22,"column":5}},"line":20},"11":{"name":"(anonymous_11)","decl":{"start":{"line":23,"column":21},"end":{"line":23,"column":22}},"loc":{"start":{"line":23,"column":52},"end":{"line":26,"column":5}},"line":23},"12":{"name":"(anonymous_12)","decl":{"start":{"line":27,"column":20},"end":{"line":27,"column":21}},"loc":{"start":{"line":27,"column":26},"end":{"line":41,"column":7}},"line":27},"13":{"name":"(anonymous_13)","decl":{"start":{"line":29,"column":9},"end":{"line":29,"column":10}},"loc":{"start":{"line":29,"column":22},"end":{"line":39,"column":9}},"line":29},"14":{"name":"(anonymous_14)","decl":{"start":{"line":43,"column":26},"end":{"line":43,"column":27}},"loc":{"start":{"line":43,"column":36},"end":{"line":50,"column":7}},"line":43},"15":{"name":"(anonymous_15)","decl":{"start":{"line":52,"column":17},"end":{"line":52,"column":18}},"loc":{"start":{"line":52,"column":32},"end":{"line":61,"column":5}},"line":52},"16":{"name":"(anonymous_16)","decl":{"start":{"line":63,"column":17},"end":{"line":63,"column":18}},"loc":{"start":{"line":63,"column":24},"end":{"line":70,"column":3}},"line":63},"17":{"name":"(anonymous_17)","decl":{"start":{"line":71,"column":21},"end":{"line":71,"column":22}},"loc":{"start":{"line":71,"column":29},"end":{"line":73,"column":5}},"line":71},"18":{"name":"(anonymous_18)","decl":{"start":{"line":74,"column":32},"end":{"line":74,"column":33}},"loc":{"start":{"line":74,"column":55},"end":{"line":76,"column":5}},"line":74}},"branchMap":{"0":{"loc":{"start":{"line":2,"column":35},"end":{"line":2,"column":44}},"type":"default-arg","locations":[{"start":{"line":2,"column":40},"end":{"line":2,"column":44}}],"line":2},"1":{"loc":{"start":{"line":13,"column":6},"end":{"line":13,"column":41}},"type":"if","locations":[{"start":{"line":13,"column":6},"end":{"line":13,"column":41}},{"start":{},"end":{}}],"line":13},"2":{"loc":{"start":{"line":30,"column":10},"end":{"line":38,"column":25}},"type":"if","locations":[{"start":{"line":30,"column":10},"end":{"line":38,"column":25}},{"start":{},"end":{}}],"line":30},"3":{"loc":{"start":{"line":31,"column":12},"end":{"line":36,"column":13}},"type":"binary-expr","locations":[{"start":{"line":31,"column":12},"end":{"line":33,"column":13}},{"start":{"line":34,"column":12},"end":{"line":36,"column":13}}],"line":31},"4":{"loc":{"start":{"line":39,"column":11},"end":{"line":39,"column":66}},"type":"binary-expr","locations":[{"start":{"line":39,"column":11},"end":{"line":39,"column":30}},{"start":{"line":39,"column":34},"end":{"line":39,"column":50}},{"start":{"line":39,"column":54},"end":{"line":39,"column":66}}],"line":39},"5":{"loc":{"start":{"line":57,"column":8},"end":{"line":59,"column":9}},"type":"if","locations":[{"start":{"line":57,"column":8},"end":{"line":59,"column":9}},{"start":{},"end":{}}],"line":57},"6":{"loc":{"start":{"line":57,"column":12},"end":{"line":57,"column":71}},"type":"binary-expr","locations":[{"start":{"line":57,"column":12},"end":{"line":57,"column":17}},{"start":{"line":57,"column":22},"end":{"line":57,"column":29}},{"start":{"line":57,"column":33},"end":{"line":57,"column":70}}],"line":57},"7":{"loc":{"start":{"line":75,"column":15},"end":{"line":75,"column":81}},"type":"binary-expr","locations":[{"start":{"line":75,"column":15},"end":{"line":75,"column":56}},{"start":{"line":75,"column":60},"end":{"line":75,"column":81}}],"line":75}},"s":{"0":1,"1":1,"2":1,"3":1,"4":0,"5":1,"6":1,"7":0,"8":0,"9":0,"10":1,"11":0,"12":0,"13":0,"14":0,"15":0,"16":0,"17":1,"18":0,"19":1,"20":0,"21":1,"22":0,"23":0,"24":1,"25":0,"26":0,"27":0,"28":0,"29":0,"30":1,"31":0,"32":0,"33":0,"34":0,"35":1,"36":0,"37":0,"38":0,"39":0,"40":0,"41":0,"42":0,"43":1,"44":0,"45":0,"46":0,"47":0,"48":1,"49":0,"50":1,"51":0,"52":1},"f":{"0":1,"1":1,"2":0,"3":0,"4":0,"5":0,"6":0,"7":0,"8":0,"9":0,"10":0,"11":0,"12":0,"13":0,"14":0,"15":0,"16":0,"17":0,"18":0},"b":{"0":[1],"1":[0,0],"2":[0,0],"3":[0,0],"4":[0,0,0],"5":[0,0],"6":[0,0,0],"7":[0,0]},"_coverageSchema":"1a1c01bbd47fc00a2c39e90264f33305004495a9","hash":"edfbe178195b4a016fbe240befa8c6841a3c0ad5"}
}
