TN:
SF:src\Component.svelte
FN:7,create_fragment
FN:19,create
FN:30,claim
FN:33,mount
FN:47,update
FN:53,destroy
FN:73,instance
FN:79,handleClick
FN:83,(anonymous_8)
FN:91,(anonymous_9)
FN:95,(anonymous_10)
FN:100,(anonymous_11)
FN:102,(anonymous_12)
FN:115,(anonymous_13)
FN:127,(anonymous_14)
FN:131,(anonymous_15)
FN:136,(anonymous_16)
FN:140,(anonymous_17)
FNF:18
FNH:10
FNDA:2,create_fragment
FNDA:2,create
FNDA:0,claim
FNDA:2,mount
FNDA:1,update
FNDA:2,destroy
FNDA:2,instance
FNDA:1,handleClick
FNDA:2,(anonymous_8)
FNDA:2,(anonymous_9)
FNDA:0,(anonymous_10)
FNDA:0,(anonymous_11)
FNDA:0,(anonymous_12)
FNDA:2,(anonymous_13)
FNDA:0,(anonymous_14)
FNDA:0,(anonymous_15)
FNDA:0,(anonymous_16)
FNDA:0,(anonymous_17)
DA:4,1
DA:5,1
DA:18,2
DA:20,2
DA:21,2
DA:22,2
DA:23,2
DA:24,2
DA:25,2
DA:26,2
DA:27,2
DA:28,2
DA:31,0
DA:34,2
DA:35,2
DA:36,2
DA:37,2
DA:38,2
DA:39,2
DA:40,2
DA:42,2
DA:43,2
DA:44,2
DA:48,1
DA:49,1
DA:54,2
DA:55,2
DA:56,2
DA:57,2
DA:58,2
DA:62,2
DA:70,2
DA:74,2
DA:75,2
DA:76,2
DA:77,2
DA:80,1
DA:83,2
DA:84,2
DA:85,0
DA:89,2
DA:91,2
DA:92,2
DA:95,2
DA:96,0
DA:97,0
DA:100,2
DA:102,2
DA:103,0
DA:104,0
DA:107,2
DA:108,0
DA:111,2
DA:116,2
DA:117,2
DA:119,2
DA:128,0
DA:132,0
DA:133,0
DA:137,0
DA:141,0
DA:142,0
DA:146,1
LF:63
LH:50
BRDA:42,0,0,2
BRDA:42,0,1,0
BRDA:48,1,0,0
BRDA:48,1,1,1
BRDA:49,2,0,1
BRDA:49,2,1,0
BRDA:54,3,0,2
BRDA:54,3,1,0
BRDA:55,4,0,2
BRDA:55,4,1,0
BRDA:56,5,0,2
BRDA:56,5,1,0
BRDA:74,6,0,2
BRDA:77,7,0,2
BRDA:84,8,0,0
BRDA:84,8,1,2
BRDA:84,9,0,2
BRDA:84,9,1,0
BRDA:84,10,0,0
BRDA:84,10,1,0
BRDA:92,11,0,0
BRDA:92,11,1,2
BRDA:92,12,0,2
BRDA:92,12,1,0
BRDA:92,12,2,0
BRDA:96,13,0,0
BRDA:96,13,1,0
BRDA:97,14,0,0
BRDA:97,14,1,0
BRDA:103,15,0,0
BRDA:103,15,1,0
BRDA:104,16,0,0
BRDA:104,16,1,0
BRDA:107,17,0,0
BRDA:107,17,1,2
BRDA:107,18,0,2
BRDA:107,18,1,2
BRF:37
BRH:15
end_of_record
TN:
SF:src\Date3Select.svelte
FN:9,add_css
FN:13,get_each_context
FN:19,get_each_context_1
FN:26,get_each_context_2
FN:33,create_each_block_2
FN:40,create
FN:47,mount
FN:51,update
FN:59,destroy
FN:76,create_each_block_1
FN:86,create
FN:95,mount
FN:99,update
FN:102,destroy
FN:119,create_each_block
FN:126,create
FN:133,mount
FN:138,destroy
FN:154,create_fragment
FN:175,(anonymous_19)
FN:193,create
FN:216,(anonymous_21)
FN:219,(anonymous_22)
FN:222,(anonymous_23)
FN:227,claim
FN:230,mount
FN:275,update
FN:345,destroy
FN:370,instance
FN:408,(anonymous_29)
FN:421,(anonymous_30)
FN:441,(anonymous_31)
FN:445,select0_change_handler
FN:451,select1_change_handler
FN:457,select2_change_handler
FN:463,(anonymous_35)
FN:467,(anonymous_36)
FN:484,(anonymous_37)
FN:515,(anonymous_38)
FN:527,(anonymous_39)
FN:531,(anonymous_40)
FNF:41
FNH:28
FNDA:16,add_css
FNDA:992,get_each_context
FNDA:416,get_each_context_1
FNDA:496,get_each_context_2
FNDA:496,create_each_block_2
FNDA:496,create
FNDA:496,mount
FNDA:0,update
FNDA:496,destroy
FNDA:208,create_each_block_1
FNDA:208,create
FNDA:208,mount
FNDA:0,update
FNDA:208,destroy
FNDA:992,create_each_block
FNDA:992,create
FNDA:992,mount
FNDA:992,destroy
FNDA:16,create_fragment
FNDA:416,(anonymous_19)
FNDA:16,create
FNDA:0,(anonymous_21)
FNDA:0,(anonymous_22)
FNDA:0,(anonymous_23)
FNDA:0,claim
FNDA:16,mount
FNDA:16,update
FNDA:16,destroy
FNDA:16,instance
FNDA:16,(anonymous_29)
FNDA:16,(anonymous_30)
FNDA:15,(anonymous_31)
FNDA:0,select0_change_handler
FNDA:0,select1_change_handler
FNDA:0,select2_change_handler
FNDA:68,(anonymous_35)
FNDA:0,(anonymous_36)
FNDA:0,(anonymous_37)
FNDA:16,(anonymous_38)
FNDA:0,(anonymous_39)
FNDA:0,(anonymous_40)
DA:4,2
DA:5,2
DA:6,2
DA:7,2
DA:10,16
DA:14,992
DA:15,992
DA:16,992
DA:20,416
DA:21,416
DA:22,416
DA:23,416
DA:27,496
DA:28,496
DA:29,496
DA:35,496
DA:39,496
DA:41,496
DA:42,496
DA:43,496
DA:44,496
DA:45,496
DA:48,496
DA:49,496
DA:52,0
DA:54,0
DA:55,0
DA:56,0
DA:60,496
DA:64,496
DA:72,496
DA:78,208
DA:83,208
DA:87,208
DA:88,208
DA:89,208
DA:90,208
DA:91,208
DA:92,208
DA:93,208
DA:96,208
DA:97,208
DA:100,0
DA:103,208
DA:107,208
DA:115,208
DA:121,992
DA:125,992
DA:127,992
DA:128,992
DA:129,992
DA:130,992
DA:131,992
DA:134,992
DA:135,992
DA:139,992
DA:143,992
DA:151,992
DA:159,16
DA:160,16
DA:165,16
DA:166,16
DA:167,16
DA:169,16
DA:170,0
DA:173,16
DA:174,16
DA:175,416
DA:176,16
DA:178,16
DA:179,208
DA:180,208
DA:181,208
DA:184,16
DA:185,16
DA:186,16
DA:188,16
DA:189,992
DA:192,16
DA:194,16
DA:195,16
DA:197,16
DA:198,0
DA:201,16
DA:202,16
DA:204,16
DA:205,208
DA:208,16
DA:209,16
DA:211,16
DA:212,992
DA:215,16
DA:216,16
DA:217,16
DA:218,16
DA:219,16
DA:220,16
DA:221,16
DA:222,16
DA:223,16
DA:224,16
DA:225,16
DA:228,0
DA:231,16
DA:232,16
DA:234,16
DA:235,0
DA:236,0
DA:240,16
DA:241,16
DA:242,16
DA:244,16
DA:245,208
DA:246,208
DA:250,16
DA:251,16
DA:252,16
DA:254,16
DA:255,992
DA:256,992
DA:260,16
DA:262,16
DA:263,16
DA:272,16
DA:276,16
DA:277,16
DA:278,16
DA:281,16
DA:282,496
DA:284,496
DA:285,0
DA:287,496
DA:288,496
DA:289,496
DA:293,16
DA:294,0
DA:297,16
DA:300,16
DA:301,16
DA:304,16
DA:305,0
DA:306,0
DA:307,0
DA:308,0
DA:311,16
DA:312,15
DA:315,16
DA:316,0
DA:317,0
DA:320,0
DA:321,0
DA:323,0
DA:324,0
DA:326,0
DA:327,0
DA:328,0
DA:332,0
DA:333,0
DA:336,0
DA:339,16
DA:340,15
DA:346,16
DA:347,16
DA:349,16
DA:350,208
DA:353,16
DA:354,16
DA:355,16
DA:359,16
DA:367,16
DA:371,16
DA:372,16
DA:373,16
DA:375,16
DA:376,16
DA:378,16
DA:394,16
DA:395,16
DA:396,16
DA:397,16
DA:398,16
DA:399,16
DA:400,16
DA:402,16
DA:403,992
DA:406,16
DA:408,16
DA:409,16
DA:410,16
DA:412,16
DA:413,496
DA:416,16
DA:417,0
DA:421,16
DA:422,16
DA:424,16
DA:425,15
DA:426,15
DA:427,15
DA:428,15
DA:429,1
DA:430,0
DA:431,0
DA:432,0
DA:433,0
DA:436,16
DA:439,16
DA:441,16
DA:442,15
DA:446,0
DA:447,0
DA:448,0
DA:452,0
DA:453,0
DA:454,0
DA:458,0
DA:459,0
DA:460,0
DA:463,16
DA:464,68
DA:467,16
DA:484,16
DA:485,0
DA:486,0
DA:487,0
DA:488,0
DA:489,0
DA:490,0
DA:491,0
DA:492,0
DA:495,16
DA:496,0
DA:499,16
DA:516,16
DA:517,16
DA:519,16
DA:528,0
DA:532,0
DA:533,0
DA:537,2
LF:240
LH:186
BRDA:52,0,0,0
BRDA:52,0,1,0
BRDA:52,1,0,0
BRDA:52,1,1,0
BRDA:54,2,0,0
BRDA:54,2,1,0
BRDA:54,3,0,0
BRDA:54,3,1,0
BRDA:60,4,0,0
BRDA:60,4,1,496
BRDA:103,5,0,0
BRDA:103,5,1,208
BRDA:139,6,0,0
BRDA:139,6,1,992
BRDA:216,7,0,0
BRDA:216,7,1,16
BRDA:219,8,0,0
BRDA:219,8,1,16
BRDA:222,9,0,0
BRDA:222,9,1,16
BRDA:235,10,0,0
BRDA:235,10,1,0
BRDA:245,11,0,208
BRDA:245,11,1,0
BRDA:255,12,0,992
BRDA:255,12,1,0
BRDA:262,13,0,16
BRDA:262,13,1,0
BRDA:276,14,0,16
BRDA:276,14,1,0
BRDA:284,15,0,0
BRDA:284,15,1,496
BRDA:300,16,0,16
BRDA:300,16,1,0
BRDA:304,17,0,0
BRDA:304,17,1,16
BRDA:311,18,0,15
BRDA:311,18,1,1
BRDA:315,19,0,0
BRDA:315,19,1,16
BRDA:323,20,0,0
BRDA:323,20,1,0
BRDA:339,21,0,15
BRDA:339,21,1,1
BRDA:346,22,0,0
BRDA:346,22,1,16
BRDA:371,23,0,16
BRDA:373,24,0,1
BRDA:375,25,0,16
BRDA:375,25,1,0
BRDA:416,26,0,0
BRDA:416,26,1,16
BRDA:424,27,0,15
BRDA:424,27,1,1
BRDA:424,28,0,16
BRDA:424,28,1,15
BRDA:429,29,0,0
BRDA:429,29,1,1
BRDA:429,30,0,1
BRDA:429,30,1,0
BRDA:436,31,0,1
BRDA:436,31,1,15
BRDA:442,32,0,0
BRDA:442,32,1,15
BRDA:442,33,0,15
BRDA:442,33,1,0
BRDA:442,33,2,0
BRDA:464,34,0,68
BRDA:464,34,1,0
BRDA:485,35,0,0
BRDA:485,35,1,0
BRDA:486,36,0,0
BRDA:486,36,1,0
BRDA:487,37,0,0
BRDA:487,37,1,0
BRDA:488,38,0,0
BRDA:488,38,1,0
BRDA:489,39,0,0
BRDA:489,39,1,0
BRDA:490,40,0,0
BRDA:490,40,1,0
BRDA:491,41,0,0
BRDA:491,41,1,0
BRDA:492,42,0,0
BRDA:492,42,1,0
BRDA:495,43,0,0
BRDA:495,43,1,16
BRDA:495,44,0,16
BRDA:495,44,1,16
BRF:89
BRH:37
end_of_record
TN:
SF:src\Depositw.svelte
FN:13,add_css
FN:17,get_each_context
FN:23,get_each_context_1
FN:29,get_each_context_2
FN:35,get_each_context_3
FN:41,get_each_context_4
FN:47,get_each_context_5
FN:53,get_each_context_6
FN:59,get_each_context_7
FN:66,create_if_block_1
FN:200,create
FN:341,(anonymous_11)
FN:377,(anonymous_12)
FN:386,mount
FN:523,update
FN:724,destroy
FN:750,create_each_block_7
FN:764,create
FN:787,mount
FN:796,update
FN:813,destroy
FN:830,create_each_block_6
FN:836,create
FN:841,mount
FN:845,update
FN:848,destroy
FN:865,create_each_block_5
FN:871,create
FN:876,mount
FN:880,update
FN:883,destroy
FN:900,create_each_block_4
FN:906,create
FN:911,mount
FN:915,update
FN:918,destroy
FN:935,create_each_block_3
FN:941,create
FN:946,mount
FN:950,update
FN:953,destroy
FN:970,create_each_block_2
FN:977,create
FN:985,mount
FN:989,update
FN:997,destroy
FN:1014,create_each_block_1
FN:1021,create
FN:1028,mount
FN:1032,update
FN:1040,destroy
FN:1057,create_if_block
FN:1074,create
FN:1093,mount
FN:1112,update
FN:1141,destroy
FN:1165,create_each_block
FN:1190,click_handler_1
FN:1195,create
FN:1227,mount
FN:1249,update
FN:1270,destroy
FN:1288,create_fragment
FN:1313,notifier_display_binding
FN:1317,notifier_message_binding
FN:1321,notifier_type_binding
FN:1340,(anonymous_66)
FN:1341,(anonymous_67)
FN:1342,(anonymous_68)
FN:1345,create
FN:1383,claim
FN:1386,mount
FN:1415,update
FN:1453,(anonymous_73)
FN:1459,(anonymous_74)
FN:1465,(anonymous_75)
FN:1470,intro
FN:1475,outro
FN:1479,destroy
FN:1501,instance
FN:1527,(anonymous_80)
FN:1531,(anonymous_81)
FN:1536,(anonymous_82)
FN:1539,(anonymous_83)
FN:1540,(anonymous_84)
FN:1546,(anonymous_85)
FN:1557,(anonymous_86)
FN:1573,(anonymous_87)
FN:1579,(anonymous_88)
FN:1585,(anonymous_89)
FN:1591,(anonymous_90)
FN:1597,(anonymous_91)
FN:1616,(anonymous_92)
FN:1648,(anonymous_93)
FN:1652,(anonymous_94)
FN:1656,select0_change_handler
FN:1662,input0_input_handler
FN:1668,input1_input_handler
FN:1674,input2_input_handler
FN:1680,input3_input_handler
FN:1686,select1_change_handler
FN:1692,input_input_handler
FN:1697,(anonymous_102)
FN:1701,notifier_display_binding
FN:1708,notifier_message_binding
FN:1715,notifier_type_binding
FN:1722,(anonymous_106)
FN:1732,(anonymous_107)
FN:1766,(anonymous_108)
FN:1828,(anonymous_109)
FN:1858,(anonymous_110)
FN:1862,(anonymous_111)
FN:1867,(anonymous_112)
FN:1871,(anonymous_113)
FN:1876,(anonymous_114)
FN:1880,(anonymous_115)
FN:1885,(anonymous_116)
FN:1889,(anonymous_117)
FN:1894,(anonymous_118)
FN:1898,(anonymous_119)
FN:1903,(anonymous_120)
FN:1907,(anonymous_121)
FN:1912,(anonymous_122)
FN:1916,(anonymous_123)
FNF:124
FNH:83
FNDA:7,add_css
FNDA:0,get_each_context
FNDA:63,get_each_context_1
FNDA:63,get_each_context_2
FNDA:63,get_each_context_3
FNDA:63,get_each_context_4
FNDA:63,get_each_context_5
FNDA:63,get_each_context_6
FNDA:63,get_each_context_7
FNDA:7,create_if_block_1
FNDA:7,create
FNDA:7,(anonymous_11)
FNDA:7,(anonymous_12)
FNDA:7,mount
FNDA:37,update
FNDA:7,destroy
FNDA:18,create_each_block_7
FNDA:18,create
FNDA:18,mount
FNDA:45,update
FNDA:18,destroy
FNDA:18,create_each_block_6
FNDA:18,create
FNDA:18,mount
FNDA:45,update
FNDA:18,destroy
FNDA:18,create_each_block_5
FNDA:18,create
FNDA:18,mount
FNDA:45,update
FNDA:18,destroy
FNDA:18,create_each_block_4
FNDA:18,create
FNDA:18,mount
FNDA:45,update
FNDA:18,destroy
FNDA:18,create_each_block_3
FNDA:18,create
FNDA:18,mount
FNDA:45,update
FNDA:18,destroy
FNDA:18,create_each_block_2
FNDA:18,create
FNDA:18,mount
FNDA:45,update
FNDA:18,destroy
FNDA:18,create_each_block_1
FNDA:18,create
FNDA:18,mount
FNDA:45,update
FNDA:18,destroy
FNDA:0,create_if_block
FNDA:0,create
FNDA:0,mount
FNDA:0,update
FNDA:0,destroy
FNDA:0,create_each_block
FNDA:0,click_handler_1
FNDA:0,create
FNDA:0,mount
FNDA:0,update
FNDA:0,destroy
FNDA:7,create_fragment
FNDA:7,notifier_display_binding
FNDA:7,notifier_message_binding
FNDA:7,notifier_type_binding
FNDA:7,(anonymous_66)
FNDA:7,(anonymous_67)
FNDA:7,(anonymous_68)
FNDA:7,create
FNDA:0,claim
FNDA:7,mount
FNDA:37,update
FNDA:15,(anonymous_73)
FNDA:15,(anonymous_74)
FNDA:15,(anonymous_75)
FNDA:0,intro
FNDA:0,outro
FNDA:7,destroy
FNDA:7,instance
FNDA:0,(anonymous_80)
FNDA:7,(anonymous_81)
FNDA:7,(anonymous_82)
FNDA:18,(anonymous_83)
FNDA:18,(anonymous_84)
FNDA:0,(anonymous_85)
FNDA:0,(anonymous_86)
FNDA:63,(anonymous_87)
FNDA:0,(anonymous_88)
FNDA:0,(anonymous_89)
FNDA:0,(anonymous_90)
FNDA:7,(anonymous_91)
FNDA:7,(anonymous_92)
FNDA:49,(anonymous_93)
FNDA:0,(anonymous_94)
FNDA:13,select0_change_handler
FNDA:1,input0_input_handler
FNDA:4,input1_input_handler
FNDA:3,input2_input_handler
FNDA:1,input3_input_handler
FNDA:7,select1_change_handler
FNDA:0,input_input_handler
FNDA:0,(anonymous_102)
FNDA:7,notifier_display_binding
FNDA:7,notifier_message_binding
FNDA:7,notifier_type_binding
FNDA:0,(anonymous_106)
FNDA:0,(anonymous_107)
FNDA:0,(anonymous_108)
FNDA:7,(anonymous_109)
FNDA:0,(anonymous_110)
FNDA:0,(anonymous_111)
FNDA:0,(anonymous_112)
FNDA:0,(anonymous_113)
FNDA:0,(anonymous_114)
FNDA:0,(anonymous_115)
FNDA:0,(anonymous_116)
FNDA:0,(anonymous_117)
FNDA:0,(anonymous_118)
FNDA:0,(anonymous_119)
FNDA:0,(anonymous_120)
FNDA:0,(anonymous_121)
FNDA:0,(anonymous_122)
FNDA:0,(anonymous_123)
DA:4,1
DA:5,1
DA:6,1
DA:7,1
DA:8,1
DA:9,1
DA:10,1
DA:11,1
DA:14,7
DA:18,0
DA:19,0
DA:20,0
DA:24,63
DA:25,63
DA:26,63
DA:30,63
DA:31,63
DA:32,63
DA:36,63
DA:37,63
DA:38,63
DA:42,63
DA:43,63
DA:44,63
DA:48,63
DA:49,63
DA:50,63
DA:54,63
DA:55,63
DA:56,63
DA:60,63
DA:61,63
DA:62,63
DA:111,7
DA:128,7
DA:143,7
DA:144,7
DA:145,7
DA:147,7
DA:148,0
DA:151,7
DA:152,7
DA:153,7
DA:155,7
DA:156,0
DA:159,7
DA:160,7
DA:161,7
DA:163,7
DA:164,0
DA:167,7
DA:168,7
DA:169,7
DA:171,7
DA:172,0
DA:175,7
DA:176,7
DA:177,7
DA:179,7
DA:180,0
DA:183,7
DA:184,7
DA:185,7
DA:187,7
DA:188,0
DA:191,7
DA:192,7
DA:193,7
DA:195,7
DA:196,0
DA:199,7
DA:201,7
DA:202,7
DA:203,7
DA:204,7
DA:205,7
DA:206,7
DA:207,7
DA:209,7
DA:210,0
DA:213,7
DA:214,7
DA:215,7
DA:216,7
DA:217,7
DA:218,7
DA:220,7
DA:221,0
DA:224,7
DA:225,7
DA:226,7
DA:227,7
DA:228,7
DA:229,7
DA:231,7
DA:232,0
DA:235,7
DA:236,7
DA:237,7
DA:238,7
DA:239,7
DA:240,7
DA:242,7
DA:243,0
DA:246,7
DA:247,7
DA:248,7
DA:249,7
DA:250,7
DA:251,7
DA:253,7
DA:254,0
DA:257,7
DA:258,7
DA:259,7
DA:260,7
DA:261,7
DA:262,7
DA:263,7
DA:264,7
DA:265,7
DA:266,7
DA:267,7
DA:269,7
DA:270,0
DA:273,7
DA:274,7
DA:275,7
DA:276,7
DA:277,7
DA:278,7
DA:279,7
DA:280,7
DA:281,7
DA:282,7
DA:283,7
DA:284,7
DA:285,7
DA:286,7
DA:287,7
DA:288,7
DA:289,7
DA:290,7
DA:291,7
DA:292,7
DA:293,7
DA:294,7
DA:295,7
DA:296,7
DA:297,7
DA:298,7
DA:299,7
DA:300,7
DA:301,7
DA:302,7
DA:303,7
DA:304,7
DA:306,7
DA:307,0
DA:310,7
DA:311,7
DA:312,7
DA:313,7
DA:314,7
DA:315,7
DA:316,7
DA:317,7
DA:318,7
DA:319,7
DA:320,7
DA:321,7
DA:322,7
DA:323,7
DA:324,7
DA:325,7
DA:326,7
DA:327,7
DA:328,7
DA:329,7
DA:330,7
DA:331,7
DA:332,7
DA:333,7
DA:334,7
DA:335,7
DA:336,7
DA:337,7
DA:338,7
DA:339,7
DA:340,7
DA:341,7
DA:342,7
DA:343,7
DA:344,7
DA:345,7
DA:346,7
DA:347,7
DA:348,7
DA:349,7
DA:350,7
DA:351,7
DA:352,7
DA:353,7
DA:354,7
DA:355,7
DA:356,7
DA:357,7
DA:358,7
DA:359,7
DA:360,7
DA:361,7
DA:362,7
DA:363,7
DA:364,7
DA:365,7
DA:366,7
DA:367,7
DA:368,7
DA:369,7
DA:370,7
DA:371,7
DA:372,7
DA:373,7
DA:374,7
DA:375,7
DA:376,7
DA:377,7
DA:378,7
DA:379,7
DA:380,7
DA:381,7
DA:382,7
DA:383,7
DA:384,7
DA:387,7
DA:388,7
DA:389,7
DA:390,7
DA:391,7
DA:392,7
DA:394,7
DA:395,0
DA:396,0
DA:400,7
DA:401,7
DA:402,7
DA:403,7
DA:404,7
DA:406,7
DA:407,0
DA:408,0
DA:412,7
DA:413,7
DA:414,7
DA:415,7
DA:416,7
DA:418,7
DA:419,0
DA:420,0
DA:424,7
DA:425,7
DA:426,7
DA:427,7
DA:428,7
DA:430,7
DA:431,0
DA:432,0
DA:436,7
DA:437,7
DA:438,7
DA:439,7
DA:440,7
DA:442,7
DA:443,0
DA:444,0
DA:448,7
DA:449,7
DA:450,7
DA:451,7
DA:452,7
DA:453,7
DA:454,7
DA:455,7
DA:456,7
DA:458,7
DA:459,0
DA:460,0
DA:464,7
DA:465,7
DA:466,7
DA:467,7
DA:468,7
DA:469,7
DA:470,7
DA:471,7
DA:472,7
DA:473,7
DA:474,7
DA:475,7
DA:476,7
DA:477,7
DA:478,7
DA:479,7
DA:480,7
DA:481,7
DA:482,7
DA:483,7
DA:484,7
DA:485,7
DA:486,7
DA:487,7
DA:488,7
DA:489,7
DA:490,7
DA:491,7
DA:492,7
DA:493,7
DA:494,7
DA:495,7
DA:496,7
DA:497,7
DA:499,7
DA:500,0
DA:501,0
DA:505,7
DA:507,7
DA:508,7
DA:520,7
DA:524,37
DA:525,28
DA:526,28
DA:529,28
DA:530,63
DA:532,63
DA:533,45
DA:535,18
DA:536,18
DA:537,18
DA:541,28
DA:542,0
DA:545,28
DA:548,37
DA:549,28
DA:550,28
DA:553,28
DA:554,63
DA:556,63
DA:557,45
DA:559,18
DA:560,18
DA:561,18
DA:565,28
DA:566,0
DA:569,28
DA:572,37
DA:573,28
DA:574,28
DA:577,28
DA:578,63
DA:580,63
DA:581,45
DA:583,18
DA:584,18
DA:585,18
DA:589,28
DA:590,0
DA:593,28
DA:596,37
DA:597,28
DA:598,28
DA:601,28
DA:602,63
DA:604,63
DA:605,45
DA:607,18
DA:608,18
DA:609,18
DA:613,28
DA:614,0
DA:617,28
DA:620,37
DA:621,28
DA:622,28
DA:625,28
DA:626,63
DA:628,63
DA:629,45
DA:631,18
DA:632,18
DA:633,18
DA:637,28
DA:638,0
DA:641,28
DA:644,37
DA:645,28
DA:646,28
DA:649,28
DA:650,63
DA:652,63
DA:653,45
DA:655,18
DA:656,18
DA:657,18
DA:661,28
DA:662,0
DA:665,28
DA:668,37
DA:669,29
DA:672,37
DA:673,29
DA:676,37
DA:678,0
DA:680,37
DA:681,0
DA:684,37
DA:685,0
DA:688,37
DA:690,0
DA:692,37
DA:693,0
DA:696,37
DA:697,28
DA:698,28
DA:701,28
DA:702,63
DA:704,63
DA:705,45
DA:707,18
DA:708,18
DA:709,18
DA:713,28
DA:714,0
DA:717,28
DA:720,37
DA:721,29
DA:725,7
DA:726,7
DA:727,7
DA:728,7
DA:729,7
DA:730,7
DA:731,7
DA:732,7
DA:733,7
DA:734,7
DA:738,7
DA:746,7
DA:758,18
DA:763,18
DA:765,18
DA:766,18
DA:767,18
DA:768,18
DA:769,18
DA:770,18
DA:771,18
DA:772,18
DA:773,18
DA:774,18
DA:775,18
DA:776,18
DA:777,18
DA:778,18
DA:779,18
DA:781,18
DA:785,18
DA:788,18
DA:789,18
DA:790,18
DA:791,18
DA:792,18
DA:793,18
DA:794,18
DA:797,45
DA:798,0
DA:801,45
DA:802,0
DA:805,45
DA:807,45
DA:810,0
DA:814,18
DA:818,18
DA:826,18
DA:832,18
DA:835,18
DA:837,18
DA:838,18
DA:839,18
DA:842,18
DA:843,18
DA:846,45
DA:849,18
DA:853,18
DA:861,18
DA:867,18
DA:870,18
DA:872,18
DA:873,18
DA:874,18
DA:877,18
DA:878,18
DA:881,45
DA:884,18
DA:888,18
DA:896,18
DA:902,18
DA:905,18
DA:907,18
DA:908,18
DA:909,18
DA:912,18
DA:913,18
DA:916,45
DA:919,18
DA:923,18
DA:931,18
DA:937,18
DA:940,18
DA:942,18
DA:943,18
DA:944,18
DA:947,18
DA:948,18
DA:951,45
DA:954,18
DA:958,18
DA:966,18
DA:972,18
DA:976,18
DA:978,18
DA:979,18
DA:980,18
DA:981,18
DA:982,18
DA:983,18
DA:986,18
DA:987,18
DA:990,45
DA:992,45
DA:993,0
DA:994,0
DA:998,18
DA:1002,18
DA:1010,18
DA:1016,18
DA:1020,18
DA:1022,18
DA:1023,18
DA:1024,18
DA:1025,18
DA:1026,18
DA:1029,18
DA:1030,18
DA:1033,45
DA:1035,45
DA:1036,0
DA:1037,0
DA:1041,18
DA:1045,18
DA:1053,18
DA:1065,0
DA:1066,0
DA:1067,0
DA:1069,0
DA:1070,0
DA:1073,0
DA:1075,0
DA:1076,0
DA:1077,0
DA:1078,0
DA:1079,0
DA:1080,0
DA:1082,0
DA:1083,0
DA:1086,0
DA:1087,0
DA:1088,0
DA:1089,0
DA:1090,0
DA:1091,0
DA:1094,0
DA:1095,0
DA:1096,0
DA:1097,0
DA:1098,0
DA:1099,0
DA:1101,0
DA:1102,0
DA:1103,0
DA:1107,0
DA:1108,0
DA:1109,0
DA:1113,0
DA:1114,0
DA:1117,0
DA:1118,0
DA:1119,0
DA:1122,0
DA:1123,0
DA:1125,0
DA:1126,0
DA:1128,0
DA:1129,0
DA:1130,0
DA:1134,0
DA:1135,0
DA:1138,0
DA:1142,0
DA:1143,0
DA:1144,0
DA:1145,0
DA:1146,0
DA:1147,0
DA:1148,0
DA:1149,0
DA:1153,0
DA:1161,0
DA:1168,0
DA:1178,0
DA:1183,0
DA:1191,0
DA:1194,0
DA:1196,0
DA:1197,0
DA:1198,0
DA:1199,0
DA:1200,0
DA:1201,0
DA:1202,0
DA:1203,0
DA:1204,0
DA:1205,0
DA:1206,0
DA:1207,0
DA:1208,0
DA:1209,0
DA:1210,0
DA:1211,0
DA:1212,0
DA:1213,0
DA:1214,0
DA:1215,0
DA:1216,0
DA:1217,0
DA:1218,0
DA:1219,0
DA:1221,0
DA:1225,0
DA:1228,0
DA:1229,0
DA:1230,0
DA:1231,0
DA:1232,0
DA:1233,0
DA:1234,0
DA:1235,0
DA:1236,0
DA:1237,0
DA:1238,0
DA:1239,0
DA:1240,0
DA:1241,0
DA:1242,0
DA:1244,0
DA:1245,0
DA:1246,0
DA:1250,0
DA:1251,0
DA:1253,0
DA:1254,0
DA:1257,0
DA:1258,0
DA:1261,0
DA:1262,0
DA:1264,0
DA:1267,0
DA:1271,0
DA:1272,0
DA:1273,0
DA:1277,0
DA:1285,0
DA:1310,7
DA:1311,7
DA:1314,7
DA:1318,7
DA:1322,7
DA:1325,7
DA:1327,7
DA:1328,0
DA:1331,7
DA:1332,0
DA:1335,7
DA:1336,0
DA:1339,7
DA:1340,7
DA:1341,7
DA:1342,7
DA:1344,7
DA:1346,7
DA:1347,7
DA:1348,7
DA:1349,7
DA:1350,7
DA:1351,7
DA:1352,7
DA:1353,7
DA:1354,7
DA:1355,7
DA:1356,7
DA:1357,7
DA:1358,7
DA:1359,7
DA:1360,7
DA:1361,7
DA:1362,7
DA:1363,7
DA:1365,7
DA:1369,7
DA:1370,7
DA:1371,7
DA:1372,7
DA:1373,7
DA:1374,7
DA:1375,7
DA:1376,7
DA:1377,7
DA:1378,7
DA:1379,7
DA:1380,7
DA:1381,7
DA:1384,0
DA:1387,7
DA:1388,7
DA:1389,7
DA:1390,7
DA:1391,7
DA:1392,7
DA:1393,7
DA:1394,7
DA:1395,7
DA:1396,7
DA:1397,7
DA:1398,7
DA:1399,7
DA:1400,7
DA:1401,7
DA:1402,7
DA:1403,7
DA:1405,7
DA:1406,7
DA:1412,7
DA:1416,37
DA:1419,0
DA:1422,37
DA:1423,37
DA:1424,37
DA:1426,0
DA:1427,0
DA:1428,0
DA:1430,0
DA:1431,0
DA:1432,0
DA:1435,37
DA:1436,0
DA:1437,0
DA:1439,0
DA:1440,0
DA:1441,0
DA:1443,37
DA:1444,0
DA:1445,0
DA:1448,37
DA:1450,37
DA:1451,15
DA:1452,15
DA:1453,15
DA:1456,37
DA:1457,15
DA:1458,15
DA:1459,15
DA:1462,37
DA:1463,15
DA:1464,15
DA:1465,15
DA:1468,37
DA:1471,0
DA:1472,0
DA:1473,0
DA:1476,0
DA:1477,0
DA:1480,7
DA:1481,7
DA:1482,7
DA:1483,7
DA:1484,7
DA:1485,7
DA:1486,7
DA:1490,7
DA:1498,7
DA:1502,7
DA:1503,7
DA:1505,7
DA:1506,7
DA:1507,7
DA:1508,7
DA:1509,7
DA:1510,7
DA:1511,7
DA:1512,7
DA:1513,7
DA:1514,7
DA:1515,7
DA:1516,7
DA:1517,7
DA:1518,7
DA:1520,7
DA:1521,7
DA:1522,7
DA:1523,7
DA:1524,7
DA:1525,7
DA:1527,7
DA:1528,0
DA:1531,7
DA:1532,7
DA:1533,7
DA:1536,7
DA:1537,7
DA:1538,7
DA:1539,18
DA:1540,18
DA:1542,1
DA:1546,7
DA:1547,0
DA:1548,0
DA:1550,0
DA:1551,0
DA:1552,0
DA:1553,0
DA:1557,7
DA:1558,0
DA:1560,0
DA:1561,0
DA:1562,0
DA:1563,0
DA:1564,0
DA:1565,0
DA:1566,0
DA:1567,0
DA:1569,0
DA:1573,7
DA:1574,63
DA:1575,63
DA:1576,63
DA:1579,7
DA:1580,0
DA:1581,0
DA:1582,0
DA:1585,7
DA:1586,0
DA:1587,0
DA:1588,0
DA:1591,7
DA:1592,0
DA:1593,0
DA:1594,0
DA:1597,7
DA:1598,7
DA:1599,7
DA:1601,6
DA:1602,1
DA:1603,1
DA:1606,5
DA:1607,1
DA:1610,4
DA:1611,2
DA:1612,1
DA:1613,0
DA:1616,7
DA:1617,7
DA:1618,0
DA:1621,7
DA:1622,0
DA:1625,7
DA:1626,0
DA:1629,7
DA:1630,0
DA:1633,7
DA:1634,0
DA:1637,7
DA:1638,0
DA:1641,7
DA:1642,0
DA:1646,7
DA:1648,7
DA:1649,49
DA:1652,7
DA:1653,0
DA:1657,13
DA:1658,13
DA:1659,13
DA:1663,1
DA:1664,1
DA:1665,1
DA:1669,4
DA:1670,4
DA:1671,4
DA:1675,3
DA:1676,3
DA:1677,3
DA:1681,1
DA:1682,1
DA:1683,1
DA:1687,7
DA:1688,7
DA:1689,7
DA:1693,0
DA:1694,0
DA:1697,7
DA:1698,0
DA:1702,7
DA:1703,7
DA:1704,7
DA:1709,7
DA:1710,7
DA:1711,7
DA:1716,7
DA:1717,7
DA:1718,7
DA:1722,7
DA:1723,0
DA:1724,0
DA:1725,0
DA:1726,0
DA:1727,0
DA:1728,0
DA:1729,0
DA:1732,7
DA:1766,7
DA:1767,0
DA:1768,0
DA:1769,0
DA:1770,0
DA:1771,0
DA:1772,0
DA:1773,0
DA:1774,0
DA:1775,0
DA:1776,0
DA:1777,0
DA:1778,0
DA:1779,0
DA:1780,0
DA:1781,0
DA:1782,0
DA:1783,0
DA:1786,7
DA:1787,0
DA:1790,7
DA:1829,7
DA:1831,7
DA:1850,7
DA:1859,0
DA:1863,0
DA:1864,0
DA:1868,0
DA:1872,0
DA:1873,0
DA:1877,0
DA:1881,0
DA:1882,0
DA:1886,0
DA:1890,0
DA:1891,0
DA:1895,0
DA:1899,0
DA:1900,0
DA:1904,0
DA:1908,0
DA:1909,0
DA:1913,0
DA:1917,0
DA:1918,0
DA:1922,1
LF:984
LH:706
BRDA:111,0,0,0
BRDA:111,0,1,7
BRDA:128,1,0,0
BRDA:128,1,1,7
BRDA:341,2,0,7
BRDA:341,2,1,0
BRDA:377,3,0,7
BRDA:377,3,1,0
BRDA:395,4,0,0
BRDA:395,4,1,0
BRDA:407,5,0,0
BRDA:407,5,1,0
BRDA:419,6,0,0
BRDA:419,6,1,0
BRDA:431,7,0,0
BRDA:431,7,1,0
BRDA:443,8,0,0
BRDA:443,8,1,0
BRDA:459,9,0,0
BRDA:459,9,1,0
BRDA:500,10,0,0
BRDA:500,10,1,0
BRDA:507,11,0,7
BRDA:507,11,1,0
BRDA:524,12,0,28
BRDA:524,12,1,9
BRDA:532,13,0,45
BRDA:532,13,1,18
BRDA:548,14,0,28
BRDA:548,14,1,9
BRDA:556,15,0,45
BRDA:556,15,1,18
BRDA:572,16,0,28
BRDA:572,16,1,9
BRDA:580,17,0,45
BRDA:580,17,1,18
BRDA:596,18,0,28
BRDA:596,18,1,9
BRDA:604,19,0,45
BRDA:604,19,1,18
BRDA:620,20,0,28
BRDA:620,20,1,9
BRDA:628,21,0,45
BRDA:628,21,1,18
BRDA:644,22,0,28
BRDA:644,22,1,9
BRDA:652,23,0,45
BRDA:652,23,1,18
BRDA:668,24,0,29
BRDA:668,24,1,8
BRDA:672,25,0,29
BRDA:672,25,1,8
BRDA:676,26,0,0
BRDA:676,26,1,37
BRDA:676,27,0,37
BRDA:676,27,1,23
BRDA:676,28,0,0
BRDA:676,28,1,23
BRDA:680,29,0,0
BRDA:680,29,1,37
BRDA:680,30,0,37
BRDA:680,30,1,29
BRDA:684,31,0,0
BRDA:684,31,1,37
BRDA:684,32,0,37
BRDA:684,32,1,29
BRDA:688,33,0,0
BRDA:688,33,1,37
BRDA:688,34,0,37
BRDA:688,34,1,23
BRDA:688,35,0,0
BRDA:688,35,1,23
BRDA:692,36,0,0
BRDA:692,36,1,37
BRDA:692,37,0,37
BRDA:692,37,1,29
BRDA:696,38,0,28
BRDA:696,38,1,9
BRDA:704,39,0,45
BRDA:704,39,1,18
BRDA:720,40,0,29
BRDA:720,40,1,8
BRDA:725,41,0,0
BRDA:725,41,1,7
BRDA:772,42,0,18
BRDA:772,42,1,0
BRDA:781,43,0,0
BRDA:781,43,1,18
BRDA:797,44,0,0
BRDA:797,44,1,45
BRDA:797,45,0,45
BRDA:797,45,1,45
BRDA:801,46,0,0
BRDA:801,46,1,45
BRDA:801,47,0,45
BRDA:801,47,1,45
BRDA:805,48,0,0
BRDA:805,48,1,45
BRDA:805,49,0,45
BRDA:805,49,1,45
BRDA:807,50,0,0
BRDA:807,50,1,45
BRDA:807,51,0,45
BRDA:807,51,1,45
BRDA:807,52,0,0
BRDA:807,52,1,45
BRDA:814,53,0,0
BRDA:814,53,1,18
BRDA:846,54,0,0
BRDA:846,54,1,45
BRDA:846,55,0,45
BRDA:846,55,1,45
BRDA:849,56,0,0
BRDA:849,56,1,18
BRDA:881,57,0,0
BRDA:881,57,1,45
BRDA:881,58,0,45
BRDA:881,58,1,45
BRDA:884,59,0,0
BRDA:884,59,1,18
BRDA:916,60,0,0
BRDA:916,60,1,45
BRDA:916,61,0,45
BRDA:916,61,1,45
BRDA:919,62,0,0
BRDA:919,62,1,18
BRDA:951,63,0,0
BRDA:951,63,1,45
BRDA:951,64,0,45
BRDA:951,64,1,45
BRDA:954,65,0,0
BRDA:954,65,1,18
BRDA:990,66,0,0
BRDA:990,66,1,45
BRDA:990,67,0,45
BRDA:990,67,1,45
BRDA:992,68,0,0
BRDA:992,68,1,45
BRDA:992,69,0,45
BRDA:992,69,1,45
BRDA:998,70,0,0
BRDA:998,70,1,18
BRDA:1033,71,0,0
BRDA:1033,71,1,45
BRDA:1033,72,0,45
BRDA:1033,72,1,45
BRDA:1035,73,0,0
BRDA:1035,73,1,45
BRDA:1035,74,0,45
BRDA:1035,74,1,45
BRDA:1041,75,0,0
BRDA:1041,75,1,18
BRDA:1102,76,0,0
BRDA:1102,76,1,0
BRDA:1107,77,0,0
BRDA:1107,77,1,0
BRDA:1113,78,0,0
BRDA:1113,78,1,0
BRDA:1113,79,0,0
BRDA:1113,79,1,0
BRDA:1117,80,0,0
BRDA:1117,80,1,0
BRDA:1125,81,0,0
BRDA:1125,81,1,0
BRDA:1142,82,0,0
BRDA:1142,82,1,0
BRDA:1143,83,0,0
BRDA:1143,83,1,0
BRDA:1144,84,0,0
BRDA:1144,84,1,0
BRDA:1145,85,0,0
BRDA:1145,85,1,0
BRDA:1146,86,0,0
BRDA:1146,86,1,0
BRDA:1212,87,0,0
BRDA:1212,87,1,0
BRDA:1221,88,0,0
BRDA:1221,88,1,0
BRDA:1244,89,0,0
BRDA:1244,89,1,0
BRDA:1251,90,0,0
BRDA:1251,90,1,0
BRDA:1251,91,0,0
BRDA:1251,91,1,0
BRDA:1253,92,0,0
BRDA:1253,92,1,0
BRDA:1253,93,0,0
BRDA:1253,93,1,0
BRDA:1257,94,0,0
BRDA:1257,94,1,0
BRDA:1257,95,0,0
BRDA:1257,95,1,0
BRDA:1261,96,0,0
BRDA:1261,96,1,0
BRDA:1261,97,0,0
BRDA:1261,97,1,0
BRDA:1262,98,0,0
BRDA:1262,98,1,0
BRDA:1262,99,0,0
BRDA:1262,99,1,0
BRDA:1264,100,0,0
BRDA:1264,100,1,0
BRDA:1264,101,0,0
BRDA:1264,101,1,0
BRDA:1264,102,0,0
BRDA:1264,102,1,0
BRDA:1271,103,0,0
BRDA:1271,103,1,0
BRDA:1310,104,0,7
BRDA:1310,104,1,7
BRDA:1311,105,0,7
BRDA:1311,105,1,0
BRDA:1327,106,0,0
BRDA:1327,106,1,7
BRDA:1331,107,0,0
BRDA:1331,107,1,7
BRDA:1335,108,0,0
BRDA:1335,108,1,7
BRDA:1353,109,0,7
BRDA:1353,109,1,0
BRDA:1355,110,0,0
BRDA:1355,110,1,7
BRDA:1365,111,0,7
BRDA:1365,111,1,0
BRDA:1394,112,0,7
BRDA:1394,112,1,0
BRDA:1396,113,0,0
BRDA:1396,113,1,7
BRDA:1405,114,0,7
BRDA:1405,114,1,0
BRDA:1416,115,0,0
BRDA:1416,115,1,37
BRDA:1416,116,0,37
BRDA:1416,116,1,37
BRDA:1416,116,2,0
BRDA:1416,117,0,0
BRDA:1416,117,1,0
BRDA:1422,118,0,37
BRDA:1422,118,1,0
BRDA:1423,119,0,37
BRDA:1423,119,1,0
BRDA:1430,120,0,0
BRDA:1430,120,1,0
BRDA:1435,121,0,0
BRDA:1435,121,1,37
BRDA:1436,122,0,0
BRDA:1436,122,1,0
BRDA:1443,123,0,0
BRDA:1443,123,1,37
BRDA:1450,124,0,15
BRDA:1450,124,1,22
BRDA:1450,125,0,37
BRDA:1450,125,1,37
BRDA:1456,126,0,15
BRDA:1456,126,1,22
BRDA:1456,127,0,37
BRDA:1456,127,1,37
BRDA:1462,128,0,15
BRDA:1462,128,1,22
BRDA:1462,129,0,37
BRDA:1462,129,1,37
BRDA:1471,130,0,0
BRDA:1471,130,1,0
BRDA:1480,131,0,7
BRDA:1480,131,1,0
BRDA:1481,132,0,7
BRDA:1481,132,1,0
BRDA:1482,133,0,0
BRDA:1482,133,1,7
BRDA:1483,134,0,7
BRDA:1483,134,1,0
BRDA:1502,135,0,7
BRDA:1505,136,0,7
BRDA:1505,136,1,0
BRDA:1547,137,0,0
BRDA:1547,137,1,0
BRDA:1575,138,0,0
BRDA:1575,138,1,63
BRDA:1575,139,0,0
BRDA:1575,139,1,63
BRDA:1575,140,0,0
BRDA:1575,140,1,63
BRDA:1580,141,0,0
BRDA:1580,141,1,0
BRDA:1581,142,0,0
BRDA:1581,142,1,0
BRDA:1586,143,0,0
BRDA:1586,143,1,0
BRDA:1587,144,0,0
BRDA:1587,144,1,0
BRDA:1592,145,0,0
BRDA:1592,145,1,0
BRDA:1593,146,0,0
BRDA:1593,146,1,0
BRDA:1599,147,0,1
BRDA:1599,147,1,6
BRDA:1599,148,0,7
BRDA:1599,148,1,6
BRDA:1601,149,0,1
BRDA:1601,149,1,5
BRDA:1606,150,0,1
BRDA:1606,150,1,4
BRDA:1606,151,0,5
BRDA:1606,151,1,4
BRDA:1610,152,0,2
BRDA:1610,152,1,2
BRDA:1611,153,0,1
BRDA:1611,153,1,1
BRDA:1611,154,0,2
BRDA:1611,154,1,2
BRDA:1612,155,0,1
BRDA:1612,155,1,0
BRDA:1612,156,0,1
BRDA:1612,156,1,0
BRDA:1617,157,0,0
BRDA:1617,157,1,7
BRDA:1617,158,0,7
BRDA:1617,158,1,0
BRDA:1617,159,0,0
BRDA:1617,159,1,0
BRDA:1621,160,0,0
BRDA:1621,160,1,7
BRDA:1621,161,0,7
BRDA:1621,161,1,0
BRDA:1621,162,0,0
BRDA:1621,162,1,0
BRDA:1625,163,0,0
BRDA:1625,163,1,7
BRDA:1625,164,0,7
BRDA:1625,164,1,0
BRDA:1625,165,0,0
BRDA:1625,165,1,0
BRDA:1629,166,0,0
BRDA:1629,166,1,7
BRDA:1629,167,0,7
BRDA:1629,167,1,0
BRDA:1629,168,0,0
BRDA:1629,168,1,0
BRDA:1633,169,0,0
BRDA:1633,169,1,7
BRDA:1633,170,0,7
BRDA:1633,170,1,0
BRDA:1633,171,0,0
BRDA:1633,171,1,0
BRDA:1637,172,0,0
BRDA:1637,172,1,7
BRDA:1637,173,0,7
BRDA:1637,173,1,0
BRDA:1637,174,0,0
BRDA:1637,174,1,0
BRDA:1641,175,0,0
BRDA:1641,175,1,7
BRDA:1641,176,0,7
BRDA:1641,176,1,0
BRDA:1641,177,0,0
BRDA:1641,177,1,0
BRDA:1649,178,0,0
BRDA:1649,178,1,49
BRDA:1649,179,0,49
BRDA:1649,179,1,0
BRDA:1649,179,2,0
BRDA:1702,180,0,7
BRDA:1702,180,1,0
BRDA:1709,181,0,7
BRDA:1709,181,1,0
BRDA:1716,182,0,7
BRDA:1716,182,1,0
BRDA:1723,183,0,0
BRDA:1723,183,1,0
BRDA:1724,184,0,0
BRDA:1724,184,1,0
BRDA:1725,185,0,0
BRDA:1725,185,1,0
BRDA:1726,186,0,0
BRDA:1726,186,1,0
BRDA:1727,187,0,0
BRDA:1727,187,1,0
BRDA:1728,188,0,0
BRDA:1728,188,1,0
BRDA:1729,189,0,0
BRDA:1729,189,1,0
BRDA:1767,190,0,0
BRDA:1767,190,1,0
BRDA:1768,191,0,0
BRDA:1768,191,1,0
BRDA:1769,192,0,0
BRDA:1769,192,1,0
BRDA:1770,193,0,0
BRDA:1770,193,1,0
BRDA:1771,194,0,0
BRDA:1771,194,1,0
BRDA:1772,195,0,0
BRDA:1772,195,1,0
BRDA:1773,196,0,0
BRDA:1773,196,1,0
BRDA:1774,197,0,0
BRDA:1774,197,1,0
BRDA:1775,198,0,0
BRDA:1775,198,1,0
BRDA:1776,199,0,0
BRDA:1776,199,1,0
BRDA:1777,200,0,0
BRDA:1777,200,1,0
BRDA:1778,201,0,0
BRDA:1778,201,1,0
BRDA:1779,202,0,0
BRDA:1779,202,1,0
BRDA:1780,203,0,0
BRDA:1780,203,1,0
BRDA:1781,204,0,0
BRDA:1781,204,1,0
BRDA:1782,205,0,0
BRDA:1782,205,1,0
BRDA:1783,206,0,0
BRDA:1783,206,1,0
BRDA:1786,207,0,0
BRDA:1786,207,1,7
BRDA:1786,208,0,7
BRDA:1786,208,1,7
BRF:419
BRH:183
end_of_record
TN:
SF:src\Depositx.svelte
FN:11,add_css
FN:15,create_fragment
FN:54,notifier_display_binding
FN:58,notifier_message_binding
FN:62,notifier_type_binding
FN:81,(anonymous_5)
FN:82,(anonymous_6)
FN:83,(anonymous_7)
FN:86,create
FN:164,claim
FN:167,mount
FN:212,update
FN:218,(anonymous_12)
FN:224,(anonymous_13)
FN:230,(anonymous_14)
FN:245,intro
FN:250,outro
FN:254,destroy
FN:274,instance
FN:285,(anonymous_19)
FN:289,(anonymous_20)
FN:313,(anonymous_21)
FN:333,(anonymous_22)
FN:337,notifier_display_binding
FN:344,notifier_message_binding
FN:351,notifier_type_binding
FN:358,(anonymous_26)
FN:362,input_input_handler
FN:367,(anonymous_28)
FN:374,(anonymous_29)
FN:389,(anonymous_30)
FN:422,(anonymous_31)
FN:434,(anonymous_32)
FN:438,(anonymous_33)
FN:443,(anonymous_34)
FN:447,(anonymous_35)
FN:452,(anonymous_36)
FN:456,(anonymous_37)
FN:461,(anonymous_38)
FN:465,(anonymous_39)
FNF:40
FNH:24
FNDA:9,add_css
FNDA:9,create_fragment
FNDA:9,notifier_display_binding
FNDA:9,notifier_message_binding
FNDA:9,notifier_type_binding
FNDA:9,(anonymous_5)
FNDA:9,(anonymous_6)
FNDA:9,(anonymous_7)
FNDA:9,create
FNDA:0,claim
FNDA:9,mount
FNDA:21,update
FNDA:12,(anonymous_12)
FNDA:12,(anonymous_13)
FNDA:12,(anonymous_14)
FNDA:0,intro
FNDA:0,outro
FNDA:9,destroy
FNDA:9,instance
FNDA:0,(anonymous_19)
FNDA:9,(anonymous_20)
FNDA:9,(anonymous_21)
FNDA:36,(anonymous_22)
FNDA:9,notifier_display_binding
FNDA:9,notifier_message_binding
FNDA:9,notifier_type_binding
FNDA:0,(anonymous_26)
FNDA:6,input_input_handler
FNDA:0,(anonymous_28)
FNDA:0,(anonymous_29)
FNDA:0,(anonymous_30)
FNDA:9,(anonymous_31)
FNDA:0,(anonymous_32)
FNDA:0,(anonymous_33)
FNDA:0,(anonymous_34)
FNDA:0,(anonymous_35)
FNDA:0,(anonymous_36)
FNDA:0,(anonymous_37)
FNDA:0,(anonymous_38)
FNDA:0,(anonymous_39)
DA:4,3
DA:5,3
DA:6,3
DA:7,3
DA:8,3
DA:9,3
DA:12,9
DA:55,9
DA:59,9
DA:63,9
DA:66,9
DA:68,9
DA:69,0
DA:72,9
DA:73,0
DA:76,9
DA:77,0
DA:80,9
DA:81,9
DA:82,9
DA:83,9
DA:85,9
DA:87,9
DA:88,9
DA:89,9
DA:90,9
DA:91,9
DA:92,9
DA:93,9
DA:94,9
DA:95,9
DA:96,9
DA:97,9
DA:98,9
DA:99,9
DA:100,9
DA:101,9
DA:102,9
DA:103,9
DA:104,9
DA:105,9
DA:106,9
DA:107,9
DA:108,9
DA:109,9
DA:110,9
DA:111,9
DA:112,9
DA:113,9
DA:114,9
DA:115,9
DA:116,9
DA:117,9
DA:118,9
DA:119,9
DA:120,9
DA:121,9
DA:122,9
DA:123,9
DA:125,9
DA:129,9
DA:130,9
DA:131,9
DA:132,9
DA:133,9
DA:134,9
DA:135,9
DA:136,9
DA:137,9
DA:138,9
DA:139,9
DA:140,9
DA:141,9
DA:142,9
DA:143,9
DA:144,9
DA:145,9
DA:146,9
DA:147,9
DA:148,9
DA:149,9
DA:150,9
DA:151,9
DA:152,9
DA:153,9
DA:154,9
DA:155,9
DA:156,9
DA:157,9
DA:158,9
DA:159,9
DA:160,9
DA:161,9
DA:162,9
DA:165,0
DA:168,9
DA:169,9
DA:170,9
DA:171,9
DA:172,9
DA:173,9
DA:174,9
DA:175,9
DA:176,9
DA:177,9
DA:178,9
DA:179,9
DA:180,9
DA:181,9
DA:182,9
DA:183,9
DA:184,9
DA:185,9
DA:186,9
DA:187,9
DA:188,9
DA:189,9
DA:190,9
DA:191,9
DA:192,9
DA:193,9
DA:194,9
DA:195,9
DA:196,9
DA:197,9
DA:198,9
DA:199,9
DA:201,9
DA:202,9
DA:209,9
DA:213,21
DA:215,21
DA:216,12
DA:217,12
DA:218,12
DA:221,21
DA:222,12
DA:223,12
DA:224,12
DA:227,21
DA:228,12
DA:229,12
DA:230,12
DA:233,21
DA:235,21
DA:238,0
DA:241,21
DA:242,0
DA:246,0
DA:247,0
DA:248,0
DA:251,0
DA:252,0
DA:255,9
DA:256,9
DA:257,9
DA:258,9
DA:259,9
DA:263,9
DA:271,9
DA:275,9
DA:276,9
DA:277,9
DA:278,9
DA:279,9
DA:280,9
DA:281,9
DA:282,9
DA:283,9
DA:285,9
DA:286,0
DA:289,9
DA:290,9
DA:291,3
DA:294,6
DA:295,6
DA:297,6
DA:298,3
DA:299,3
DA:300,3
DA:304,0
DA:309,0
DA:313,9
DA:314,9
DA:315,0
DA:318,9
DA:319,0
DA:322,9
DA:323,0
DA:326,9
DA:327,0
DA:331,9
DA:333,9
DA:334,36
DA:338,9
DA:339,9
DA:340,9
DA:345,9
DA:346,9
DA:347,9
DA:352,9
DA:353,9
DA:354,9
DA:358,9
DA:359,0
DA:363,6
DA:364,6
DA:367,9
DA:368,0
DA:369,0
DA:370,0
DA:371,0
DA:374,9
DA:389,9
DA:390,0
DA:391,0
DA:392,0
DA:393,0
DA:394,0
DA:395,0
DA:396,0
DA:399,9
DA:400,0
DA:403,9
DA:423,9
DA:424,9
DA:426,9
DA:435,0
DA:439,0
DA:440,0
DA:444,0
DA:448,0
DA:449,0
DA:453,0
DA:457,0
DA:458,0
DA:462,0
DA:466,0
DA:467,0
DA:471,3
LF:240
LH:197
BRDA:68,0,0,0
BRDA:68,0,1,9
BRDA:72,1,0,0
BRDA:72,1,1,9
BRDA:76,2,0,0
BRDA:76,2,1,9
BRDA:125,3,0,9
BRDA:125,3,1,0
BRDA:201,4,0,9
BRDA:201,4,1,0
BRDA:215,5,0,12
BRDA:215,5,1,9
BRDA:215,6,0,21
BRDA:215,6,1,21
BRDA:221,7,0,12
BRDA:221,7,1,9
BRDA:221,8,0,21
BRDA:221,8,1,21
BRDA:227,9,0,12
BRDA:227,9,1,9
BRDA:227,10,0,21
BRDA:227,10,1,21
BRDA:235,11,0,0
BRDA:235,11,1,21
BRDA:235,12,0,21
BRDA:235,12,1,21
BRDA:235,12,2,0
BRDA:235,13,0,0
BRDA:235,13,1,0
BRDA:241,14,0,0
BRDA:241,14,1,21
BRDA:241,15,0,21
BRDA:241,15,1,6
BRDA:246,16,0,0
BRDA:246,16,1,0
BRDA:256,17,0,9
BRDA:256,17,1,0
BRDA:257,18,0,9
BRDA:257,18,1,0
BRDA:275,19,0,9
BRDA:290,20,0,3
BRDA:290,20,1,6
BRDA:297,21,0,3
BRDA:297,21,1,3
BRDA:300,22,0,0
BRDA:300,22,1,3
BRDA:314,23,0,0
BRDA:314,23,1,9
BRDA:314,24,0,9
BRDA:314,24,1,0
BRDA:314,25,0,0
BRDA:314,25,1,0
BRDA:318,26,0,0
BRDA:318,26,1,9
BRDA:318,27,0,9
BRDA:318,27,1,0
BRDA:318,28,0,0
BRDA:318,28,1,0
BRDA:322,29,0,0
BRDA:322,29,1,9
BRDA:322,30,0,9
BRDA:322,30,1,0
BRDA:322,31,0,0
BRDA:322,31,1,0
BRDA:326,32,0,0
BRDA:326,32,1,9
BRDA:326,33,0,9
BRDA:326,33,1,0
BRDA:326,34,0,0
BRDA:326,34,1,0
BRDA:334,35,0,0
BRDA:334,35,1,36
BRDA:334,36,0,36
BRDA:334,36,1,0
BRDA:334,36,2,0
BRDA:338,37,0,9
BRDA:338,37,1,0
BRDA:345,38,0,9
BRDA:345,38,1,0
BRDA:352,39,0,9
BRDA:352,39,1,0
BRDA:368,40,0,0
BRDA:368,40,1,0
BRDA:369,41,0,0
BRDA:369,41,1,0
BRDA:370,42,0,0
BRDA:370,42,1,0
BRDA:371,43,0,0
BRDA:371,43,1,0
BRDA:390,44,0,0
BRDA:390,44,1,0
BRDA:391,45,0,0
BRDA:391,45,1,0
BRDA:392,46,0,0
BRDA:392,46,1,0
BRDA:393,47,0,0
BRDA:393,47,1,0
BRDA:394,48,0,0
BRDA:394,48,1,0
BRDA:395,49,0,0
BRDA:395,49,1,0
BRDA:396,50,0,0
BRDA:396,50,1,0
BRDA:399,51,0,0
BRDA:399,51,1,9
BRDA:399,52,0,9
BRDA:399,52,1,9
BRF:107
BRH:47
end_of_record
TN:
SF:src\Notifier.svelte
FN:7,add_css
FN:12,create_if_block
FN:23,create
FN:37,mount
FN:49,update
FN:56,destroy
FN:74,create_fragment
FN:79,create
FN:83,claim
FN:86,mount
FN:90,update
FN:106,destroy
FN:123,instance
FN:131,(anonymous_13)
FN:139,(anonymous_14)
FN:146,toggleDisplay
FN:152,(anonymous_16)
FN:156,(anonymous_17)
FN:163,(anonymous_18)
FN:171,(anonymous_19)
FN:186,(anonymous_20)
FN:212,(anonymous_21)
FN:216,(anonymous_22)
FN:221,(anonymous_23)
FN:225,(anonymous_24)
FN:230,(anonymous_25)
FN:234,(anonymous_26)
FN:239,(anonymous_27)
FN:243,(anonymous_28)
FNF:29
FNH:15
FNDA:70,add_css
FNDA:53,create_if_block
FNDA:53,create
FNDA:53,mount
FNDA:1,update
FNDA:53,destroy
FNDA:70,create_fragment
FNDA:70,create
FNDA:0,claim
FNDA:70,mount
FNDA:54,update
FNDA:70,destroy
FNDA:70,instance
FNDA:0,(anonymous_13)
FNDA:0,(anonymous_14)
FNDA:0,toggleDisplay
FNDA:108,(anonymous_16)
FNDA:88,(anonymous_17)
FNDA:0,(anonymous_18)
FNDA:0,(anonymous_19)
FNDA:70,(anonymous_20)
FNDA:0,(anonymous_21)
FNDA:0,(anonymous_22)
FNDA:0,(anonymous_23)
FNDA:0,(anonymous_24)
FNDA:0,(anonymous_25)
FNDA:0,(anonymous_26)
FNDA:0,(anonymous_27)
FNDA:0,(anonymous_28)
DA:4,10
DA:5,10
DA:8,70
DA:22,53
DA:24,53
DA:25,53
DA:26,53
DA:27,53
DA:28,53
DA:29,53
DA:30,53
DA:31,53
DA:32,53
DA:33,53
DA:34,53
DA:35,53
DA:38,53
DA:39,53
DA:40,53
DA:41,53
DA:42,53
DA:44,53
DA:45,53
DA:46,53
DA:50,1
DA:52,1
DA:53,0
DA:57,53
DA:58,53
DA:59,53
DA:63,53
DA:71,53
DA:76,70
DA:78,70
DA:80,70
DA:81,70
DA:84,0
DA:87,70
DA:88,70
DA:91,54
DA:92,54
DA:93,1
DA:95,53
DA:96,53
DA:97,53
DA:99,0
DA:100,0
DA:101,0
DA:107,70
DA:108,70
DA:112,70
DA:120,70
DA:124,70
DA:125,70
DA:126,70
DA:127,70
DA:128,70
DA:129,70
DA:131,70
DA:133,0
DA:135,0
DA:136,0
DA:138,0
DA:140,0
DA:147,0
DA:150,70
DA:152,70
DA:153,108
DA:156,70
DA:157,88
DA:158,88
DA:159,88
DA:160,88
DA:163,70
DA:171,70
DA:172,0
DA:173,0
DA:174,0
DA:175,0
DA:178,70
DA:179,0
DA:182,70
DA:187,70
DA:189,70
DA:204,70
DA:213,0
DA:217,0
DA:218,0
DA:222,0
DA:226,0
DA:227,0
DA:231,0
DA:235,0
DA:236,0
DA:240,0
DA:244,0
DA:245,0
DA:249,10
LF:98
LH:70
BRDA:44,0,0,53
BRDA:44,0,1,0
BRDA:50,1,0,1
BRDA:50,1,1,0
BRDA:52,2,0,0
BRDA:52,2,1,1
BRDA:52,3,0,1
BRDA:52,3,1,0
BRDA:57,4,0,53
BRDA:57,4,1,0
BRDA:76,5,0,70
BRDA:76,5,1,0
BRDA:80,6,0,0
BRDA:80,6,1,70
BRDA:87,7,0,0
BRDA:87,7,1,70
BRDA:91,8,0,54
BRDA:91,8,1,0
BRDA:92,9,0,1
BRDA:92,9,1,53
BRDA:99,10,0,0
BRDA:99,10,1,0
BRDA:107,11,0,53
BRDA:107,11,1,17
BRDA:108,12,0,70
BRDA:108,12,1,0
BRDA:124,13,0,70
BRDA:126,14,0,70
BRDA:127,15,0,34
BRDA:128,16,0,34
BRDA:129,17,0,34
BRDA:131,18,0,0
BRDA:131,18,1,70
BRDA:135,19,0,0
BRDA:135,19,1,0
BRDA:153,20,0,0
BRDA:153,20,1,108
BRDA:153,21,0,108
BRDA:153,21,1,0
BRDA:153,21,2,0
BRDA:157,22,0,0
BRDA:157,22,1,88
BRDA:158,23,0,88
BRDA:158,23,1,0
BRDA:159,24,0,88
BRDA:159,24,1,0
BRDA:160,25,0,88
BRDA:160,25,1,0
BRDA:172,26,0,0
BRDA:172,26,1,0
BRDA:173,27,0,0
BRDA:173,27,1,0
BRDA:174,28,0,0
BRDA:174,28,1,0
BRDA:175,29,0,0
BRDA:175,29,1,0
BRDA:178,30,0,0
BRDA:178,30,1,70
BRDA:178,31,0,70
BRDA:178,31,1,70
BRF:60
BRH:29
end_of_record
TN:
SF:src\UserRegisterOneStep.svelte
FN:12,add_css
FN:17,create_if_block_1
FN:30,create
FN:57,mount
FN:77,update
FN:84,destroy
FN:103,create_if_block
FN:155,datethreeselect_dateString_binding
FN:170,(anonymous_8)
FN:173,create
FN:316,mount
FN:399,update
FN:429,(anonymous_12)
FN:442,intro
FN:447,outro
FN:451,destroy
FN:472,create_fragment
FN:488,select_block_type
FN:498,notifier_display_binding
FN:502,notifier_message_binding
FN:506,notifier_type_binding
FN:525,(anonymous_21)
FN:526,(anonymous_22)
FN:527,(anonymous_23)
FN:530,create
FN:546,claim
FN:549,mount
FN:563,update
FN:575,(anonymous_28)
FN:604,(anonymous_29)
FN:610,(anonymous_30)
FN:616,(anonymous_31)
FN:621,intro
FN:627,outro
FN:632,destroy
FN:655,instance
FN:679,(anonymous_36)
FN:683,(anonymous_37)
FN:690,(anonymous_38)
FN:694,(anonymous_39)
FN:701,(anonymous_40)
FN:708,(anonymous_41)
FN:713,(anonymous_42)
FN:717,(anonymous_43)
FN:721,(anonymous_44)
FN:740,(anonymous_45)
FN:747,(anonymous_46)
FN:782,(anonymous_47)
FN:808,(anonymous_48)
FN:827,(anonymous_49)
FN:863,(anonymous_50)
FN:867,input0_input_handler
FN:872,input1_input_handler
FN:877,input2_input_handler
FN:882,(anonymous_54)
FN:884,input3_input_handler
FN:889,input4_input_handler
FN:894,input5_input_handler
FN:899,datethreeselect_dateString_binding
FN:906,input6_input_handler
FN:911,input7_input_handler
FN:916,input_input_handler
FN:921,notifier_display_binding
FN:928,notifier_message_binding
FN:935,notifier_type_binding
FN:942,(anonymous_65)
FN:952,(anonymous_66)
FN:984,(anonymous_67)
FN:1044,(anonymous_68)
FN:1074,(anonymous_69)
FN:1078,(anonymous_70)
FN:1083,(anonymous_71)
FN:1087,(anonymous_72)
FN:1092,(anonymous_73)
FN:1096,(anonymous_74)
FN:1101,(anonymous_75)
FN:1105,(anonymous_76)
FN:1110,(anonymous_77)
FN:1114,(anonymous_78)
FN:1119,(anonymous_79)
FN:1123,(anonymous_80)
FN:1128,(anonymous_81)
FN:1132,(anonymous_82)
FNF:83
FNH:54
FNDA:14,add_css
FNDA:3,create_if_block_1
FNDA:3,create
FNDA:3,mount
FNDA:2,update
FNDA:3,destroy
FNDA:16,create_if_block
FNDA:17,datethreeselect_dateString_binding
FNDA:16,(anonymous_8)
FNDA:16,create
FNDA:16,mount
FNDA:94,update
FNDA:68,(anonymous_12)
FNDA:2,intro
FNDA:3,outro
FNDA:16,destroy
FNDA:14,create_fragment
FNDA:115,select_block_type
FNDA:14,notifier_display_binding
FNDA:14,notifier_message_binding
FNDA:14,notifier_type_binding
FNDA:14,(anonymous_21)
FNDA:14,(anonymous_22)
FNDA:14,(anonymous_23)
FNDA:14,create
FNDA:0,claim
FNDA:14,mount
FNDA:101,update
FNDA:5,(anonymous_28)
FNDA:13,(anonymous_29)
FNDA:13,(anonymous_30)
FNDA:13,(anonymous_31)
FNDA:0,intro
FNDA:0,outro
FNDA:14,destroy
FNDA:14,instance
FNDA:13,(anonymous_36)
FNDA:0,(anonymous_37)
FNDA:14,(anonymous_38)
FNDA:0,(anonymous_39)
FNDA:0,(anonymous_40)
FNDA:0,(anonymous_41)
FNDA:11,(anonymous_42)
FNDA:0,(anonymous_43)
FNDA:0,(anonymous_44)
FNDA:0,(anonymous_45)
FNDA:7,(anonymous_46)
FNDA:2,(anonymous_47)
FNDA:14,(anonymous_48)
FNDA:14,(anonymous_49)
FNDA:98,(anonymous_50)
FNDA:13,input0_input_handler
FNDA:13,input1_input_handler
FNDA:12,input2_input_handler
FNDA:0,(anonymous_54)
FNDA:11,input3_input_handler
FNDA:10,input4_input_handler
FNDA:9,input5_input_handler
FNDA:17,datethreeselect_dateString_binding
FNDA:7,input6_input_handler
FNDA:0,input7_input_handler
FNDA:2,input_input_handler
FNDA:14,notifier_display_binding
FNDA:14,notifier_message_binding
FNDA:14,notifier_type_binding
FNDA:0,(anonymous_65)
FNDA:0,(anonymous_66)
FNDA:0,(anonymous_67)
FNDA:14,(anonymous_68)
FNDA:0,(anonymous_69)
FNDA:0,(anonymous_70)
FNDA:0,(anonymous_71)
FNDA:0,(anonymous_72)
FNDA:0,(anonymous_73)
FNDA:0,(anonymous_74)
FNDA:0,(anonymous_75)
FNDA:0,(anonymous_76)
FNDA:0,(anonymous_77)
FNDA:0,(anonymous_78)
FNDA:0,(anonymous_79)
FNDA:0,(anonymous_80)
FNDA:0,(anonymous_81)
FNDA:0,(anonymous_82)
DA:4,1
DA:5,1
DA:6,1
DA:7,1
DA:8,1
DA:9,1
DA:10,1
DA:13,14
DA:29,3
DA:31,3
DA:32,3
DA:33,3
DA:34,3
DA:35,3
DA:36,3
DA:37,3
DA:38,3
DA:39,3
DA:40,3
DA:41,3
DA:42,3
DA:43,3
DA:44,3
DA:45,3
DA:46,3
DA:47,3
DA:48,3
DA:49,3
DA:50,3
DA:51,3
DA:52,3
DA:53,3
DA:54,3
DA:55,3
DA:58,3
DA:59,3
DA:60,3
DA:61,3
DA:62,3
DA:63,3
DA:64,3
DA:65,3
DA:66,3
DA:68,3
DA:69,3
DA:74,3
DA:78,2
DA:79,0
DA:85,3
DA:86,3
DA:87,3
DA:91,3
DA:99,3
DA:156,17
DA:159,16
DA:161,16
DA:162,15
DA:165,16
DA:170,16
DA:172,16
DA:174,16
DA:175,16
DA:176,16
DA:177,16
DA:178,16
DA:179,16
DA:180,16
DA:181,16
DA:182,16
DA:183,16
DA:184,16
DA:185,16
DA:186,16
DA:187,16
DA:188,16
DA:189,16
DA:190,16
DA:191,16
DA:192,16
DA:193,16
DA:194,16
DA:195,16
DA:196,16
DA:197,16
DA:198,16
DA:199,16
DA:200,16
DA:201,16
DA:202,16
DA:203,16
DA:204,16
DA:205,16
DA:206,16
DA:207,16
DA:208,16
DA:209,16
DA:210,16
DA:211,16
DA:212,16
DA:213,16
DA:214,16
DA:215,16
DA:216,16
DA:217,16
DA:218,16
DA:219,16
DA:220,16
DA:221,16
DA:222,16
DA:223,16
DA:224,16
DA:225,16
DA:226,16
DA:227,16
DA:228,16
DA:229,16
DA:230,16
DA:231,16
DA:232,16
DA:233,16
DA:234,16
DA:235,16
DA:236,16
DA:237,16
DA:238,16
DA:239,16
DA:240,16
DA:241,16
DA:242,16
DA:243,16
DA:244,16
DA:245,16
DA:246,16
DA:247,16
DA:248,16
DA:249,16
DA:250,16
DA:251,16
DA:252,16
DA:253,16
DA:254,16
DA:255,16
DA:256,16
DA:257,16
DA:258,16
DA:259,16
DA:260,16
DA:261,16
DA:262,16
DA:263,16
DA:264,16
DA:265,16
DA:266,16
DA:267,16
DA:268,16
DA:269,16
DA:270,16
DA:271,16
DA:272,16
DA:273,16
DA:274,16
DA:275,16
DA:276,16
DA:277,16
DA:278,16
DA:279,16
DA:280,16
DA:281,16
DA:282,16
DA:283,16
DA:284,16
DA:285,16
DA:286,16
DA:287,16
DA:288,16
DA:289,16
DA:290,16
DA:291,16
DA:292,16
DA:293,16
DA:294,16
DA:295,16
DA:296,16
DA:297,16
DA:298,16
DA:299,16
DA:300,16
DA:301,16
DA:302,16
DA:303,16
DA:304,16
DA:305,16
DA:306,16
DA:307,16
DA:308,16
DA:309,16
DA:310,16
DA:311,16
DA:312,16
DA:313,16
DA:314,16
DA:317,16
DA:318,16
DA:319,16
DA:320,16
DA:321,16
DA:322,16
DA:323,16
DA:324,16
DA:325,16
DA:326,16
DA:327,16
DA:328,16
DA:329,16
DA:330,16
DA:331,16
DA:332,16
DA:333,16
DA:334,16
DA:335,16
DA:336,16
DA:337,16
DA:338,16
DA:339,16
DA:340,16
DA:341,16
DA:342,16
DA:343,16
DA:344,16
DA:345,16
DA:346,16
DA:347,16
DA:348,16
DA:349,16
DA:350,16
DA:351,16
DA:352,16
DA:353,16
DA:354,16
DA:355,16
DA:356,16
DA:357,16
DA:358,16
DA:359,16
DA:360,16
DA:361,16
DA:362,16
DA:363,16
DA:364,16
DA:365,16
DA:366,16
DA:367,16
DA:368,16
DA:369,16
DA:370,16
DA:371,16
DA:373,16
DA:374,16
DA:396,16
DA:400,94
DA:401,1
DA:404,94
DA:405,0
DA:408,94
DA:409,5
DA:412,94
DA:413,9
DA:416,94
DA:417,14
DA:420,94
DA:421,0
DA:424,94
DA:426,94
DA:427,68
DA:428,68
DA:429,68
DA:432,94
DA:434,94
DA:435,0
DA:438,94
DA:439,0
DA:443,2
DA:444,2
DA:445,2
DA:448,3
DA:449,3
DA:452,16
DA:453,16
DA:454,16
DA:455,16
DA:456,16
DA:457,16
DA:461,16
DA:469,16
DA:485,14
DA:486,14
DA:489,115
DA:490,5
DA:491,0
DA:494,14
DA:495,14
DA:499,14
DA:503,14
DA:507,14
DA:510,14
DA:512,14
DA:513,14
DA:516,14
DA:517,14
DA:520,14
DA:521,14
DA:524,14
DA:525,14
DA:526,14
DA:527,14
DA:529,14
DA:531,14
DA:532,14
DA:533,14
DA:534,14
DA:535,14
DA:536,14
DA:537,14
DA:538,14
DA:539,14
DA:540,14
DA:541,14
DA:542,14
DA:543,14
DA:544,14
DA:547,0
DA:550,14
DA:551,14
DA:552,14
DA:553,14
DA:555,14
DA:556,14
DA:559,14
DA:560,14
DA:561,14
DA:564,101
DA:565,101
DA:567,101
DA:568,96
DA:569,96
DA:572,5
DA:573,5
DA:575,5
DA:576,5
DA:579,5
DA:582,5
DA:583,5
DA:585,5
DA:586,5
DA:587,5
DA:589,0
DA:592,5
DA:593,5
DA:595,0
DA:599,101
DA:601,101
DA:602,13
DA:603,13
DA:604,13
DA:607,101
DA:608,13
DA:609,13
DA:610,13
DA:613,101
DA:614,13
DA:615,13
DA:616,13
DA:619,101
DA:622,0
DA:623,0
DA:624,0
DA:625,0
DA:628,0
DA:629,0
DA:630,0
DA:633,14
DA:635,14
DA:636,14
DA:639,14
DA:640,14
DA:644,14
DA:652,14
DA:656,14
DA:657,14
DA:658,14
DA:659,14
DA:660,14
DA:661,14
DA:662,14
DA:663,14
DA:664,14
DA:665,14
DA:666,14
DA:668,14
DA:669,14
DA:671,14
DA:677,14
DA:679,14
DA:680,13
DA:682,13
DA:684,0
DA:690,14
DA:691,14
DA:694,14
DA:695,0
DA:696,0
DA:697,0
DA:701,14
DA:702,0
DA:703,0
DA:704,0
DA:708,14
DA:709,0
DA:710,0
DA:713,14
DA:714,11
DA:717,14
DA:718,0
DA:721,14
DA:722,0
DA:723,0
DA:725,0
DA:726,0
DA:727,0
DA:728,0
DA:731,0
DA:732,0
DA:733,0
DA:734,0
DA:737,0
DA:740,14
DA:741,0
DA:742,0
DA:743,0
DA:747,14
DA:748,7
DA:749,7
DA:750,7
DA:751,7
DA:752,7
DA:754,7
DA:755,7
DA:756,3
DA:758,4
DA:759,4
DA:761,4
DA:762,0
DA:763,4
DA:764,1
DA:765,1
DA:766,3
DA:767,1
DA:768,1
DA:769,2
DA:770,1
DA:771,1
DA:772,1
DA:773,1
DA:774,1
DA:777,4
DA:778,4
DA:782,14
DA:783,2
DA:784,2
DA:785,2
DA:787,2
DA:788,2
DA:789,1
DA:791,2
DA:792,2
DA:793,2
DA:795,2
DA:796,0
DA:797,2
DA:798,0
DA:799,2
DA:800,1
DA:803,2
DA:804,2
DA:808,14
DA:809,14
DA:810,13
DA:811,13
DA:812,12
DA:813,11
DA:814,11
DA:815,10
DA:816,9
DA:817,8
DA:819,8
DA:820,2
DA:821,2
DA:824,7
DA:827,14
DA:828,14
DA:829,0
DA:832,14
DA:833,0
DA:836,14
DA:837,0
DA:840,14
DA:841,0
DA:844,14
DA:845,0
DA:848,14
DA:849,0
DA:853,14
DA:863,14
DA:864,98
DA:868,13
DA:869,13
DA:873,13
DA:874,13
DA:878,12
DA:879,12
DA:882,14
DA:885,11
DA:886,11
DA:890,10
DA:891,10
DA:895,9
DA:896,9
DA:900,17
DA:901,2
DA:902,2
DA:907,7
DA:908,7
DA:912,0
DA:913,0
DA:917,2
DA:918,2
DA:922,14
DA:923,0
DA:924,0
DA:929,14
DA:930,0
DA:931,0
DA:936,14
DA:937,0
DA:938,0
DA:942,14
DA:943,0
DA:944,0
DA:945,0
DA:946,0
DA:947,0
DA:948,0
DA:949,0
DA:952,14
DA:984,14
DA:985,0
DA:986,0
DA:987,0
DA:988,0
DA:989,0
DA:990,0
DA:991,0
DA:992,0
DA:993,0
DA:994,0
DA:995,0
DA:996,0
DA:997,0
DA:1000,14
DA:1001,0
DA:1004,14
DA:1045,14
DA:1047,14
DA:1066,14
DA:1075,0
DA:1079,0
DA:1080,0
DA:1084,0
DA:1088,0
DA:1089,0
DA:1093,0
DA:1097,0
DA:1098,0
DA:1102,0
DA:1106,0
DA:1107,0
DA:1111,0
DA:1115,0
DA:1116,0
DA:1120,0
DA:1124,0
DA:1125,0
DA:1129,0
DA:1133,0
DA:1134,0
DA:1138,1
LF:596
LH:497
BRDA:68,0,0,3
BRDA:68,0,1,0
BRDA:78,1,0,0
BRDA:78,1,1,2
BRDA:78,2,0,2
BRDA:78,2,1,2
BRDA:85,3,0,2
BRDA:85,3,1,1
BRDA:161,4,0,15
BRDA:161,4,1,1
BRDA:373,5,0,16
BRDA:373,5,1,0
BRDA:400,6,0,1
BRDA:400,6,1,93
BRDA:400,7,0,94
BRDA:400,7,1,68
BRDA:404,8,0,0
BRDA:404,8,1,94
BRDA:404,9,0,94
BRDA:404,9,1,68
BRDA:408,10,0,5
BRDA:408,10,1,89
BRDA:408,11,0,94
BRDA:408,11,1,68
BRDA:412,12,0,9
BRDA:412,12,1,85
BRDA:412,13,0,94
BRDA:412,13,1,68
BRDA:416,14,0,14
BRDA:416,14,1,80
BRDA:416,15,0,94
BRDA:416,15,1,68
BRDA:420,16,0,0
BRDA:420,16,1,94
BRDA:420,17,0,94
BRDA:420,17,1,9
BRDA:426,18,0,68
BRDA:426,18,1,26
BRDA:426,19,0,94
BRDA:426,19,1,94
BRDA:434,20,0,0
BRDA:434,20,1,94
BRDA:434,21,0,94
BRDA:434,21,1,7
BRDA:438,22,0,0
BRDA:438,22,1,94
BRDA:438,23,0,94
BRDA:438,23,1,0
BRDA:443,24,0,0
BRDA:443,24,1,2
BRDA:452,25,0,3
BRDA:452,25,1,13
BRDA:454,26,0,3
BRDA:454,26,1,13
BRDA:455,27,0,3
BRDA:455,27,1,13
BRDA:489,28,0,110
BRDA:489,28,1,5
BRDA:490,29,0,5
BRDA:490,29,1,0
BRDA:494,30,0,14
BRDA:494,30,1,0
BRDA:512,31,0,14
BRDA:512,31,1,0
BRDA:516,32,0,14
BRDA:516,32,1,0
BRDA:520,33,0,14
BRDA:520,33,1,0
BRDA:536,34,0,14
BRDA:536,34,1,0
BRDA:555,35,0,14
BRDA:555,35,1,0
BRDA:567,36,0,96
BRDA:567,36,1,5
BRDA:568,37,0,96
BRDA:568,37,1,0
BRDA:572,38,0,5
BRDA:572,38,1,0
BRDA:582,39,0,5
BRDA:582,39,1,0
BRDA:585,40,0,5
BRDA:585,40,1,0
BRDA:601,41,0,13
BRDA:601,41,1,88
BRDA:601,42,0,101
BRDA:601,42,1,101
BRDA:607,43,0,13
BRDA:607,43,1,88
BRDA:607,44,0,101
BRDA:607,44,1,101
BRDA:613,45,0,13
BRDA:613,45,1,88
BRDA:613,46,0,101
BRDA:613,46,1,101
BRDA:622,47,0,0
BRDA:622,47,1,0
BRDA:633,48,0,14
BRDA:633,48,1,0
BRDA:635,49,0,14
BRDA:635,49,1,0
BRDA:639,50,0,14
BRDA:639,50,1,0
BRDA:656,51,0,14
BRDA:658,52,0,0
BRDA:691,53,0,0
BRDA:691,53,1,14
BRDA:695,54,0,0
BRDA:695,54,1,0
BRDA:702,55,0,0
BRDA:702,55,1,0
BRDA:709,56,0,0
BRDA:709,56,1,0
BRDA:710,57,0,0
BRDA:710,57,1,0
BRDA:710,58,0,0
BRDA:710,58,1,0
BRDA:718,59,0,0
BRDA:718,59,1,0
BRDA:722,60,0,0
BRDA:722,60,1,0
BRDA:725,61,0,0
BRDA:725,61,1,0
BRDA:725,62,0,0
BRDA:725,62,1,0
BRDA:731,63,0,0
BRDA:731,63,1,0
BRDA:731,64,0,0
BRDA:731,64,1,0
BRDA:741,65,0,0
BRDA:741,65,1,0
BRDA:748,66,0,0
BRDA:748,66,1,7
BRDA:749,67,0,0
BRDA:749,67,1,7
BRDA:750,68,0,0
BRDA:750,68,1,7
BRDA:751,69,0,7
BRDA:751,69,1,0
BRDA:761,70,0,0
BRDA:761,70,1,4
BRDA:763,71,0,1
BRDA:763,71,1,3
BRDA:763,72,0,4
BRDA:763,72,1,4
BRDA:763,72,2,4
BRDA:766,73,0,1
BRDA:766,73,1,2
BRDA:766,74,0,3
BRDA:766,74,1,3
BRDA:766,74,2,3
BRDA:769,75,0,1
BRDA:769,75,1,1
BRDA:769,76,0,2
BRDA:769,76,1,2
BRDA:769,76,2,2
BRDA:772,77,0,1
BRDA:772,77,1,0
BRDA:772,78,0,1
BRDA:772,78,1,1
BRDA:772,78,2,1
BRDA:777,79,0,4
BRDA:777,79,1,4
BRDA:783,80,0,2
BRDA:783,80,1,0
BRDA:785,81,0,0
BRDA:785,81,1,2
BRDA:792,82,0,1
BRDA:792,82,1,1
BRDA:792,83,0,2
BRDA:792,83,1,1
BRDA:795,84,0,0
BRDA:795,84,1,2
BRDA:795,85,0,2
BRDA:795,85,1,1
BRDA:797,86,0,0
BRDA:797,86,1,2
BRDA:797,87,0,2
BRDA:797,87,1,1
BRDA:799,88,0,1
BRDA:799,88,1,1
BRDA:799,89,0,2
BRDA:799,89,1,1
BRDA:809,90,0,1
BRDA:809,90,1,13
BRDA:809,91,0,14
BRDA:809,91,1,13
BRDA:810,92,0,0
BRDA:810,92,1,13
BRDA:810,93,0,13
BRDA:810,93,1,13
BRDA:811,94,0,1
BRDA:811,94,1,12
BRDA:811,95,0,13
BRDA:811,95,1,12
BRDA:812,96,0,1
BRDA:812,96,1,11
BRDA:812,97,0,12
BRDA:812,97,1,11
BRDA:813,98,0,0
BRDA:813,98,1,11
BRDA:814,99,0,1
BRDA:814,99,1,10
BRDA:814,100,0,11
BRDA:814,100,1,10
BRDA:815,101,0,1
BRDA:815,101,1,9
BRDA:815,102,0,10
BRDA:815,102,1,9
BRDA:816,103,0,1
BRDA:816,103,1,8
BRDA:817,104,0,0
BRDA:817,104,1,8
BRDA:817,105,0,8
BRDA:817,105,1,8
BRDA:819,106,0,2
BRDA:819,106,1,6
BRDA:819,107,0,8
BRDA:819,107,1,6
BRDA:820,108,0,1
BRDA:820,108,1,1
BRDA:821,109,0,1
BRDA:821,109,1,1
BRDA:828,110,0,0
BRDA:828,110,1,14
BRDA:828,111,0,14
BRDA:828,111,1,0
BRDA:828,112,0,0
BRDA:828,112,1,0
BRDA:832,113,0,0
BRDA:832,113,1,14
BRDA:832,114,0,14
BRDA:832,114,1,0
BRDA:832,115,0,0
BRDA:832,115,1,0
BRDA:836,116,0,0
BRDA:836,116,1,14
BRDA:836,117,0,14
BRDA:836,117,1,0
BRDA:836,118,0,0
BRDA:836,118,1,0
BRDA:840,119,0,0
BRDA:840,119,1,14
BRDA:840,120,0,14
BRDA:840,120,1,0
BRDA:840,121,0,0
BRDA:840,121,1,0
BRDA:844,122,0,0
BRDA:844,122,1,14
BRDA:844,123,0,14
BRDA:844,123,1,0
BRDA:844,124,0,0
BRDA:844,124,1,0
BRDA:848,125,0,0
BRDA:848,125,1,14
BRDA:848,126,0,14
BRDA:848,126,1,0
BRDA:848,127,0,0
BRDA:848,127,1,0
BRDA:864,128,0,0
BRDA:864,128,1,98
BRDA:864,129,0,98
BRDA:864,129,1,0
BRDA:864,129,2,0
BRDA:900,130,0,2
BRDA:900,130,1,15
BRDA:922,131,0,0
BRDA:922,131,1,14
BRDA:929,132,0,0
BRDA:929,132,1,14
BRDA:936,133,0,0
BRDA:936,133,1,14
BRDA:943,134,0,0
BRDA:943,134,1,0
BRDA:944,135,0,0
BRDA:944,135,1,0
BRDA:945,136,0,0
BRDA:945,136,1,0
BRDA:946,137,0,0
BRDA:946,137,1,0
BRDA:947,138,0,0
BRDA:947,138,1,0
BRDA:948,139,0,0
BRDA:948,139,1,0
BRDA:949,140,0,0
BRDA:949,140,1,0
BRDA:985,141,0,0
BRDA:985,141,1,0
BRDA:986,142,0,0
BRDA:986,142,1,0
BRDA:987,143,0,0
BRDA:987,143,1,0
BRDA:988,144,0,0
BRDA:988,144,1,0
BRDA:989,145,0,0
BRDA:989,145,1,0
BRDA:990,146,0,0
BRDA:990,146,1,0
BRDA:991,147,0,0
BRDA:991,147,1,0
BRDA:992,148,0,0
BRDA:992,148,1,0
BRDA:993,149,0,0
BRDA:993,149,1,0
BRDA:994,150,0,0
BRDA:994,150,1,0
BRDA:995,151,0,0
BRDA:995,151,1,0
BRDA:996,152,0,0
BRDA:996,152,1,0
BRDA:997,153,0,0
BRDA:997,153,1,0
BRDA:1000,154,0,0
BRDA:1000,154,1,14
BRDA:1000,155,0,14
BRDA:1000,155,1,14
BRF:315
BRH:180
end_of_record
TN:
SF:src\UserRegisterStepbyStep.svelte
FN:13,add_css
FN:17,get_each_context
FN:23,get_each_context_1
FN:29,get_each_context_2
FN:36,get_each_context_3
FN:42,get_each_context_4
FN:49,create_if_block_12
FN:57,create
FN:71,mount
FN:77,update
FN:82,destroy
FN:99,create_if_block_11
FN:107,create
FN:121,mount
FN:127,update
FN:132,destroy
FN:149,create_if_block_10
FN:171,create
FN:216,mount
FN:246,update
FN:255,destroy
FN:274,create_if_block_9
FN:292,create
FN:326,mount
FN:351,update
FN:360,destroy
FN:379,create_if_block_8
FN:407,create
FN:436,(anonymous_28)
FN:457,mount
FN:495,update
FN:532,destroy
FN:552,create_each_block_4
FN:560,create
FN:568,mount
FN:573,update
FN:581,destroy
FN:598,create_if_block_7
FN:620,create
FN:665,mount
FN:696,update
FN:705,destroy
FN:724,create_if_block_6
FN:746,create
FN:791,mount
FN:821,update
FN:830,destroy
FN:849,create_if_block_5
FN:879,(anonymous_48)
FN:897,create
FN:933,(anonymous_50)
FN:936,(anonymous_51)
FN:940,(anonymous_52)
FN:951,mount
FN:1006,update
FN:1078,destroy
FN:1104,create_each_block_3
FN:1111,create
FN:1119,mount
FN:1123,update
FN:1131,destroy
FN:1148,create_each_block_2
FN:1158,create
FN:1167,mount
FN:1171,update
FN:1174,destroy
FN:1191,create_each_block_1
FN:1198,create
FN:1206,mount
FN:1211,destroy
FN:1228,create_if_block_4
FN:1246,create
FN:1280,mount
FN:1305,update
FN:1314,destroy
FN:1333,create_if_block_3
FN:1351,create
FN:1386,mount
FN:1411,update
FN:1420,destroy
FN:1439,create_if_block_2
FN:1464,create
FN:1500,mount
FN:1530,update
FN:1559,destroy
FN:1579,create_each_block
FN:1587,click_handler
FN:1592,create
FN:1602,mount
FN:1611,update
FN:1621,destroy
FN:1640,create_if_block_1
FN:1658,create
FN:1691,mount
FN:1716,update
FN:1725,destroy
FN:1744,create_if_block
FN:1762,create
FN:1794,mount
FN:1813,update
FN:1816,destroy
FN:1834,create_fragment
FN:1940,notifier_display_binding
FN:1944,notifier_message_binding
FN:1948,notifier_type_binding
FN:1967,(anonymous_105)
FN:1968,(anonymous_106)
FN:1969,(anonymous_107)
FN:1972,create
FN:2165,claim
FN:2168,mount
FN:2264,update
FN:2481,(anonymous_112)
FN:2487,(anonymous_113)
FN:2493,(anonymous_114)
FN:2498,intro
FN:2503,outro
FN:2507,destroy
FN:2540,instance
FN:2578,(anonymous_119)
FN:2585,(anonymous_120)
FN:2600,(anonymous_121)
FN:2635,(anonymous_122)
FN:2640,(anonymous_123)
FN:2644,(anonymous_124)
FN:2651,(anonymous_125)
FN:2678,(anonymous_126)
FN:2682,(anonymous_127)
FN:2689,(anonymous_128)
FN:2694,(anonymous_129)
FN:2698,(anonymous_130)
FN:2702,(anonymous_131)
FN:2706,(anonymous_132)
FN:2710,(anonymous_133)
FN:2714,(anonymous_134)
FN:2718,(anonymous_135)
FN:2722,(anonymous_136)
FN:2726,(anonymous_137)
FN:2730,(anonymous_138)
FN:2734,(anonymous_139)
FN:2741,(anonymous_140)
FN:2747,(anonymous_141)
FN:2753,phoneOnlyNumber
FN:2758,(anonymous_143)
FN:2763,(anonymous_144)
FN:2770,(anonymous_145)
FN:2775,(anonymous_146)
FN:2786,(anonymous_147)
FN:2816,(anonymous_148)
FN:2821,(anonymous_149)
FN:2826,(anonymous_150)
FN:2831,(anonymous_151)
FN:2836,(anonymous_152)
FN:2878,(anonymous_153)
FN:2882,input_input_handler
FN:2888,input_input_handler_1
FN:2894,select_change_handler
FN:2900,input_input_handler_2
FN:2906,(anonymous_158)
FN:2908,input_input_handler_3
FN:2914,input_input_handler_4
FN:2920,select0_change_handler
FN:2926,select1_change_handler
FN:2932,select2_change_handler
FN:2938,input_input_handler_5
FN:2944,input_input_handler_6
FN:2950,(anonymous_166)
FN:2954,input_change_handler
FN:2959,notifier_display_binding
FN:2966,notifier_message_binding
FN:2973,notifier_type_binding
FN:2980,(anonymous_171)
FN:2992,(anonymous_172)
FN:3054,(anonymous_173)
FN:3151,(anonymous_174)
FN:3183,(anonymous_175)
FN:3187,(anonymous_176)
FN:3192,(anonymous_177)
FN:3196,(anonymous_178)
FN:3201,(anonymous_179)
FN:3205,(anonymous_180)
FN:3210,(anonymous_181)
FN:3214,(anonymous_182)
FN:3219,(anonymous_183)
FN:3223,(anonymous_184)
FN:3228,(anonymous_185)
FN:3232,(anonymous_186)
FN:3237,(anonymous_187)
FN:3241,(anonymous_188)
FN:3246,(anonymous_189)
FN:3250,(anonymous_190)
FN:3255,(anonymous_191)
FN:3259,(anonymous_192)
FNF:193
FNH:134
FNDA:22,add_css
FNDA:64,get_each_context
FNDA:682,get_each_context_1
FNDA:156,get_each_context_2
FNDA:341,get_each_context_3
FNDA:87,get_each_context_4
FNDA:22,create_if_block_12
FNDA:22,create
FNDA:22,mount
FNDA:218,update
FNDA:22,destroy
FNDA:0,create_if_block_11
FNDA:0,create
FNDA:0,mount
FNDA:0,update
FNDA:0,destroy
FNDA:22,create_if_block_10
FNDA:22,create
FNDA:22,mount
FNDA:45,update
FNDA:22,destroy
FNDA:20,create_if_block_9
FNDA:20,create
FNDA:20,mount
FNDA:20,update
FNDA:20,destroy
FNDA:15,create_if_block_8
FNDA:15,create
FNDA:1,(anonymous_28)
FNDA:15,mount
FNDA:16,update
FNDA:15,destroy
FNDA:45,create_each_block_4
FNDA:45,create
FNDA:45,mount
FNDA:42,update
FNDA:45,destroy
FNDA:12,create_if_block_7
FNDA:12,create
FNDA:12,mount
FNDA:12,update
FNDA:12,destroy
FNDA:9,create_if_block_6
FNDA:9,create
FNDA:9,mount
FNDA:9,update
FNDA:9,destroy
FNDA:6,create_if_block_5
FNDA:156,(anonymous_48)
FNDA:6,create
FNDA:0,(anonymous_50)
FNDA:0,(anonymous_51)
FNDA:0,(anonymous_52)
FNDA:6,mount
FNDA:5,update
FNDA:6,destroy
FNDA:186,create_each_block_3
FNDA:186,create
FNDA:186,mount
FNDA:155,update
FNDA:186,destroy
FNDA:78,create_each_block_2
FNDA:78,create
FNDA:78,mount
FNDA:0,update
FNDA:78,destroy
FNDA:372,create_each_block_1
FNDA:372,create
FNDA:372,mount
FNDA:372,destroy
FNDA:0,create_if_block_4
FNDA:0,create
FNDA:0,mount
FNDA:0,update
FNDA:0,destroy
FNDA:5,create_if_block_3
FNDA:5,create
FNDA:5,mount
FNDA:4,update
FNDA:5,destroy
FNDA:17,create_if_block_2
FNDA:17,create
FNDA:17,mount
FNDA:16,update
FNDA:17,destroy
FNDA:34,create_each_block
FNDA:15,click_handler
FNDA:34,create
FNDA:34,mount
FNDA:30,update
FNDA:34,destroy
FNDA:3,create_if_block_1
FNDA:3,create
FNDA:3,mount
FNDA:3,update
FNDA:3,destroy
FNDA:1,create_if_block
FNDA:1,create
FNDA:1,mount
FNDA:0,update
FNDA:1,destroy
FNDA:22,create_fragment
FNDA:22,notifier_display_binding
FNDA:22,notifier_message_binding
FNDA:22,notifier_type_binding
FNDA:22,(anonymous_105)
FNDA:22,(anonymous_106)
FNDA:22,(anonymous_107)
FNDA:22,create
FNDA:0,claim
FNDA:22,mount
FNDA:218,update
FNDA:13,(anonymous_112)
FNDA:13,(anonymous_113)
FNDA:13,(anonymous_114)
FNDA:0,intro
FNDA:0,outro
FNDA:22,destroy
FNDA:22,instance
FNDA:5,(anonymous_119)
FNDA:27,(anonymous_120)
FNDA:22,(anonymous_121)
FNDA:0,(anonymous_122)
FNDA:10,(anonymous_123)
FNDA:1,(anonymous_124)
FNDA:1,(anonymous_125)
FNDA:13,(anonymous_126)
FNDA:0,(anonymous_127)
FNDA:0,(anonymous_128)
FNDA:0,(anonymous_129)
FNDA:0,(anonymous_130)
FNDA:0,(anonymous_131)
FNDA:0,(anonymous_132)
FNDA:0,(anonymous_133)
FNDA:0,(anonymous_134)
FNDA:0,(anonymous_135)
FNDA:0,(anonymous_136)
FNDA:0,(anonymous_137)
FNDA:0,(anonymous_138)
FNDA:0,(anonymous_139)
FNDA:22,(anonymous_140)
FNDA:19,(anonymous_141)
FNDA:0,phoneOnlyNumber
FNDA:14,(anonymous_143)
FNDA:11,(anonymous_144)
FNDA:8,(anonymous_145)
FNDA:5,(anonymous_146)
FNDA:5,(anonymous_147)
FNDA:0,(anonymous_148)
FNDA:4,(anonymous_149)
FNDA:16,(anonymous_150)
FNDA:2,(anonymous_151)
FNDA:22,(anonymous_152)
FNDA:176,(anonymous_153)
FNDA:21,input_input_handler
FNDA:18,input_input_handler_1
FNDA:1,select_change_handler
FNDA:13,input_input_handler_2
FNDA:0,(anonymous_158)
FNDA:10,input_input_handler_3
FNDA:7,input_input_handler_4
FNDA:0,select0_change_handler
FNDA:0,select1_change_handler
FNDA:5,select2_change_handler
FNDA:0,input_input_handler_5
FNDA:3,input_input_handler_6
FNDA:15,(anonymous_166)
FNDA:1,input_change_handler
FNDA:22,notifier_display_binding
FNDA:22,notifier_message_binding
FNDA:22,notifier_type_binding
FNDA:0,(anonymous_171)
FNDA:0,(anonymous_172)
FNDA:0,(anonymous_173)
FNDA:22,(anonymous_174)
FNDA:0,(anonymous_175)
FNDA:0,(anonymous_176)
FNDA:0,(anonymous_177)
FNDA:0,(anonymous_178)
FNDA:0,(anonymous_179)
FNDA:0,(anonymous_180)
FNDA:0,(anonymous_181)
FNDA:0,(anonymous_182)
FNDA:0,(anonymous_183)
FNDA:0,(anonymous_184)
FNDA:0,(anonymous_185)
FNDA:0,(anonymous_186)
FNDA:0,(anonymous_187)
FNDA:0,(anonymous_188)
FNDA:0,(anonymous_189)
FNDA:0,(anonymous_190)
FNDA:0,(anonymous_191)
FNDA:0,(anonymous_192)
DA:4,1
DA:5,1
DA:6,1
DA:7,1
DA:8,1
DA:9,1
DA:10,1
DA:11,1
DA:14,22
DA:18,64
DA:19,64
DA:20,64
DA:24,682
DA:25,682
DA:26,682
DA:30,156
DA:31,156
DA:32,156
DA:33,156
DA:37,341
DA:38,341
DA:39,341
DA:43,87
DA:44,87
DA:45,87
DA:56,22
DA:58,22
DA:59,22
DA:60,22
DA:61,22
DA:62,22
DA:63,22
DA:64,22
DA:65,22
DA:66,22
DA:67,22
DA:68,22
DA:69,22
DA:72,22
DA:73,22
DA:74,22
DA:75,22
DA:78,218
DA:79,15
DA:83,22
DA:87,22
DA:95,22
DA:106,0
DA:108,0
DA:109,0
DA:110,0
DA:111,0
DA:112,0
DA:113,0
DA:114,0
DA:115,0
DA:116,0
DA:117,0
DA:118,0
DA:119,0
DA:122,0
DA:123,0
DA:124,0
DA:125,0
DA:128,0
DA:129,0
DA:133,0
DA:137,0
DA:145,0
DA:170,22
DA:172,22
DA:173,22
DA:174,22
DA:175,22
DA:176,22
DA:177,22
DA:178,22
DA:179,22
DA:180,22
DA:181,22
DA:182,22
DA:183,22
DA:184,22
DA:185,22
DA:186,22
DA:187,22
DA:188,22
DA:189,22
DA:190,22
DA:191,22
DA:192,22
DA:193,22
DA:194,22
DA:195,22
DA:196,22
DA:197,22
DA:198,22
DA:199,22
DA:200,22
DA:201,22
DA:202,22
DA:203,22
DA:204,22
DA:205,22
DA:206,22
DA:207,22
DA:208,22
DA:209,22
DA:210,22
DA:211,22
DA:212,22
DA:213,22
DA:214,22
DA:217,22
DA:218,22
DA:219,22
DA:220,22
DA:221,22
DA:222,22
DA:223,22
DA:224,22
DA:225,22
DA:226,22
DA:227,22
DA:228,22
DA:229,22
DA:230,22
DA:231,22
DA:232,22
DA:233,22
DA:235,22
DA:236,22
DA:243,22
DA:247,45
DA:248,2
DA:251,45
DA:252,1
DA:256,22
DA:257,22
DA:258,22
DA:262,22
DA:270,22
DA:291,20
DA:293,20
DA:294,20
DA:295,20
DA:296,20
DA:297,20
DA:298,20
DA:299,20
DA:300,20
DA:301,20
DA:302,20
DA:303,20
DA:304,20
DA:305,20
DA:306,20
DA:307,20
DA:308,20
DA:309,20
DA:310,20
DA:311,20
DA:312,20
DA:313,20
DA:314,20
DA:315,20
DA:316,20
DA:317,20
DA:318,20
DA:319,20
DA:320,20
DA:321,20
DA:322,20
DA:323,20
DA:324,20
DA:327,20
DA:328,20
DA:329,20
DA:330,20
DA:331,20
DA:332,20
DA:333,20
DA:334,20
DA:335,20
DA:336,20
DA:337,20
DA:338,20
DA:339,20
DA:341,20
DA:342,20
DA:348,20
DA:352,20
DA:353,0
DA:356,20
DA:357,1
DA:361,20
DA:362,20
DA:363,20
DA:367,20
DA:375,20
DA:398,15
DA:399,15
DA:400,15
DA:402,15
DA:403,45
DA:406,15
DA:408,15
DA:409,15
DA:410,15
DA:411,15
DA:412,15
DA:413,15
DA:414,15
DA:415,15
DA:417,15
DA:418,45
DA:421,15
DA:422,15
DA:423,15
DA:424,15
DA:425,15
DA:426,15
DA:427,15
DA:428,15
DA:429,15
DA:430,15
DA:431,15
DA:432,15
DA:433,15
DA:434,15
DA:435,15
DA:436,15
DA:437,15
DA:438,15
DA:439,15
DA:440,15
DA:441,15
DA:442,15
DA:443,15
DA:444,15
DA:445,15
DA:446,15
DA:447,15
DA:448,15
DA:449,15
DA:450,15
DA:451,15
DA:452,15
DA:453,15
DA:454,15
DA:455,15
DA:458,15
DA:459,15
DA:460,15
DA:461,15
DA:462,15
DA:463,15
DA:464,15
DA:466,15
DA:467,45
DA:468,45
DA:472,15
DA:473,15
DA:474,15
DA:475,15
DA:476,15
DA:477,15
DA:478,15
DA:479,15
DA:480,15
DA:481,15
DA:483,15
DA:484,15
DA:492,15
DA:496,16
DA:497,14
DA:498,14
DA:501,14
DA:502,42
DA:504,42
DA:505,42
DA:507,0
DA:508,0
DA:509,0
DA:513,14
DA:514,0
DA:517,14
DA:520,16
DA:521,14
DA:524,16
DA:525,1
DA:528,16
DA:529,1
DA:533,15
DA:534,15
DA:535,15
DA:536,15
DA:540,15
DA:548,15
DA:555,45
DA:559,45
DA:561,45
DA:562,45
DA:563,45
DA:564,45
DA:565,45
DA:566,45
DA:569,45
DA:570,45
DA:571,45
DA:574,42
DA:576,42
DA:577,0
DA:578,0
DA:582,45
DA:586,45
DA:594,45
DA:619,12
DA:621,12
DA:622,12
DA:623,12
DA:624,12
DA:625,12
DA:626,12
DA:627,12
DA:628,12
DA:629,12
DA:630,12
DA:631,12
DA:632,12
DA:633,12
DA:634,12
DA:635,12
DA:636,12
DA:637,12
DA:638,12
DA:639,12
DA:640,12
DA:641,12
DA:642,12
DA:643,12
DA:644,12
DA:645,12
DA:646,12
DA:647,12
DA:648,12
DA:649,12
DA:650,12
DA:651,12
DA:652,12
DA:653,12
DA:654,12
DA:655,12
DA:656,12
DA:657,12
DA:658,12
DA:659,12
DA:660,12
DA:661,12
DA:662,12
DA:663,12
DA:666,12
DA:667,12
DA:668,12
DA:669,12
DA:670,12
DA:671,12
DA:672,12
DA:673,12
DA:674,12
DA:675,12
DA:676,12
DA:677,12
DA:678,12
DA:679,12
DA:680,12
DA:681,12
DA:682,12
DA:684,12
DA:685,12
DA:693,12
DA:697,12
DA:698,9
DA:701,12
DA:702,1
DA:706,12
DA:707,12
DA:708,12
DA:712,12
DA:720,12
DA:745,9
DA:747,9
DA:748,9
DA:749,9
DA:750,9
DA:751,9
DA:752,9
DA:753,9
DA:754,9
DA:755,9
DA:756,9
DA:757,9
DA:758,9
DA:759,9
DA:760,9
DA:761,9
DA:762,9
DA:763,9
DA:764,9
DA:765,9
DA:766,9
DA:767,9
DA:768,9
DA:769,9
DA:770,9
DA:771,9
DA:772,9
DA:773,9
DA:774,9
DA:775,9
DA:776,9
DA:777,9
DA:778,9
DA:779,9
DA:780,9
DA:781,9
DA:782,9
DA:783,9
DA:784,9
DA:785,9
DA:786,9
DA:787,9
DA:788,9
DA:789,9
DA:792,9
DA:793,9
DA:794,9
DA:795,9
DA:796,9
DA:797,9
DA:798,9
DA:799,9
DA:800,9
DA:801,9
DA:802,9
DA:803,9
DA:804,9
DA:805,9
DA:806,9
DA:807,9
DA:808,9
DA:810,9
DA:811,9
DA:818,9
DA:822,9
DA:823,0
DA:826,9
DA:827,1
DA:831,9
DA:832,9
DA:833,9
DA:837,9
DA:845,9
DA:858,6
DA:859,6
DA:869,6
DA:870,6
DA:871,6
DA:873,6
DA:874,186
DA:877,6
DA:878,6
DA:879,156
DA:880,6
DA:882,6
DA:883,78
DA:884,78
DA:885,78
DA:888,6
DA:889,6
DA:890,6
DA:892,6
DA:893,372
DA:896,6
DA:898,6
DA:899,6
DA:900,6
DA:901,6
DA:902,6
DA:903,6
DA:904,6
DA:906,6
DA:907,186
DA:910,6
DA:911,6
DA:913,6
DA:914,78
DA:917,6
DA:918,6
DA:920,6
DA:921,372
DA:924,6
DA:925,6
DA:926,6
DA:927,6
DA:928,6
DA:929,6
DA:930,6
DA:931,6
DA:932,6
DA:933,6
DA:934,6
DA:935,6
DA:936,6
DA:937,6
DA:938,6
DA:939,6
DA:940,6
DA:941,6
DA:942,6
DA:943,6
DA:944,6
DA:945,6
DA:946,6
DA:947,6
DA:948,6
DA:949,6
DA:952,6
DA:953,6
DA:954,6
DA:955,6
DA:956,6
DA:957,6
DA:959,6
DA:960,186
DA:961,186
DA:965,6
DA:966,6
DA:967,6
DA:969,6
DA:970,78
DA:971,78
DA:975,6
DA:976,6
DA:977,6
DA:979,6
DA:980,372
DA:981,372
DA:985,6
DA:986,6
DA:987,6
DA:988,6
DA:989,6
DA:991,6
DA:992,6
DA:1003,6
DA:1007,5
DA:1008,5
DA:1009,5
DA:1012,5
DA:1013,155
DA:1015,155
DA:1016,155
DA:1018,0
DA:1019,0
DA:1020,0
DA:1024,5
DA:1025,0
DA:1028,5
DA:1031,5
DA:1032,5
DA:1035,5
DA:1036,0
DA:1037,0
DA:1038,0
DA:1039,0
DA:1042,5
DA:1043,0
DA:1046,5
DA:1047,5
DA:1048,5
DA:1051,5
DA:1052,310
DA:1054,310
DA:1055,310
DA:1057,0
DA:1058,0
DA:1059,0
DA:1063,5
DA:1064,0
DA:1067,5
DA:1070,5
DA:1071,5
DA:1074,5
DA:1075,5
DA:1079,6
DA:1080,6
DA:1082,6
DA:1083,78
DA:1086,6
DA:1087,6
DA:1088,6
DA:1092,6
DA:1100,6
DA:1106,186
DA:1110,186
DA:1112,186
DA:1113,186
DA:1114,186
DA:1115,186
DA:1116,186
DA:1117,186
DA:1120,186
DA:1121,186
DA:1124,155
DA:1126,155
DA:1127,0
DA:1128,0
DA:1132,186
DA:1136,186
DA:1144,186
DA:1150,78
DA:1155,78
DA:1159,78
DA:1160,78
DA:1161,78
DA:1162,78
DA:1163,78
DA:1164,78
DA:1165,78
DA:1168,78
DA:1169,78
DA:1172,0
DA:1175,78
DA:1179,78
DA:1187,78
DA:1193,372
DA:1197,372
DA:1199,372
DA:1200,372
DA:1201,372
DA:1202,372
DA:1203,372
DA:1204,372
DA:1207,372
DA:1208,372
DA:1212,372
DA:1216,372
DA:1224,372
DA:1245,0
DA:1247,0
DA:1248,0
DA:1249,0
DA:1250,0
DA:1251,0
DA:1252,0
DA:1253,0
DA:1254,0
DA:1255,0
DA:1256,0
DA:1257,0
DA:1258,0
DA:1259,0
DA:1260,0
DA:1261,0
DA:1262,0
DA:1263,0
DA:1264,0
DA:1265,0
DA:1266,0
DA:1267,0
DA:1268,0
DA:1269,0
DA:1270,0
DA:1271,0
DA:1272,0
DA:1273,0
DA:1274,0
DA:1275,0
DA:1276,0
DA:1277,0
DA:1278,0
DA:1281,0
DA:1282,0
DA:1283,0
DA:1284,0
DA:1285,0
DA:1286,0
DA:1287,0
DA:1288,0
DA:1289,0
DA:1290,0
DA:1291,0
DA:1292,0
DA:1293,0
DA:1295,0
DA:1296,0
DA:1302,0
DA:1306,0
DA:1307,0
DA:1310,0
DA:1311,0
DA:1315,0
DA:1316,0
DA:1317,0
DA:1321,0
DA:1329,0
DA:1350,5
DA:1352,5
DA:1353,5
DA:1354,5
DA:1355,5
DA:1356,5
DA:1357,5
DA:1358,5
DA:1359,5
DA:1360,5
DA:1361,5
DA:1362,5
DA:1363,5
DA:1364,5
DA:1365,5
DA:1366,5
DA:1367,5
DA:1368,5
DA:1369,5
DA:1370,5
DA:1371,5
DA:1372,5
DA:1373,5
DA:1374,5
DA:1375,5
DA:1376,5
DA:1377,5
DA:1378,5
DA:1379,5
DA:1380,5
DA:1381,5
DA:1382,5
DA:1383,5
DA:1384,5
DA:1387,5
DA:1388,5
DA:1389,5
DA:1390,5
DA:1391,5
DA:1392,5
DA:1393,5
DA:1394,5
DA:1395,5
DA:1396,5
DA:1397,5
DA:1398,5
DA:1399,5
DA:1401,5
DA:1402,5
DA:1408,5
DA:1412,4
DA:1413,0
DA:1416,4
DA:1417,1
DA:1421,5
DA:1422,5
DA:1423,5
DA:1427,5
DA:1435,5
DA:1455,17
DA:1456,17
DA:1457,17
DA:1459,17
DA:1460,34
DA:1463,17
DA:1465,17
DA:1466,17
DA:1467,17
DA:1468,17
DA:1469,17
DA:1470,17
DA:1471,17
DA:1472,17
DA:1473,17
DA:1474,17
DA:1476,17
DA:1477,34
DA:1480,17
DA:1481,17
DA:1482,17
DA:1483,17
DA:1484,17
DA:1485,17
DA:1486,17
DA:1487,17
DA:1488,17
DA:1489,17
DA:1490,17
DA:1491,17
DA:1492,17
DA:1493,17
DA:1494,17
DA:1495,17
DA:1496,17
DA:1497,17
DA:1498,17
DA:1501,17
DA:1502,17
DA:1503,17
DA:1504,17
DA:1505,17
DA:1506,17
DA:1507,17
DA:1508,17
DA:1510,17
DA:1511,34
DA:1512,34
DA:1516,17
DA:1517,17
DA:1518,17
DA:1519,17
DA:1521,17
DA:1522,17
DA:1527,17
DA:1531,16
DA:1532,15
DA:1533,15
DA:1536,15
DA:1537,30
DA:1539,30
DA:1540,30
DA:1542,0
DA:1543,0
DA:1544,0
DA:1548,15
DA:1549,0
DA:1552,15
DA:1555,16
DA:1556,15
DA:1560,17
DA:1561,17
DA:1562,17
DA:1563,17
DA:1567,17
DA:1575,17
DA:1581,34
DA:1588,15
DA:1591,34
DA:1593,34
DA:1594,34
DA:1596,34
DA:1600,34
DA:1603,34
DA:1604,34
DA:1606,34
DA:1607,34
DA:1608,34
DA:1612,30
DA:1613,30
DA:1615,30
DA:1618,15
DA:1622,34
DA:1623,34
DA:1624,34
DA:1628,34
DA:1636,34
DA:1657,3
DA:1659,3
DA:1660,3
DA:1661,3
DA:1662,3
DA:1663,3
DA:1664,3
DA:1665,3
DA:1666,3
DA:1667,3
DA:1668,3
DA:1669,3
DA:1670,3
DA:1671,3
DA:1672,3
DA:1673,3
DA:1674,3
DA:1675,3
DA:1676,3
DA:1677,3
DA:1678,3
DA:1679,3
DA:1680,3
DA:1681,3
DA:1682,3
DA:1683,3
DA:1684,3
DA:1685,3
DA:1686,3
DA:1687,3
DA:1688,3
DA:1689,3
DA:1692,3
DA:1693,3
DA:1694,3
DA:1695,3
DA:1696,3
DA:1697,3
DA:1698,3
DA:1699,3
DA:1700,3
DA:1701,3
DA:1702,3
DA:1703,3
DA:1704,3
DA:1706,3
DA:1707,3
DA:1713,3
DA:1717,3
DA:1718,1
DA:1721,3
DA:1722,1
DA:1726,3
DA:1727,3
DA:1728,3
DA:1732,3
DA:1740,3
DA:1753,1
DA:1761,1
DA:1763,1
DA:1764,1
DA:1765,1
DA:1766,1
DA:1767,1
DA:1768,1
DA:1769,1
DA:1770,1
DA:1771,1
DA:1772,1
DA:1773,1
DA:1774,1
DA:1775,1
DA:1776,1
DA:1777,1
DA:1778,1
DA:1779,1
DA:1780,1
DA:1781,1
DA:1782,1
DA:1783,1
DA:1784,1
DA:1785,1
DA:1786,1
DA:1787,1
DA:1788,1
DA:1789,1
DA:1790,1
DA:1791,1
DA:1792,1
DA:1795,1
DA:1796,1
DA:1797,1
DA:1798,1
DA:1799,1
DA:1800,1
DA:1801,1
DA:1802,1
DA:1803,1
DA:1804,1
DA:1805,1
DA:1806,1
DA:1808,1
DA:1809,1
DA:1810,1
DA:1814,0
DA:1817,1
DA:1818,1
DA:1819,1
DA:1823,1
DA:1831,1
DA:1926,22
DA:1927,22
DA:1928,22
DA:1929,22
DA:1930,22
DA:1931,22
DA:1932,22
DA:1933,22
DA:1934,22
DA:1935,22
DA:1936,22
DA:1937,22
DA:1938,22
DA:1941,22
DA:1945,22
DA:1949,22
DA:1952,22
DA:1954,22
DA:1955,22
DA:1958,22
DA:1959,22
DA:1962,22
DA:1963,22
DA:1966,22
DA:1967,22
DA:1968,22
DA:1969,22
DA:1971,22
DA:1973,22
DA:1974,22
DA:1975,22
DA:1976,22
DA:1977,22
DA:1978,22
DA:1979,22
DA:1980,22
DA:1981,22
DA:1982,22
DA:1983,22
DA:1984,22
DA:1985,22
DA:1986,22
DA:1987,22
DA:1988,22
DA:1989,22
DA:1990,22
DA:1991,22
DA:1992,22
DA:1993,22
DA:1994,22
DA:1995,22
DA:1996,22
DA:1997,22
DA:1998,22
DA:1999,22
DA:2000,22
DA:2001,22
DA:2002,22
DA:2003,22
DA:2004,22
DA:2005,22
DA:2006,22
DA:2007,22
DA:2008,22
DA:2009,22
DA:2010,22
DA:2011,22
DA:2012,22
DA:2013,22
DA:2014,22
DA:2015,22
DA:2016,22
DA:2017,22
DA:2018,22
DA:2019,22
DA:2020,22
DA:2021,22
DA:2022,22
DA:2023,22
DA:2024,22
DA:2025,22
DA:2026,22
DA:2027,22
DA:2028,22
DA:2029,22
DA:2030,22
DA:2031,22
DA:2032,22
DA:2033,22
DA:2034,22
DA:2035,22
DA:2036,22
DA:2037,22
DA:2038,22
DA:2039,22
DA:2040,22
DA:2041,22
DA:2042,22
DA:2043,22
DA:2044,22
DA:2045,22
DA:2046,22
DA:2047,22
DA:2048,22
DA:2049,22
DA:2050,22
DA:2051,22
DA:2052,22
DA:2053,22
DA:2054,22
DA:2055,22
DA:2056,22
DA:2057,22
DA:2058,22
DA:2059,22
DA:2060,22
DA:2061,22
DA:2062,22
DA:2063,22
DA:2064,22
DA:2065,22
DA:2066,22
DA:2067,22
DA:2068,22
DA:2069,22
DA:2070,22
DA:2071,22
DA:2072,22
DA:2073,22
DA:2074,22
DA:2075,22
DA:2076,22
DA:2077,22
DA:2078,22
DA:2079,22
DA:2080,22
DA:2081,22
DA:2082,22
DA:2083,22
DA:2084,22
DA:2085,22
DA:2086,22
DA:2087,22
DA:2088,22
DA:2089,22
DA:2090,22
DA:2091,22
DA:2092,22
DA:2093,22
DA:2094,22
DA:2095,22
DA:2096,22
DA:2097,22
DA:2098,22
DA:2099,22
DA:2100,22
DA:2101,22
DA:2102,22
DA:2103,22
DA:2104,22
DA:2105,22
DA:2106,22
DA:2107,22
DA:2108,22
DA:2109,22
DA:2110,22
DA:2111,22
DA:2112,22
DA:2113,22
DA:2114,22
DA:2115,22
DA:2116,22
DA:2117,22
DA:2118,22
DA:2119,22
DA:2120,22
DA:2121,22
DA:2122,22
DA:2123,22
DA:2124,22
DA:2125,22
DA:2126,22
DA:2127,22
DA:2128,22
DA:2129,22
DA:2130,22
DA:2131,22
DA:2132,22
DA:2133,22
DA:2134,22
DA:2135,22
DA:2136,22
DA:2137,22
DA:2138,22
DA:2140,22
DA:2144,22
DA:2145,22
DA:2146,22
DA:2147,22
DA:2148,22
DA:2149,22
DA:2150,22
DA:2151,22
DA:2152,22
DA:2153,22
DA:2154,22
DA:2155,22
DA:2156,22
DA:2157,22
DA:2158,22
DA:2159,22
DA:2160,22
DA:2161,22
DA:2162,22
DA:2163,22
DA:2166,0
DA:2169,22
DA:2170,22
DA:2171,22
DA:2172,22
DA:2173,22
DA:2174,22
DA:2175,22
DA:2176,22
DA:2177,22
DA:2178,22
DA:2179,22
DA:2180,22
DA:2181,22
DA:2182,22
DA:2183,22
DA:2184,22
DA:2185,22
DA:2186,22
DA:2187,22
DA:2188,22
DA:2189,22
DA:2190,22
DA:2191,22
DA:2192,22
DA:2193,22
DA:2194,22
DA:2195,22
DA:2196,22
DA:2197,22
DA:2198,22
DA:2199,22
DA:2200,22
DA:2201,22
DA:2202,22
DA:2203,22
DA:2204,22
DA:2205,22
DA:2206,22
DA:2207,22
DA:2208,22
DA:2209,22
DA:2210,22
DA:2211,22
DA:2212,22
DA:2213,22
DA:2214,22
DA:2215,22
DA:2216,22
DA:2217,22
DA:2218,22
DA:2219,22
DA:2220,22
DA:2221,22
DA:2222,22
DA:2223,22
DA:2224,22
DA:2225,22
DA:2226,22
DA:2227,22
DA:2228,22
DA:2229,22
DA:2230,22
DA:2231,22
DA:2232,22
DA:2233,22
DA:2234,22
DA:2235,22
DA:2236,22
DA:2237,22
DA:2238,22
DA:2239,22
DA:2240,22
DA:2241,22
DA:2242,22
DA:2243,22
DA:2244,22
DA:2245,22
DA:2246,22
DA:2247,22
DA:2248,22
DA:2249,22
DA:2250,22
DA:2251,22
DA:2252,22
DA:2253,22
DA:2254,22
DA:2255,22
DA:2256,22
DA:2257,22
DA:2259,22
DA:2260,22
DA:2261,22
DA:2265,218
DA:2266,0
DA:2269,218
DA:2270,1
DA:2273,218
DA:2274,1
DA:2277,218
DA:2278,218
DA:2279,218
DA:2281,0
DA:2282,0
DA:2283,0
DA:2285,0
DA:2286,0
DA:2287,0
DA:2290,218
DA:2291,1
DA:2294,218
DA:2295,1
DA:2298,218
DA:2299,1
DA:2302,218
DA:2303,9
DA:2306,218
DA:2307,0
DA:2308,0
DA:2310,0
DA:2311,0
DA:2312,0
DA:2314,218
DA:2315,0
DA:2316,0
DA:2319,218
DA:2320,1
DA:2323,218
DA:2324,1
DA:2327,218
DA:2330,1
DA:2333,218
DA:2334,45
DA:2335,45
DA:2337,0
DA:2338,0
DA:2339,0
DA:2341,173
DA:2342,20
DA:2343,20
DA:2346,218
DA:2347,40
DA:2348,20
DA:2350,20
DA:2351,20
DA:2352,20
DA:2354,178
DA:2355,17
DA:2356,17
DA:2359,218
DA:2360,31
DA:2361,16
DA:2363,15
DA:2364,15
DA:2365,15
DA:2367,187
DA:2368,12
DA:2369,12
DA:2372,218
DA:2373,24
DA:2374,12
DA:2376,12
DA:2377,12
DA:2378,12
DA:2380,194
DA:2381,9
DA:2382,9
DA:2385,218
DA:2386,18
DA:2387,9
DA:2389,9
DA:2390,9
DA:2391,9
DA:2393,200
DA:2394,6
DA:2395,6
DA:2398,218
DA:2399,11
DA:2400,5
DA:2402,6
DA:2403,6
DA:2404,6
DA:2406,207
DA:2407,5
DA:2408,5
DA:2411,218
DA:2412,0
DA:2413,0
DA:2415,0
DA:2416,0
DA:2417,0
DA:2419,218
DA:2420,0
DA:2421,0
DA:2424,218
DA:2425,9
DA:2426,4
DA:2428,5
DA:2429,5
DA:2430,5
DA:2432,209
DA:2433,3
DA:2434,3
DA:2437,218
DA:2438,33
DA:2439,16
DA:2441,17
DA:2442,17
DA:2443,17
DA:2445,185
DA:2446,15
DA:2447,15
DA:2450,218
DA:2451,6
DA:2452,3
DA:2454,3
DA:2455,3
DA:2456,3
DA:2458,212
DA:2459,1
DA:2460,1
DA:2463,218
DA:2464,1
DA:2465,0
DA:2467,1
DA:2468,1
DA:2469,1
DA:2471,217
DA:2472,0
DA:2473,0
DA:2476,218
DA:2478,218
DA:2479,13
DA:2480,13
DA:2481,13
DA:2484,218
DA:2485,13
DA:2486,13
DA:2487,13
DA:2490,218
DA:2491,13
DA:2492,13
DA:2493,13
DA:2496,218
DA:2499,0
DA:2500,0
DA:2501,0
DA:2504,0
DA:2505,0
DA:2508,22
DA:2509,22
DA:2510,22
DA:2511,22
DA:2512,22
DA:2513,22
DA:2514,22
DA:2515,22
DA:2516,22
DA:2517,22
DA:2518,22
DA:2519,22
DA:2520,22
DA:2521,22
DA:2522,22
DA:2523,22
DA:2524,22
DA:2525,22
DA:2529,22
DA:2537,22
DA:2541,22
DA:2542,22
DA:2544,22
DA:2545,22
DA:2546,22
DA:2547,22
DA:2548,22
DA:2549,22
DA:2550,22
DA:2551,22
DA:2552,22
DA:2553,22
DA:2556,22
DA:2558,22
DA:2560,22
DA:2566,22
DA:2567,22
DA:2568,22
DA:2569,22
DA:2570,22
DA:2571,22
DA:2572,22
DA:2573,22
DA:2574,22
DA:2575,22
DA:2576,22
DA:2578,22
DA:2579,5
DA:2580,5
DA:2581,5
DA:2582,5
DA:2585,22
DA:2586,27
DA:2587,27
DA:2589,27
DA:2590,837
DA:2593,27
DA:2594,5
DA:2595,5
DA:2600,22
DA:2601,22
DA:2602,22
DA:2603,22
DA:2605,22
DA:2607,1364
DA:2610,22
DA:2611,22
DA:2613,22
DA:2615,264
DA:2617,264
DA:2620,22
DA:2621,0
DA:2622,0
DA:2623,0
DA:2624,0
DA:2625,22
DA:2626,0
DA:2627,0
DA:2628,0
DA:2629,0
DA:2632,22
DA:2635,22
DA:2636,0
DA:2637,0
DA:2640,22
DA:2641,10
DA:2644,22
DA:2645,1
DA:2648,1
DA:2650,1
DA:2651,1
DA:2654,1
DA:2655,1
DA:2657,1
DA:2658,0
DA:2659,0
DA:2660,1
DA:2661,0
DA:2662,0
DA:2663,1
DA:2664,0
DA:2665,0
DA:2666,1
DA:2667,0
DA:2668,0
DA:2671,1
DA:2673,0
DA:2674,0
DA:2678,22
DA:2679,13
DA:2681,13
DA:2683,0
DA:2689,22
DA:2690,0
DA:2691,0
DA:2694,22
DA:2695,0
DA:2698,22
DA:2699,0
DA:2702,22
DA:2703,0
DA:2706,22
DA:2707,0
DA:2710,22
DA:2711,0
DA:2714,22
DA:2715,0
DA:2718,22
DA:2719,0
DA:2722,22
DA:2723,0
DA:2726,22
DA:2727,0
DA:2730,22
DA:2731,0
DA:2734,22
DA:2735,0
DA:2736,0
DA:2737,0
DA:2741,22
DA:2742,22
DA:2743,21
DA:2744,20
DA:2747,22
DA:2748,19
DA:2749,18
DA:2750,17
DA:2754,0
DA:2755,0
DA:2758,22
DA:2759,14
DA:2760,12
DA:2763,22
DA:2764,11
DA:2765,11
DA:2766,10
DA:2767,9
DA:2770,22
DA:2771,8
DA:2772,6
DA:2775,22
DA:2776,5
DA:2777,5
DA:2778,5
DA:2779,5
DA:2781,5
DA:2782,5
DA:2786,22
DA:2787,5
DA:2789,5
DA:2790,5
DA:2791,5
DA:2793,0
DA:2794,0
DA:2796,0
DA:2797,0
DA:2798,0
DA:2799,0
DA:2800,0
DA:2801,0
DA:2802,0
DA:2803,0
DA:2804,0
DA:2805,0
DA:2806,0
DA:2807,0
DA:2808,0
DA:2809,0
DA:2812,0
DA:2816,22
DA:2817,0
DA:2818,0
DA:2821,22
DA:2822,4
DA:2823,3
DA:2826,22
DA:2827,16
DA:2828,15
DA:2831,22
DA:2832,2
DA:2833,1
DA:2836,22
DA:2837,22
DA:2838,0
DA:2841,22
DA:2842,0
DA:2845,22
DA:2846,0
DA:2849,22
DA:2850,0
DA:2853,22
DA:2854,0
DA:2857,22
DA:2858,0
DA:2861,22
DA:2862,0
DA:2866,22
DA:2878,22
DA:2879,176
DA:2883,21
DA:2884,21
DA:2885,21
DA:2889,18
DA:2890,18
DA:2891,18
DA:2895,1
DA:2896,1
DA:2897,1
DA:2901,13
DA:2902,13
DA:2903,13
DA:2906,22
DA:2909,10
DA:2910,10
DA:2911,10
DA:2915,7
DA:2916,7
DA:2917,7
DA:2921,0
DA:2922,0
DA:2923,0
DA:2927,0
DA:2928,0
DA:2929,0
DA:2933,5
DA:2934,5
DA:2935,5
DA:2939,0
DA:2940,0
DA:2941,0
DA:2945,3
DA:2946,3
DA:2947,3
DA:2950,22
DA:2951,15
DA:2955,1
DA:2956,1
DA:2960,22
DA:2961,0
DA:2962,0
DA:2967,22
DA:2968,0
DA:2969,0
DA:2974,22
DA:2975,0
DA:2976,0
DA:2980,22
DA:2981,0
DA:2982,0
DA:2983,0
DA:2984,0
DA:2985,0
DA:2986,0
DA:2987,0
DA:2988,0
DA:2989,0
DA:2992,22
DA:3054,22
DA:3055,0
DA:3056,0
DA:3057,0
DA:3058,0
DA:3059,0
DA:3060,0
DA:3061,0
DA:3062,0
DA:3063,0
DA:3064,0
DA:3065,0
DA:3066,0
DA:3067,0
DA:3068,0
DA:3069,0
DA:3070,0
DA:3071,0
DA:3072,0
DA:3073,0
DA:3074,0
DA:3075,0
DA:3076,0
DA:3077,0
DA:3080,22
DA:3081,0
DA:3084,22
DA:3152,22
DA:3154,22
DA:3175,22
DA:3184,0
DA:3188,0
DA:3189,0
DA:3193,0
DA:3197,0
DA:3198,0
DA:3202,0
DA:3206,0
DA:3207,0
DA:3211,0
DA:3215,0
DA:3216,0
DA:3220,0
DA:3224,0
DA:3225,0
DA:3229,0
DA:3233,0
DA:3234,0
DA:3238,0
DA:3242,0
DA:3243,0
DA:3247,0
DA:3251,0
DA:3252,0
DA:3256,0
DA:3260,0
DA:3261,0
DA:3265,1
LF:1772
LH:1490
BRDA:63,0,0,0
BRDA:63,0,1,22
BRDA:78,1,0,15
BRDA:78,1,1,203
BRDA:78,2,0,218
BRDA:78,2,1,15
BRDA:78,3,0,15
BRDA:78,3,1,0
BRDA:83,4,0,0
BRDA:83,4,1,22
BRDA:113,5,0,0
BRDA:113,5,1,0
BRDA:128,6,0,0
BRDA:128,6,1,0
BRDA:128,7,0,0
BRDA:128,7,1,0
BRDA:128,8,0,0
BRDA:128,8,1,0
BRDA:133,9,0,0
BRDA:133,9,1,0
BRDA:209,10,0,20
BRDA:209,10,1,2
BRDA:235,11,0,22
BRDA:235,11,1,0
BRDA:247,12,0,2
BRDA:247,12,1,43
BRDA:247,13,0,45
BRDA:247,13,1,43
BRDA:251,14,0,1
BRDA:251,14,1,44
BRDA:251,15,0,45
BRDA:251,15,1,43
BRDA:251,16,0,41
BRDA:251,16,1,2
BRDA:256,17,0,20
BRDA:256,17,1,2
BRDA:319,18,0,17
BRDA:319,18,1,3
BRDA:341,19,0,20
BRDA:341,19,1,0
BRDA:352,20,0,0
BRDA:352,20,1,20
BRDA:352,21,0,20
BRDA:352,21,1,18
BRDA:356,22,0,1
BRDA:356,22,1,19
BRDA:356,23,0,20
BRDA:356,23,1,18
BRDA:356,24,0,18
BRDA:356,24,1,0
BRDA:361,25,0,17
[...]
FNDA:0,(anonymous_57)
FNDA:0,(anonymous_58)
FNDA:0,(anonymous_59)
DA:4,1
DA:5,1
DA:6,1
DA:7,1
DA:8,1
DA:9,1
DA:10,1
DA:13,9
DA:33,9
DA:36,9
DA:41,9
DA:44,9
DA:87,9
DA:91,9
DA:95,9
DA:98,9
DA:100,9
DA:101,0
DA:104,9
DA:105,0
DA:108,9
DA:109,0
DA:112,9
DA:113,9
DA:114,9
DA:115,9
DA:117,9
DA:119,9
DA:120,9
DA:121,9
DA:122,9
DA:123,9
DA:124,9
DA:125,9
DA:126,9
DA:127,9
DA:128,9
DA:129,9
DA:130,9
DA:131,9
DA:132,9
DA:133,9
DA:134,9
DA:135,9
DA:136,9
DA:137,9
DA:138,9
DA:139,9
DA:140,9
DA:141,9
DA:142,9
DA:143,9
DA:144,9
DA:145,9
DA:146,9
DA:147,9
DA:148,9
DA:149,9
DA:150,9
DA:151,9
DA:152,9
DA:153,9
DA:154,9
DA:155,9
DA:156,9
DA:157,9
DA:158,9
DA:159,9
DA:160,9
DA:161,9
DA:162,9
DA:163,9
DA:164,9
DA:165,9
DA:166,9
DA:167,9
DA:168,9
DA:169,9
DA:170,9
DA:171,9
DA:172,9
DA:173,9
DA:174,9
DA:175,9
DA:176,9
DA:177,9
DA:178,9
DA:179,9
DA:180,9
DA:181,9
DA:182,9
DA:183,9
DA:184,9
DA:185,9
DA:186,9
DA:187,9
DA:188,9
DA:189,9
DA:190,9
DA:191,9
DA:192,9
DA:193,9
DA:194,9
DA:195,9
DA:196,9
DA:197,9
DA:198,9
DA:199,9
DA:200,9
DA:201,9
DA:202,9
DA:203,9
DA:204,9
DA:205,9
DA:206,9
DA:207,9
DA:208,9
DA:209,9
DA:210,9
DA:211,9
DA:212,9
DA:213,9
DA:214,9
DA:215,9
DA:216,9
DA:217,9
DA:218,9
DA:219,9
DA:220,9
DA:221,9
DA:222,9
DA:223,9
DA:224,9
DA:225,9
DA:226,9
DA:227,9
DA:228,9
DA:229,9
DA:230,9
DA:231,9
DA:232,9
DA:233,9
DA:234,9
DA:235,9
DA:236,9
DA:237,9
DA:238,9
DA:239,9
DA:240,9
DA:241,9
DA:242,9
DA:243,9
DA:244,9
DA:245,9
DA:246,9
DA:247,9
DA:248,9
DA:249,9
DA:250,9
DA:251,9
DA:252,9
DA:253,9
DA:254,9
DA:255,9
DA:256,9
DA:257,9
DA:258,9
DA:259,9
DA:262,0
DA:265,9
DA:266,9
DA:267,9
DA:268,9
DA:269,9
DA:270,9
DA:271,9
DA:272,9
DA:273,9
DA:274,9
DA:275,9
DA:276,9
DA:277,9
DA:278,9
DA:279,9
DA:280,9
DA:281,9
DA:282,9
DA:283,9
DA:284,9
DA:285,9
DA:286,9
DA:287,9
DA:288,9
DA:289,9
DA:290,9
DA:291,9
DA:292,9
DA:293,9
DA:294,9
DA:295,9
DA:296,9
DA:297,9
DA:298,9
DA:299,9
DA:300,9
DA:301,9
DA:302,9
DA:303,9
DA:304,9
DA:305,9
DA:306,9
DA:307,9
DA:308,9
DA:309,9
DA:310,9
DA:311,9
DA:312,9
DA:313,9
DA:314,9
DA:315,9
DA:316,9
DA:317,9
DA:318,9
DA:319,9
DA:320,9
DA:321,9
DA:322,9
DA:323,9
DA:324,9
DA:325,9
DA:326,9
DA:327,9
DA:328,9
DA:329,9
DA:331,9
DA:332,9
DA:348,9
DA:352,39
DA:354,39
DA:355,17
DA:356,17
DA:357,17
DA:360,39
DA:361,17
DA:362,17
DA:363,17
DA:366,39
DA:367,17
DA:368,17
DA:369,17
DA:372,39
DA:374,39
DA:375,0
DA:378,39
DA:379,39
DA:380,39
DA:381,39
DA:383,39
DA:384,0
DA:387,39
DA:388,0
DA:391,39
DA:392,0
DA:395,39
DA:396,0
DA:399,39
DA:400,0
DA:404,0
DA:405,0
DA:406,0
DA:409,0
DA:410,0
DA:413,9
DA:414,9
DA:415,9
DA:416,9
DA:417,9
DA:421,9
DA:429,9
DA:433,9
DA:434,9
DA:435,9
DA:436,9
DA:437,9
DA:438,9
DA:439,9
DA:440,9
DA:441,9
DA:442,9
DA:443,9
DA:444,9
DA:445,9
DA:446,9
DA:447,9
DA:448,9
DA:450,9
DA:451,0
DA:452,0
DA:455,9
DA:456,9
DA:459,9
DA:460,2
DA:461,2
DA:462,0
DA:463,0
DA:464,0
DA:467,2
DA:469,2
DA:470,1
DA:471,1
DA:472,1
DA:477,9
DA:478,0
DA:480,0
DA:481,0
DA:482,0
DA:485,0
DA:488,9
DA:489,0
DA:490,0
DA:491,0
DA:494,9
DA:495,0
DA:496,0
DA:499,9
DA:500,0
DA:501,0
DA:502,0
DA:505,9
DA:506,0
DA:507,0
DA:510,9
DA:511,9
DA:512,9
DA:514,9
DA:515,7
DA:518,9
DA:519,6
DA:522,9
DA:523,5
DA:526,9
DA:527,4
DA:530,9
DA:531,9
DA:533,9
DA:534,7
DA:536,2
DA:540,9
DA:541,9
DA:542,0
DA:545,9
DA:546,0
DA:549,9
DA:550,0
DA:553,9
DA:554,0
DA:557,9
DA:558,0
DA:561,9
DA:562,0
DA:565,9
DA:566,0
DA:570,9
DA:580,9
DA:581,63
DA:585,9
DA:586,9
DA:587,9
DA:592,9
DA:593,9
DA:594,9
DA:599,9
DA:600,9
DA:601,9
DA:606,8
DA:607,8
DA:610,9
DA:613,5
DA:614,5
DA:618,4
DA:619,4
DA:622,9
DA:625,3
DA:626,3
DA:630,2
DA:631,2
DA:634,9
DA:637,0
DA:638,0
DA:641,9
DA:642,0
DA:643,0
DA:644,0
DA:645,0
DA:646,0
DA:647,0
DA:648,0
DA:651,9
DA:680,9
DA:681,0
DA:682,0
DA:683,0
DA:684,0
DA:685,0
DA:686,0
DA:687,0
DA:688,0
DA:689,0
DA:690,0
DA:691,0
DA:692,0
DA:693,0
DA:694,0
DA:697,9
DA:698,0
DA:701,9
DA:740,9
DA:742,9
DA:761,9
DA:770,0
DA:774,0
DA:775,0
DA:779,0
DA:783,0
DA:784,0
DA:788,0
DA:792,0
DA:793,0
DA:797,0
DA:801,0
DA:802,0
DA:806,0
DA:810,0
DA:811,0
DA:815,0
DA:819,0
DA:820,0
DA:824,0
DA:828,0
DA:829,0
DA:833,1
LF:441
LH:354
BRDA:100,0,0,0
BRDA:100,0,1,9
BRDA:104,1,0,0
BRDA:104,1,1,9
BRDA:108,2,0,0
BRDA:108,2,1,9
BRDA:331,3,0,9
BRDA:331,3,1,0
BRDA:354,4,0,17
BRDA:354,4,1,22
BRDA:354,5,0,39
BRDA:354,5,1,39
BRDA:360,6,0,17
BRDA:360,6,1,22
BRDA:360,7,0,39
BRDA:360,7,1,39
BRDA:366,8,0,17
BRDA:366,8,1,22
BRDA:366,9,0,39
BRDA:366,9,1,39
BRDA:374,10,0,0
BRDA:374,10,1,39
BRDA:374,11,0,39
BRDA:374,11,1,8
BRDA:378,12,0,0
BRDA:378,12,1,39
BRDA:378,13,0,39
BRDA:378,13,1,39
BRDA:378,13,2,0
BRDA:379,14,0,0
BRDA:379,14,1,39
BRDA:379,15,0,39
BRDA:379,15,1,39
BRDA:379,15,2,0
BRDA:380,16,0,0
BRDA:380,16,1,39
BRDA:380,17,0,39
BRDA:380,17,1,39
BRDA:380,17,2,0
BRDA:381,18,0,0
BRDA:381,18,1,39
BRDA:381,19,0,39
BRDA:381,19,1,39
BRDA:381,19,2,0
BRDA:383,20,0,0
BRDA:383,20,1,39
BRDA:383,21,0,39
BRDA:383,21,1,5
BRDA:387,22,0,0
BRDA:387,22,1,39
BRDA:387,23,0,39
BRDA:387,23,1,4
BRDA:391,24,0,0
BRDA:391,24,1,39
BRDA:391,25,0,39
BRDA:391,25,1,3
BRDA:395,26,0,0
BRDA:395,26,1,39
BRDA:395,27,0,39
BRDA:395,27,1,2
BRDA:399,28,0,0
BRDA:399,28,1,39
BRDA:399,29,0,39
BRDA:399,29,1,0
BRDA:404,30,0,0
BRDA:404,30,1,0
BRDA:414,31,0,9
BRDA:414,31,1,0
BRDA:415,32,0,9
BRDA:415,32,1,0
BRDA:433,33,0,9
BRDA:469,34,0,1
BRDA:469,34,1,1
BRDA:469,35,0,2
BRDA:469,35,1,2
BRDA:480,36,0,0
BRDA:480,36,1,0
BRDA:480,37,0,0
BRDA:480,37,1,0
BRDA:485,38,0,0
BRDA:485,38,1,0
BRDA:485,39,0,0
BRDA:485,39,1,0
BRDA:485,40,0,0
BRDA:485,40,1,0
BRDA:485,41,0,0
BRDA:485,41,1,0
BRDA:490,42,0,0
BRDA:490,42,1,0
BRDA:491,43,0,0
BRDA:491,43,1,0
BRDA:496,44,0,0
BRDA:496,44,1,0
BRDA:496,45,0,0
BRDA:496,45,1,0
BRDA:496,46,0,0
BRDA:496,46,1,0
BRDA:496,47,0,0
BRDA:496,47,1,0
BRDA:501,48,0,0
BRDA:501,48,1,0
BRDA:502,49,0,0
BRDA:502,49,1,0
BRDA:507,50,0,0
BRDA:507,50,1,0
BRDA:507,51,0,0
BRDA:507,51,1,0
BRDA:507,52,0,0
BRDA:507,52,1,0
BRDA:507,53,0,0
BRDA:507,53,1,0
BRDA:514,54,0,7
BRDA:514,54,1,2
BRDA:518,55,0,6
BRDA:518,55,1,3
BRDA:522,56,0,5
BRDA:522,56,1,4
BRDA:526,57,0,4
BRDA:526,57,1,5
BRDA:530,58,0,3
BRDA:530,58,1,6
BRDA:530,59,0,9
BRDA:530,59,1,7
BRDA:531,60,0,1
BRDA:531,60,1,8
BRDA:531,61,0,9
BRDA:531,61,1,8
BRDA:533,62,0,7
BRDA:533,62,1,2
BRDA:541,63,0,0
BRDA:541,63,1,9
BRDA:541,64,0,9
BRDA:541,64,1,0
BRDA:541,65,0,0
BRDA:541,65,1,0
BRDA:545,66,0,0
BRDA:545,66,1,9
BRDA:545,67,0,9
BRDA:545,67,1,0
BRDA:545,68,0,0
BRDA:545,68,1,0
BRDA:549,69,0,0
BRDA:549,69,1,9
BRDA:549,70,0,9
BRDA:549,70,1,0
BRDA:549,71,0,0
BRDA:549,71,1,0
BRDA:553,72,0,0
BRDA:553,72,1,9
BRDA:553,73,0,9
BRDA:553,73,1,0
BRDA:553,74,0,0
BRDA:553,74,1,0
BRDA:557,75,0,0
BRDA:557,75,1,9
BRDA:557,76,0,9
BRDA:557,76,1,0
BRDA:557,77,0,0
BRDA:557,77,1,0
BRDA:561,78,0,0
BRDA:561,78,1,9
BRDA:561,79,0,9
BRDA:561,79,1,0
BRDA:561,80,0,0
BRDA:561,80,1,0
BRDA:565,81,0,0
BRDA:565,81,1,9
BRDA:565,82,0,9
BRDA:565,82,1,0
BRDA:565,83,0,0
BRDA:565,83,1,0
BRDA:581,84,0,1
BRDA:581,84,1,62
BRDA:581,85,0,63
BRDA:581,85,1,1
BRDA:581,85,2,1
BRDA:585,86,0,9
BRDA:585,86,1,0
BRDA:592,87,0,9
BRDA:592,87,1,0
BRDA:599,88,0,9
BRDA:599,88,1,0
BRDA:642,89,0,0
BRDA:642,89,1,0
BRDA:643,90,0,0
BRDA:643,90,1,0
BRDA:644,91,0,0
BRDA:644,91,1,0
BRDA:645,92,0,0
BRDA:645,92,1,0
BRDA:646,93,0,0
BRDA:646,93,1,0
BRDA:647,94,0,0
BRDA:647,94,1,0
BRDA:648,95,0,0
BRDA:648,95,1,0
BRDA:681,96,0,0
BRDA:681,96,1,0
BRDA:682,97,0,0
BRDA:682,97,1,0
BRDA:683,98,0,0
BRDA:683,98,1,0
BRDA:684,99,0,0
BRDA:684,99,1,0
BRDA:685,100,0,0
BRDA:685,100,1,0
BRDA:686,101,0,0
BRDA:686,101,1,0
BRDA:687,102,0,0
BRDA:687,102,1,0
BRDA:688,103,0,0
BRDA:688,103,1,0
BRDA:689,104,0,0
BRDA:689,104,1,0
BRDA:690,105,0,0
BRDA:690,105,1,0
BRDA:691,106,0,0
BRDA:691,106,1,0
BRDA:692,107,0,0
BRDA:692,107,1,0
BRDA:693,108,0,0
BRDA:693,108,1,0
BRDA:694,109,0,0
BRDA:694,109,1,0
BRDA:697,110,0,0
BRDA:697,110,1,9
BRDA:697,111,0,9
BRDA:697,111,1,9
BRF:228
BRH:95
end_of_record
TN:
SF:src\Withdrawalx.svelte
FN:13,add_css
FN:18,create_else_block
FN:35,create
FN:70,mount
FN:95,update
FN:100,destroy
FN:119,create_if_block
FN:175,create
FN:270,mount
FN:322,update
FN:330,destroy
FN:348,create_fragment
FN:361,notifier_display_binding
FN:365,notifier_message_binding
FN:369,notifier_type_binding
FN:388,(anonymous_15)
FN:389,(anonymous_16)
FN:390,(anonymous_17)
FN:392,select_block_type
FN:401,create
FN:414,claim
FN:417,mount
FN:431,update
FN:437,(anonymous_23)
FN:443,(anonymous_24)
FN:449,(anonymous_25)
FN:466,intro
FN:471,outro
FN:475,destroy
FN:496,instance
FN:509,(anonymous_30)
FN:513,(anonymous_31)
FN:517,(anonymous_32)
FN:523,(anonymous_33)
FN:529,(anonymous_34)
FN:553,(anonymous_35)
FN:564,(anonymous_36)
FN:573,(anonymous_37)
FN:584,(anonymous_38)
FN:624,(anonymous_39)
FN:628,notifier_display_binding
FN:635,notifier_message_binding
FN:642,notifier_type_binding
FN:649,input_input_handler
FN:654,(anonymous_44)
FN:656,(anonymous_45)
FN:666,(anonymous_46)
FN:690,(anonymous_47)
FN:729,(anonymous_48)
FN:758,(anonymous_49)
FN:762,(anonymous_50)
FN:767,(anonymous_51)
FN:771,(anonymous_52)
FN:776,(anonymous_53)
FN:780,(anonymous_54)
FN:785,(anonymous_55)
FN:789,(anonymous_56)
FN:794,(anonymous_57)
FN:798,(anonymous_58)
FN:803,(anonymous_59)
FN:807,(anonymous_60)
FN:812,(anonymous_61)
FN:816,(anonymous_62)
FNF:63
FNH:31
FNDA:9,add_css
FNDA:9,create_else_block
FNDA:9,create
FNDA:9,mount
FNDA:24,update
FNDA:9,destroy
FNDA:0,create_if_block
FNDA:0,create
FNDA:0,mount
FNDA:0,update
FNDA:0,destroy
FNDA:9,create_fragment
FNDA:9,notifier_display_binding
FNDA:9,notifier_message_binding
FNDA:9,notifier_type_binding
FNDA:9,(anonymous_15)
FNDA:9,(anonymous_16)
FNDA:9,(anonymous_17)
FNDA:33,select_block_type
FNDA:9,create
FNDA:0,claim
FNDA:9,mount
FNDA:24,update
FNDA:18,(anonymous_23)
FNDA:18,(anonymous_24)
FNDA:18,(anonymous_25)
FNDA:0,intro
FNDA:0,outro
FNDA:9,destroy
FNDA:9,instance
FNDA:9,(anonymous_30)
FNDA:0,(anonymous_31)
FNDA:0,(anonymous_32)
FNDA:0,(anonymous_33)
FNDA:0,(anonymous_34)
FNDA:0,(anonymous_35)
FNDA:0,(anonymous_36)
FNDA:9,(anonymous_37)
FNDA:9,(anonymous_38)
FNDA:63,(anonymous_39)
FNDA:9,notifier_display_binding
FNDA:9,notifier_message_binding
FNDA:9,notifier_type_binding
FNDA:6,input_input_handler
FNDA:0,(anonymous_44)
FNDA:0,(anonymous_45)
FNDA:0,(anonymous_46)
FNDA:0,(anonymous_47)
FNDA:9,(anonymous_48)
FNDA:0,(anonymous_49)
FNDA:0,(anonymous_50)
FNDA:0,(anonymous_51)
FNDA:0,(anonymous_52)
FNDA:0,(anonymous_53)
FNDA:0,(anonymous_54)
FNDA:0,(anonymous_55)
FNDA:0,(anonymous_56)
FNDA:0,(anonymous_57)
FNDA:0,(anonymous_58)
FNDA:0,(anonymous_59)
FNDA:0,(anonymous_60)
FNDA:0,(anonymous_61)
FNDA:0,(anonymous_62)
DA:4,3
DA:5,3
DA:6,3
DA:7,3
DA:8,3
DA:9,3
DA:10,3
DA:11,3
DA:14,9
DA:34,9
DA:36,9
DA:37,9
DA:38,9
DA:39,9
DA:40,9
DA:41,9
DA:42,9
DA:43,9
DA:44,9
DA:45,9
DA:46,9
DA:47,9
DA:48,9
DA:49,9
DA:50,9
DA:51,9
DA:52,9
DA:53,9
DA:54,9
DA:55,9
DA:56,9
DA:57,9
DA:58,9
DA:59,9
DA:60,9
DA:61,9
DA:62,9
DA:63,9
DA:64,9
DA:65,9
DA:66,9
DA:67,9
DA:68,9
DA:71,9
DA:72,9
DA:73,9
DA:74,9
DA:75,9
DA:76,9
DA:77,9
DA:78,9
DA:79,9
DA:80,9
DA:81,9
DA:82,9
DA:83,9
DA:85,9
DA:86,9
DA:92,9
DA:96,24
DA:97,0
DA:101,9
DA:102,9
DA:103,9
DA:107,9
DA:115,9
DA:128,0
DA:134,0
DA:140,0
DA:146,0
DA:154,0
DA:165,0
DA:174,0
DA:176,0
DA:177,0
DA:178,0
DA:179,0
DA:180,0
DA:181,0
DA:182,0
DA:183,0
DA:184,0
DA:185,0
DA:186,0
DA:187,0
DA:188,0
DA:189,0
DA:190,0
DA:191,0
DA:192,0
DA:193,0
DA:194,0
DA:195,0
DA:196,0
DA:197,0
DA:198,0
DA:199,0
DA:200,0
DA:201,0
DA:202,0
DA:203,0
DA:204,0
DA:205,0
DA:206,0
DA:207,0
DA:208,0
DA:209,0
DA:210,0
DA:211,0
DA:212,0
DA:213,0
DA:214,0
DA:215,0
DA:216,0
DA:217,0
DA:218,0
DA:219,0
DA:220,0
DA:221,0
DA:222,0
DA:223,0
DA:224,0
DA:225,0
DA:226,0
DA:227,0
DA:228,0
DA:229,0
DA:230,0
DA:231,0
DA:232,0
DA:233,0
DA:234,0
DA:235,0
DA:236,0
DA:237,0
DA:238,0
DA:239,0
DA:240,0
DA:241,0
DA:242,0
DA:243,0
DA:244,0
DA:245,0
DA:246,0
DA:247,0
DA:248,0
DA:249,0
DA:250,0
DA:251,0
DA:252,0
DA:253,0
DA:254,0
DA:255,0
DA:256,0
DA:257,0
DA:258,0
DA:259,0
DA:260,0
DA:261,0
DA:262,0
DA:263,0
DA:264,0
DA:265,0
DA:266,0
DA:267,0
DA:268,0
DA:271,0
DA:272,0
DA:273,0
DA:274,0
DA:275,0
DA:276,0
DA:277,0
DA:278,0
DA:279,0
DA:280,0
DA:281,0
DA:282,0
DA:283,0
DA:284,0
DA:285,0
DA:286,0
DA:287,0
DA:288,0
DA:289,0
DA:290,0
DA:291,0
DA:292,0
DA:293,0
DA:294,0
DA:295,0
DA:296,0
DA:297,0
DA:298,0
DA:299,0
DA:300,0
DA:301,0
DA:302,0
DA:303,0
DA:304,0
DA:305,0
DA:306,0
DA:307,0
DA:308,0
DA:309,0
DA:310,0
DA:311,0
DA:312,0
DA:313,0
DA:314,0
DA:315,0
DA:317,0
DA:318,0
DA:319,0
DA:323,0
DA:324,0
DA:325,0
DA:326,0
DA:327,0
DA:328,0
DA:331,0
DA:332,0
DA:333,0
DA:337,0
DA:345,0
DA:362,9
DA:366,9
DA:370,9
DA:373,9
DA:375,9
DA:376,0
DA:379,9
DA:380,0
DA:383,9
DA:384,0
DA:387,9
DA:388,9
DA:389,9
DA:390,9
DA:393,33
DA:394,33
DA:397,9
DA:398,9
DA:400,9
DA:402,9
DA:403,9
DA:404,9
DA:405,9
DA:406,9
DA:407,9
DA:408,9
DA:409,9
DA:410,9
DA:411,9
DA:412,9
DA:415,0
DA:418,9
DA:419,9
DA:420,9
DA:421,9
DA:422,9
DA:423,9
DA:424,9
DA:426,9
DA:427,9
DA:428,9
DA:432,24
DA:434,24
DA:435,18
DA:436,18
DA:437,18
DA:440,24
DA:441,18
DA:442,18
DA:443,18
DA:446,24
DA:447,18
DA:448,18
DA:449,18
DA:452,24
DA:454,24
DA:455,24
DA:457,0
DA:458,0
DA:460,0
DA:461,0
DA:462,0
DA:467,0
DA:468,0
DA:469,0
DA:472,0
DA:473,0
DA:476,9
DA:477,9
DA:478,9
DA:479,9
DA:480,9
DA:481,9
DA:485,9
DA:493,9
DA:497,9
DA:498,9
DA:499,9
DA:500,9
DA:501,9
DA:502,9
DA:503,9
DA:504,9
DA:505,9
DA:506,9
DA:507,9
DA:509,9
DA:510,9
DA:513,9
DA:514,0
DA:517,9
DA:518,0
DA:519,0
DA:520,0
DA:523,9
DA:524,0
DA:525,0
DA:526,0
DA:529,9
DA:530,0
DA:532,0
DA:533,0
DA:534,0
DA:536,0
DA:537,0
DA:538,0
DA:539,0
DA:540,0
DA:542,0
DA:545,0
DA:546,0
DA:548,0
DA:549,0
DA:553,9
DA:554,0
DA:556,0
DA:557,0
DA:558,0
DA:561,0
DA:564,9
DA:570,0
DA:573,9
DA:574,9
DA:575,9
DA:577,9
DA:578,9
DA:580,0
DA:584,9
DA:585,9
DA:586,0
DA:589,9
DA:590,0
DA:593,9
DA:594,0
DA:597,9
DA:598,0
DA:601,9
DA:602,0
DA:605,9
DA:606,0
DA:609,9
DA:610,0
DA:614,9
DA:624,9
DA:625,63
DA:629,9
DA:630,9
DA:631,9
DA:636,9
DA:637,9
DA:638,9
DA:643,9
DA:644,9
DA:645,9
DA:650,6
DA:651,6
DA:654,9
DA:656,9
DA:657,0
DA:658,0
DA:659,0
DA:660,0
DA:661,0
DA:662,0
DA:663,0
DA:666,9
DA:690,9
DA:691,0
DA:692,0
DA:693,0
DA:694,0
DA:695,0
DA:696,0
DA:697,0
DA:698,0
DA:699,0
DA:702,9
DA:703,0
DA:706,9
DA:730,9
DA:732,9
DA:750,9
DA:759,0
DA:763,0
DA:764,0
DA:768,0
DA:772,0
DA:773,0
DA:777,0
DA:781,0
DA:782,0
DA:786,0
DA:790,0
DA:791,0
DA:795,0
DA:799,0
DA:800,0
DA:804,0
DA:808,0
DA:809,0
DA:813,0
DA:817,0
DA:818,0
DA:822,3
LF:429
LH:182
BRDA:85,0,0,9
BRDA:85,0,1,0
BRDA:96,1,0,0
BRDA:96,1,1,24
BRDA:96,2,0,24
BRDA:96,2,1,6
BRDA:101,3,0,0
BRDA:101,3,1,9
BRDA:317,4,0,0
BRDA:317,4,1,0
BRDA:323,5,0,0
BRDA:323,5,1,0
BRDA:323,6,0,0
BRDA:323,6,1,0
BRDA:324,7,0,0
BRDA:324,7,1,0
BRDA:324,8,0,0
BRDA:324,8,1,0
BRDA:325,9,0,0
BRDA:325,9,1,0
BRDA:325,10,0,0
BRDA:325,10,1,0
BRDA:326,11,0,0
BRDA:326,11,1,0
BRDA:326,12,0,0
BRDA:326,12,1,0
BRDA:327,13,0,0
BRDA:327,13,1,0
BRDA:327,14,0,0
BRDA:327,14,1,0
BRDA:328,15,0,0
BRDA:328,15,1,0
BRDA:328,16,0,0
BRDA:328,16,1,0
BRDA:331,17,0,0
BRDA:331,17,1,0
BRDA:375,18,0,0
BRDA:375,18,1,9
BRDA:379,19,0,0
BRDA:379,19,1,9
BRDA:383,20,0,0
BRDA:383,20,1,9
BRDA:393,21,0,0
BRDA:393,21,1,33
BRDA:393,22,0,33
BRDA:393,22,1,0
BRDA:426,23,0,9
BRDA:426,23,1,0
BRDA:434,24,0,18
BRDA:434,24,1,6
BRDA:434,25,0,24
BRDA:434,25,1,24
BRDA:440,26,0,18
BRDA:440,26,1,6
BRDA:440,27,0,24
BRDA:440,27,1,24
BRDA:446,28,0,18
BRDA:446,28,1,6
BRDA:446,29,0,24
BRDA:446,29,1,24
BRDA:454,30,0,24
BRDA:454,30,1,0
BRDA:454,31,0,24
BRDA:454,31,1,24
BRDA:460,32,0,0
BRDA:460,32,1,0
BRDA:467,33,0,0
BRDA:467,33,1,0
BRDA:477,34,0,9
BRDA:477,34,1,0
BRDA:478,35,0,9
BRDA:478,35,1,0
BRDA:497,36,0,9
BRDA:520,37,0,0
BRDA:520,37,1,0
BRDA:536,38,0,0
BRDA:536,38,1,0
BRDA:540,39,0,0
BRDA:540,39,1,0
BRDA:549,40,0,0
BRDA:549,40,1,0
BRDA:549,41,0,0
BRDA:549,41,1,0
BRDA:554,42,0,0
BRDA:554,42,1,0
BRDA:556,43,0,0
BRDA:556,43,1,0
BRDA:556,44,0,0
BRDA:556,44,1,0
BRDA:561,45,0,0
BRDA:561,45,1,0
BRDA:561,46,0,0
BRDA:561,46,1,0
BRDA:575,47,0,3
BRDA:575,47,1,6
BRDA:575,48,0,9
BRDA:575,48,1,6
BRDA:575,49,0,6
BRDA:575,49,1,0
BRDA:575,50,0,6
BRDA:575,50,1,3
BRDA:577,51,0,9
BRDA:577,51,1,0
BRDA:585,52,0,0
BRDA:585,52,1,9
BRDA:585,53,0,9
BRDA:585,53,1,0
BRDA:585,54,0,0
BRDA:585,54,1,0
BRDA:589,55,0,0
BRDA:589,55,1,9
BRDA:589,56,0,9
BRDA:589,56,1,0
BRDA:589,57,0,0
BRDA:589,57,1,0
BRDA:593,58,0,0
BRDA:593,58,1,9
BRDA:593,59,0,9
BRDA:593,59,1,0
BRDA:593,60,0,0
BRDA:593,60,1,0
BRDA:597,61,0,0
BRDA:597,61,1,9
BRDA:597,62,0,9
BRDA:597,62,1,0
BRDA:597,63,0,0
BRDA:597,63,1,0
BRDA:601,64,0,0
BRDA:601,64,1,9
BRDA:601,65,0,9
BRDA:601,65,1,0
BRDA:601,66,0,0
BRDA:601,66,1,0
BRDA:605,67,0,0
BRDA:605,67,1,9
BRDA:605,68,0,9
BRDA:605,68,1,0
BRDA:605,69,0,0
BRDA:605,69,1,0
BRDA:609,70,0,0
BRDA:609,70,1,9
BRDA:609,71,0,9
BRDA:609,71,1,0
BRDA:609,72,0,0
BRDA:609,72,1,0
BRDA:625,73,0,0
BRDA:625,73,1,63
BRDA:625,74,0,63
BRDA:625,74,1,0
BRDA:625,74,2,0
BRDA:629,75,0,9
BRDA:629,75,1,0
BRDA:636,76,0,9
BRDA:636,76,1,0
BRDA:643,77,0,9
BRDA:643,77,1,0
BRDA:657,78,0,0
BRDA:657,78,1,0
BRDA:658,79,0,0
BRDA:658,79,1,0
BRDA:659,80,0,0
BRDA:659,80,1,0
BRDA:660,81,0,0
BRDA:660,81,1,0
BRDA:661,82,0,0
BRDA:661,82,1,0
BRDA:662,83,0,0
BRDA:662,83,1,0
BRDA:663,84,0,0
BRDA:663,84,1,0
BRDA:691,85,0,0
BRDA:691,85,1,0
BRDA:692,86,0,0
BRDA:692,86,1,0
BRDA:693,87,0,0
BRDA:693,87,1,0
BRDA:694,88,0,0
BRDA:694,88,1,0
BRDA:695,89,0,0
BRDA:695,89,1,0
BRDA:696,90,0,0
BRDA:696,90,1,0
BRDA:697,91,0,0
BRDA:697,91,1,0
BRDA:698,92,0,0
BRDA:698,92,1,0
BRDA:699,93,0,0
BRDA:699,93,1,0
BRDA:702,94,0,0
BRDA:702,94,1,9
BRDA:702,95,0,9
BRDA:702,95,1,9
BRF:192
BRH:59
end_of_record
TN:
SF:src\js\server.js
FN:7,(anonymous_0)
FN:9,(anonymous_1)
FN:15,(anonymous_2)
FN:19,(anonymous_3)
FN:24,(anonymous_4)
FN:29,(anonymous_5)
FN:34,(anonymous_6)
FN:39,(anonymous_7)
FN:43,(anonymous_8)
FN:51,(anonymous_9)
FN:55,(anonymous_10)
FN:62,(anonymous_11)
FN:71,(anonymous_12)
FNF:13
FNH:7
FNDA:10,(anonymous_0)
FNDA:10,(anonymous_1)
FNDA:0,(anonymous_2)
FNDA:0,(anonymous_3)
FNDA:6,(anonymous_4)
FNDA:2,(anonymous_5)
FNDA:0,(anonymous_6)
FNDA:7,(anonymous_7)
FNDA:0,(anonymous_8)
FNDA:0,(anonymous_9)
FNDA:12,(anonymous_10)
FNDA:3,(anonymous_11)
FNDA:0,(anonymous_12)
DA:5,10
DA:7,10
DA:9,10
DA:10,10
DA:11,10
DA:14,10
DA:16,0
DA:17,0
DA:20,0
DA:21,0
DA:22,0
DA:25,6
DA:26,6
DA:27,6
DA:30,2
DA:31,2
DA:32,2
DA:35,0
DA:36,0
DA:37,0
DA:40,7
DA:41,7
DA:44,0
DA:45,0
DA:50,10
DA:52,0
DA:53,0
DA:56,12
DA:58,12
DA:59,12
DA:60,12
DA:63,3
DA:64,3
DA:65,3
DA:66,3
DA:67,3
DA:70,10
DA:72,0
DA:73,0
DA:74,0
DA:75,0
DA:78,10
LF:42
LH:26
BRDA:58,0,0,0
BRDA:58,0,1,12
BRDA:62,1,0,0
BRDA:63,2,0,0
BRDA:63,2,1,3
BRDA:64,3,0,0
BRDA:64,3,1,3
BRDA:72,4,0,0
BRDA:72,4,1,0
BRDA:74,5,0,0
BRDA:74,5,1,0
BRF:11
BRH:3
end_of_record
TN:
SF:src\js\util.js
FN:1,(anonymous_0)
FN:2,(anonymous_1)
FN:4,(anonymous_2)
FN:9,(anonymous_3)
FN:10,(anonymous_4)
FN:10,(anonymous_5)
FN:12,(anonymous_6)
FN:14,(anonymous_7)
FN:15,(anonymous_8)
FN:17,(anonymous_9)
FN:20,(anonymous_10)
FN:23,(anonymous_11)
FN:27,(anonymous_12)
FN:29,(anonymous_13)
FN:43,(anonymous_14)
FN:52,(anonymous_15)
FN:63,(anonymous_16)
FN:71,(anonymous_17)
FN:74,(anonymous_18)
FNF:19
FNH:2
FNDA:10,(anonymous_0)
FNDA:28,(anonymous_1)
FNDA:0,(anonymous_2)
FNDA:0,(anonymous_3)
FNDA:0,(anonymous_4)
FNDA:0,(anonymous_5)
FNDA:0,(anonymous_6)
FNDA:0,(anonymous_7)
FNDA:0,(anonymous_8)
FNDA:0,(anonymous_9)
FNDA:0,(anonymous_10)
FNDA:0,(anonymous_11)
FNDA:0,(anonymous_12)
FNDA:0,(anonymous_13)
FNDA:0,(anonymous_14)
FNDA:0,(anonymous_15)
FNDA:0,(anonymous_16)
FNDA:0,(anonymous_17)
FNDA:0,(anonymous_18)
DA:1,10
DA:2,10
DA:3,28
DA:4,28
DA:5,0
DA:7,28
DA:9,10
DA:10,0
DA:12,10
DA:13,0
DA:14,0
DA:15,0
DA:17,10
DA:18,0
DA:20,10
DA:21,0
DA:23,10
DA:24,0
DA:25,0
DA:27,10
DA:28,0
DA:29,0
DA:30,0
DA:38,0
DA:40,0
DA:43,10
DA:44,0
DA:46,0
DA:47,0
DA:49,0
DA:52,10
DA:53,0
DA:54,0
DA:55,0
DA:56,0
DA:57,0
DA:58,0
DA:60,0
DA:63,10
DA:64,0
DA:65,0
DA:67,0
DA:69,0
DA:71,10
DA:72,0
DA:74,10
DA:75,0
DA:78,10
LF:48
LH:17
BRDA:2,0,0,28
BRDA:13,1,0,0
BRDA:13,1,1,0
BRDA:30,2,0,0
BRDA:30,2,1,0
BRDA:31,3,0,0
BRDA:31,3,1,0
BRDA:39,4,0,0
BRDA:39,4,1,0
BRDA:39,4,2,0
BRDA:57,5,0,0
BRDA:57,5,1,0
BRDA:57,6,0,0
BRDA:57,6,1,0
BRDA:57,6,2,0
BRDA:75,7,0,0
BRDA:75,7,1,0
BRF:17
BRH:1
end_of_record
